Log file open, 04/21/21 22:42:04
LogInit: Display: Running engine for game: DrifterCW2
LogPlatformFile: Not using cached read wrapper
LogTaskGraph: Started task graph with 5 named threads and 47 total threads with 3 sets of task threads.
LogStats: Stats thread started at 0.200970
LogD3D11RHI: Loaded GFSDK_Aftermath_Lib.x64.dll
LogICUInternationalization: ICU TimeZone Detection - Raw Offset: +0:00, Platform Override: ''
LogPluginManager: Mounting plugin Paper2D
LogPluginManager: Mounting plugin AISupport
LogPluginManager: Mounting plugin LightPropagationVolume
LogPluginManager: Mounting plugin CameraShakePreviewer
LogPluginManager: Mounting plugin ActorLayerUtilities
LogPluginManager: Mounting plugin AnimationSharing
LogPluginManager: Mounting plugin CLionSourceCodeAccess
LogPluginManager: Mounting plugin CodeLiteSourceCodeAccess
LogPluginManager: Mounting plugin GitSourceControl
LogPluginManager: Mounting plugin KDevelopSourceCodeAccess
LogPluginManager: Mounting plugin NullSourceCodeAccess
LogPluginManager: Mounting plugin PerforceSourceControl
LogPluginManager: Mounting plugin PlasticSourceControl
LogPluginManager: Mounting plugin RiderSourceCodeAccess
LogPluginManager: Mounting plugin SubversionSourceControl
LogPluginManager: Mounting plugin UObjectPlugin
LogPluginManager: Mounting plugin VisualStudioCodeSourceCodeAccess
LogPluginManager: Mounting plugin VisualStudioSourceCodeAccess
LogPluginManager: Mounting plugin XCodeSourceCodeAccess
LogPluginManager: Mounting plugin AssetManagerEditor
LogPluginManager: Mounting plugin CryptoKeys
LogPluginManager: Mounting plugin CurveEditorTools
LogPluginManager: Mounting plugin DataValidation
LogPluginManager: Mounting plugin EditorScriptingUtilities
LogPluginManager: Mounting plugin FacialAnimation
LogPluginManager: Mounting plugin GameplayTagsEditor
LogPluginManager: Mounting plugin GeometryMode
LogPluginManager: Mounting plugin MacGraphicsSwitching
LogPluginManager: Mounting plugin MaterialAnalyzer
LogPluginManager: Mounting plugin MobileLauncherProfileWizard
LogPluginManager: Mounting plugin PluginBrowser
LogPluginManager: Mounting plugin SpeedTreeImporter
LogPluginManager: Mounting plugin DatasmithContent
LogPluginManager: Mounting plugin VariantManagerContent
LogPluginManager: Mounting plugin AlembicImporter
LogPluginManager: Mounting plugin AutomationUtils
LogPluginManager: Mounting plugin BackChannel
LogPluginManager: Mounting plugin ChaosCloth
LogPluginManager: Mounting plugin ChaosClothEditor
LogPluginManager: Mounting plugin ChaosEditor
LogPluginManager: Mounting plugin ChaosNiagara
LogPluginManager: Mounting plugin ChaosSolverPlugin
LogPluginManager: Mounting plugin CharacterAI
LogPluginManager: Mounting plugin GeometryCache
LogPluginManager: Mounting plugin GeometryCollectionPlugin
LogPluginManager: Mounting plugin GeometryProcessing
LogPluginManager: Mounting plugin PlanarCut
LogPluginManager: Mounting plugin PlatformCrypto
LogPluginManager: Mounting plugin ProxyLODPlugin
LogPluginManager: Mounting plugin SkeletalReduction
LogPluginManager: Mounting plugin Niagara
LogPluginManager: Mounting plugin MagicLeap
LogPluginManager: Mounting plugin MagicLeapLightEstimation
LogPluginManager: Mounting plugin MagicLeapMedia
LogPluginManager: Mounting plugin MagicLeapPassableWorld
LogPluginManager: Mounting plugin MLSDK
LogPluginManager: Mounting plugin AndroidMedia
LogPluginManager: Mounting plugin AvfMedia
LogPluginManager: Mounting plugin ImgMedia
LogPluginManager: Mounting plugin MediaCompositing
LogPluginManager: Mounting plugin MediaPlayerEditor
LogPluginManager: Mounting plugin WebMMedia
LogPluginManager: Mounting plugin WmfMedia
LogPluginManager: Mounting plugin MeshPainting
LogPluginManager: Mounting plugin TcpMessaging
LogPluginManager: Mounting plugin UdpMessaging
LogPluginManager: Mounting plugin ActorSequence
LogPluginManager: Mounting plugin LevelSequenceEditor
LogPluginManager: Mounting plugin MatineeToLevelSequence
LogPluginManager: Mounting plugin MovieRenderPipeline
LogPluginManager: Mounting plugin TemplateSequence
LogPluginManager: Mounting plugin NetcodeUnitTest
LogPluginManager: Mounting plugin NUTUnrealEngine4
LogPluginManager: Mounting plugin OnlineSubsystemGooglePlay
LogPluginManager: Mounting plugin OnlineSubsystemIOS
LogPluginManager: Mounting plugin OnlineSubsystem
LogPluginManager: Mounting plugin OnlineSubsystemNull
LogPluginManager: Mounting plugin OnlineSubsystemUtils
LogPluginManager: Mounting plugin OpenVRExpansionPlugin
LogPluginManager: Mounting plugin LauncherChunkInstaller
LogPluginManager: Mounting plugin AndroidDeviceProfileSelector
LogPluginManager: Mounting plugin AndroidMoviePlayer
LogPluginManager: Mounting plugin AndroidPermission
LogPluginManager: Mounting plugin AppleImageUtils
LogPluginManager: Mounting plugin AppleMoviePlayer
LogPluginManager: Mounting plugin ArchVisCharacter
LogPluginManager: Mounting plugin AssetTags
LogPluginManager: Mounting plugin AudioCapture
LogPluginManager: Mounting plugin CableComponent
LogPluginManager: Mounting plugin CustomMeshComponent
LogPluginManager: Mounting plugin EditableMesh
LogPluginManager: Mounting plugin ExampleDeviceProfileSelector
LogPluginManager: Mounting plugin GoogleCloudMessaging
LogPluginManager: Mounting plugin GooglePAD
LogPluginManager: Mounting plugin IOSDeviceProfileSelector
LogPluginManager: Mounting plugin LinuxDeviceProfileSelector
LogPluginManager: Mounting plugin LocationServicesBPLibrary
LogPluginManager: Mounting plugin MobilePatchingUtils
LogPluginManager: Mounting plugin OculusVR
LogPluginManager: Mounting plugin PhysXVehicles
LogPluginManager: Mounting plugin PostSplashScreen
LogPluginManager: Mounting plugin ProceduralMeshComponent
LogPluginManager: Mounting plugin RuntimePhysXCooking
LogPluginManager: Mounting plugin SignificanceManager
LogPluginManager: Mounting plugin SoundFields
LogPluginManager: Mounting plugin SteamVR
LogPluginManager: Mounting plugin Synthesis
LogPluginManager: Mounting plugin WebMMoviePlayer
LogPluginManager: Mounting plugin WindowsMoviePlayer
LogPluginManager: Mounting plugin ScreenshotTools
LogPluginManager: Mounting plugin VRExpansionPlugin
LogInit: Warning: Incompatible or missing module: DrifterCW2
Running C:/Engine/UE_4.25/Engine/Binaries/DotNET/UnrealBuildTool.exe Development Win64 -Project="C:/Users/gabri/Documents/GitHub/NNI-Project-2/DrifterCW2/DrifterCW2.uproject" -TargetType=Editor -Progress -NoEngineChanges -NoHotReloadFromIDE
Using 'git status' to determine working set for adaptive non-unity build (C:\Users\gabri\Documents\GitHub\NNI-Project-2).
Creating makefile for DrifterCW2Editor (no existing makefile)
@progress push 5%
Parsing headers for DrifterCW2Editor
  Running UnrealHeaderTool "C:\Users\gabri\Documents\GitHub\NNI-Project-2\DrifterCW2\DrifterCW2.uproject" "C:\Users\gabri\Documents\GitHub\NNI-Project-2\DrifterCW2\Intermediate\Build\Win64\DrifterCW2Editor\Development\DrifterCW2Editor.uhtmanifest" -LogCmds="loginit warning, logexit warning, logdatabase error" -Unattended -WarningsAsErrors -abslog="C:\Users\gabri\AppData\Local\UnrealBuildTool\Log_UHT.txt" -installed
Reflection code generated for DrifterCW2Editor in 6.0226333 seconds
@progress pop
Building DrifterCW2Editor...
Using Visual Studio 2019 14.28.29914 toolchain (C:\Program Files (x86)\Microsoft Visual Studio\2019\Professional\VC\Tools\MSVC\14.28.29910) and Windows 10.0.19041.0 SDK (C:\Program Files (x86)\Windows Kits\10).
Building 9 actions with 16 processes...
  @progress 'Compiling C++ source code...' 0%
  @progress 'Compiling C++ source code...' 11%
  [1/9] Default.rc2
  @progress 'Compiling C++ source code...' 22%
  [2/9] SharedPCH.Engine.ShadowErrors.cpp
  @progress 'Compiling C++ source code...' 33%
  [3/9] DrifterCW2.cpp
  @progress 'Compiling C++ source code...' 44%
  [4/9] DrifterCW2.init.gen.cpp
  @progress 'Compiling C++ source code...' 56%
  [5/9] TestPawn.cpp
  @progress 'Compiling C++ source code...' 67%
  [6/9] TestPawn.gen.cpp
  @progress 'Compiling C++ source code...' 78%
  [7/9] UE4Editor-DrifterCW2.lib
     Creating library C:\Users\gabri\Documents\GitHub\NNI-Project-2\DrifterCW2\Intermediate\Build\Win64\UE4Editor\Development\DrifterCW2\UE4Editor-DrifterCW2.lib and object C:\Users\gabri\Documents\GitHub\NNI-Project-2\DrifterCW2\Intermediate\Build\Win64\UE4Editor\Development\DrifterCW2\UE4Editor-DrifterCW2.exp
  @progress 'Compiling C++ source code...' 89%
  [8/9] UE4Editor-DrifterCW2.dll
     Creating library C:\Users\gabri\Documents\GitHub\NNI-Project-2\DrifterCW2\Intermediate\Build\Win64\UE4Editor\Development\DrifterCW2\UE4Editor-DrifterCW2.suppressed.lib and object C:\Users\gabri\Documents\GitHub\NNI-Project-2\DrifterCW2\Intermediate\Build\Win64\UE4Editor\Development\DrifterCW2\UE4Editor-DrifterCW2.suppressed.exp
  @progress 'Compiling C++ source code...' 100%
  [9/9] DrifterCW2Editor.target
Total time in Parallel executor: 19.48 seconds
Total execution time: 42.30 seconds
LogInit: Using libcurl 7.55.1-DEV
LogInit:  - built for x86_64-pc-win32
LogInit:  - supports SSL with OpenSSL/1.1.1
LogInit:  - supports HTTP deflate (compression) using libz 1.2.8
LogInit:  - other features:
LogInit:      CURL_VERSION_SSL
LogInit:      CURL_VERSION_LIBZ
LogInit:      CURL_VERSION_IPV6
LogInit:      CURL_VERSION_ASYNCHDNS
LogInit:      CURL_VERSION_LARGEFILE
LogInit:      CURL_VERSION_IDN
LogInit:  CurlRequestOptions (configurable via config and command line):
LogInit:  - bVerifyPeer = true  - Libcurl will verify peer certificate
LogInit:  - bUseHttpProxy = false  - Libcurl will NOT use HTTP proxy
LogInit:  - bDontReuseConnections = false  - Libcurl will reuse connections
LogInit:  - MaxHostConnections = 16  - Libcurl will limit the number of connections to a host
LogInit:  - LocalHostAddr = Default
LogInit:  - BufferSize = 65536
LogOnline: OSS: Creating online subsystem instance for: NULL
LogInit: WinSock: version 1.1 (2.2), MaxSocks=32767, MaxUdp=65467
LogOnline: OSS: TryLoadSubsystemAndSetDefault: Loaded subsystem for module [NULL]
LogOculusPluginWrapper: OculusPlugin initialized successfully
LogHMD: Failed initializing OVRPlugin 1.44.0
LogInit: Build: ++UE4+Release-4.25-CL-14469661
LogInit: Engine Version: 4.25.4-14469661+++UE4+Release-4.25
LogInit: Compatible Engine Version: 4.25.0-13144385+++UE4+Release-4.25
LogInit: Net CL: 13144385
LogInit: OS: Windows 10 (Release 2009) (), CPU: AMD Ryzen 7 3800X 8-Core Processor             , GPU: NVIDIA GeForce RTX 3070
LogInit: Compiled (64-bit): Oct 11 2020 08:10:49
LogInit: Compiled with Visual C++: 19.24.28315.00
LogInit: Build Configuration: Development
LogInit: Branch Name: ++UE4+Release-4.25
LogInit: Command Line: 
LogInit: Base Directory: C:/Engine/UE_4.25/Engine/Binaries/Win64/
LogInit: Allocator: TBB
LogInit: Installed Engine Build: 1
LogDevObjectVersion: Number of dev versions registered: 26
LogDevObjectVersion:   Dev-Blueprints (B0D832E4-1F89-4F0D-ACCF-7EB736FD4AA2): 10
LogDevObjectVersion:   Dev-Build (E1C64328-A22C-4D53-A36C-8E866417BD8C): 0
LogDevObjectVersion:   Dev-Core (375EC13C-06E4-48FB-B500-84F0262A717E): 4
LogDevObjectVersion:   Dev-Editor (E4B068ED-F494-42E9-A231-DA0B2E46BB41): 38
LogDevObjectVersion:   Dev-Framework (CFFC743F-43B0-4480-9391-14DF171D2073): 37
LogDevObjectVersion:   Dev-Mobile (B02B49B5-BB20-44E9-A304-32B752E40360): 2
LogDevObjectVersion:   Dev-Networking (A4E4105C-59A1-49B5-A7C5-40C4547EDFEE): 0
LogDevObjectVersion:   Dev-Online (39C831C9-5AE6-47DC-9A44-9C173E1C8E7C): 0
LogDevObjectVersion:   Dev-Physics (78F01B33-EBEA-4F98-B9B4-84EACCB95AA2): 4
LogDevObjectVersion:   Dev-Platform (6631380F-2D4D-43E0-8009-CF276956A95A): 0
LogDevObjectVersion:   Dev-Rendering (12F88B9F-8875-4AFC-A67C-D90C383ABD29): 43
LogDevObjectVersion:   Dev-Sequencer (7B5AE74C-D270-4C10-A958-57980B212A5A): 12
LogDevObjectVersion:   Dev-VR (D7296918-1DD6-4BDD-9DE2-64A83CC13884): 3
LogDevObjectVersion:   Dev-LoadTimes (C2A15278-BFE7-4AFE-6C17-90FF531DF755): 1
LogDevObjectVersion:   Private-Geometry (6EACA3D4-40EC-4CC1-B786-8BED09428FC5): 3
LogDevObjectVersion:   Dev-AnimPhys (29E575DD-E0A3-4627-9D10-D276232CDCEA): 17
LogDevObjectVersion:   Dev-Anim (AF43A65D-7FD3-4947-9873-3E8ED9C1BB05): 7
LogDevObjectVersion:   Dev-ReflectionCapture (6B266CEC-1EC7-4B8F-A30B-E4D90942FC07): 1
LogDevObjectVersion:   Dev-Automation (0DF73D61-A23F-47EA-B727-89E90C41499A): 1
LogDevObjectVersion:   FortniteMain (601D1886-AC64-4F84-AA16-D3DE0DEAC7D6): 31
LogDevObjectVersion:   Dev-Enterprise (9DFFBCD6-494F-0158-E221-12823C92A888): 10
LogDevObjectVersion:   Dev-Niagara (F2AED0AC-9AFE-416F-8664-AA7FFA26D6FC): 1
LogDevObjectVersion:   Dev-Destruction (174F1F0B-B4C6-45A5-B13F-2EE8D0FB917D): 10
LogDevObjectVersion:   Dev-Physics-Ext (35F94A83-E258-406C-A318-09F59610247C): 37
LogDevObjectVersion:   Dev-PhysicsMaterial-Chaos (B68FC16E-8B1B-42E2-B453-215C058844FE): 1
LogDevObjectVersion:   Dev-CineCamera (B2E18506-4273-CFC2-A54E-F4BB758BBA07): 1
LogInit: Presizing for max 25165824 objects, including 0 objects not considered by GC, pre-allocating 0 bytes for permanent pool.
LogConfig: Applying CVar settings from Section [/Script/Engine.StreamingSettings] File [C:/Users/gabri/Documents/GitHub/NNI-Project-2/DrifterCW2/Saved/Config/Windows/Engine.ini]
LogConfig: Setting CVar [[s.MinBulkDataSizeForAsyncLoading:131072]]
LogConfig: Setting CVar [[s.AsyncLoadingThreadEnabled:0]]
LogConfig: Setting CVar [[s.EventDrivenLoaderEnabled:1]]
LogConfig: Setting CVar [[s.WarnIfTimeLimitExceeded:0]]
LogConfig: Setting CVar [[s.TimeLimitExceededMultiplier:1.5]]
LogConfig: Setting CVar [[s.TimeLimitExceededMinTime:0.005]]
LogConfig: Setting CVar [[s.UseBackgroundLevelStreaming:1]]
LogConfig: Setting CVar [[s.PriorityAsyncLoadingExtraTime:15.0]]
LogConfig: Setting CVar [[s.LevelStreamingActorsUpdateTimeLimit:5.0]]
LogConfig: Setting CVar [[s.PriorityLevelStreamingActorsUpdateExtraTime:5.0]]
LogConfig: Setting CVar [[s.LevelStreamingComponentsRegistrationGranularity:10]]
LogConfig: Setting CVar [[s.UnregisterComponentsTimeLimit:1.0]]
LogConfig: Setting CVar [[s.LevelStreamingComponentsUnregistrationGranularity:5]]
LogConfig: Setting CVar [[s.FlushStreamingOnExit:1]]
LogInit: Object subsystem initialized
LogConfig: Setting CVar [[con.DebugEarlyDefault:1]]
LogConfig: Setting CVar [[r.setres:1280x720]]
[2021.04.21-21.42.49:798][  0]LogConfig: Setting CVar [[r.VSync:0]]
[2021.04.21-21.42.49:798][  0]LogConfig: Setting CVar [[r.RHICmdBypass:0]]
[2021.04.21-21.42.49:799][  0]LogConfig: Applying CVar settings from Section [/Script/Engine.RendererSettings] File [C:/Users/gabri/Documents/GitHub/NNI-Project-2/DrifterCW2/Saved/Config/Windows/Engine.ini]
[2021.04.21-21.42.49:799][  0]LogConfig: Setting CVar [[r.GPUCrashDebugging:0]]
[2021.04.21-21.42.49:799][  0]LogConfig: Setting CVar [[r.DefaultFeature.AmbientOcclusion:0]]
[2021.04.21-21.42.49:799][  0]LogConfig: Setting CVar [[r.DefaultFeature.AmbientOcclusionStaticFraction:0]]
[2021.04.21-21.42.49:799][  0]LogConfig: Setting CVar [[vr.InstancedStereo:1]]
[2021.04.21-21.42.49:799][  0]LogConfig: Setting CVar [[r.SeparateTranslucency:0]]
[2021.04.21-21.42.49:799][  0]LogConfig: Setting CVar [[r.HZBOcclusion:0]]
[2021.04.21-21.42.49:799][  0]LogConfig: Setting CVar [[r.SSR.MaxRoughness:0]]
[2021.04.21-21.42.49:799][  0]LogConfig: Setting CVar [[r.rhicmdbypass:0]]
[2021.04.21-21.42.49:799][  0]LogConfig: Applying CVar settings from Section [/Script/Engine.RendererOverrideSettings] File [C:/Users/gabri/Documents/GitHub/NNI-Project-2/DrifterCW2/Saved/Config/Windows/Engine.ini]
[2021.04.21-21.42.49:799][  0]LogConfig: Applying CVar settings from Section [/Script/Engine.StreamingSettings] File [C:/Users/gabri/Documents/GitHub/NNI-Project-2/DrifterCW2/Saved/Config/Windows/Engine.ini]
[2021.04.21-21.42.49:799][  0]LogConfig: Setting CVar [[s.MinBulkDataSizeForAsyncLoading:131072]]
[2021.04.21-21.42.49:799][  0]LogConfig: Setting CVar [[s.AsyncLoadingThreadEnabled:0]]
[2021.04.21-21.42.49:799][  0]LogConfig: Setting CVar [[s.EventDrivenLoaderEnabled:1]]
[2021.04.21-21.42.49:799][  0]LogConfig: Setting CVar [[s.WarnIfTimeLimitExceeded:0]]
[2021.04.21-21.42.49:799][  0]LogConfig: Setting CVar [[s.TimeLimitExceededMultiplier:1.5]]
[2021.04.21-21.42.49:799][  0]LogConfig: Setting CVar [[s.TimeLimitExceededMinTime:0.005]]
[2021.04.21-21.42.49:799][  0]LogConfig: Setting CVar [[s.UseBackgroundLevelStreaming:1]]
[2021.04.21-21.42.49:799][  0]LogConfig: Setting CVar [[s.PriorityAsyncLoadingExtraTime:15.0]]
[2021.04.21-21.42.49:799][  0]LogConfig: Setting CVar [[s.LevelStreamingActorsUpdateTimeLimit:5.0]]
[2021.04.21-21.42.49:799][  0]LogConfig: Setting CVar [[s.PriorityLevelStreamingActorsUpdateExtraTime:5.0]]
[2021.04.21-21.42.49:799][  0]LogConfig: Setting CVar [[s.LevelStreamingComponentsRegistrationGranularity:10]]
[2021.04.21-21.42.49:799][  0]LogConfig: Setting CVar [[s.UnregisterComponentsTimeLimit:1.0]]
[2021.04.21-21.42.49:799][  0]LogConfig: Setting CVar [[s.LevelStreamingComponentsUnregistrationGranularity:5]]
[2021.04.21-21.42.49:799][  0]LogConfig: Setting CVar [[s.FlushStreamingOnExit:1]]
[2021.04.21-21.42.49:799][  0]LogConfig: Applying CVar settings from Section [/Script/Engine.GarbageCollectionSettings] File [C:/Users/gabri/Documents/GitHub/NNI-Project-2/DrifterCW2/Saved/Config/Windows/Engine.ini]
[2021.04.21-21.42.49:799][  0]LogConfig: Setting CVar [[gc.MaxObjectsNotConsideredByGC:1]]
[2021.04.21-21.42.49:799][  0]LogConfig: Setting CVar [[gc.SizeOfPermanentObjectPool:0]]
[2021.04.21-21.42.49:799][  0]LogConfig: Setting CVar [[gc.FlushStreamingOnGC:0]]
[2021.04.21-21.42.49:799][  0]LogConfig: Setting CVar [[gc.NumRetriesBeforeForcingGC:10]]
[2021.04.21-21.42.49:799][  0]LogConfig: Setting CVar [[gc.AllowParallelGC:1]]
[2021.04.21-21.42.49:799][  0]LogConfig: Setting CVar [[gc.TimeBetweenPurgingPendingKillObjects:61.1]]
[2021.04.21-21.42.49:799][  0]LogConfig: Setting CVar [[gc.MaxObjectsInEditor:25165824]]
[2021.04.21-21.42.49:799][  0]LogConfig: Setting CVar [[gc.IncrementalBeginDestroyEnabled:1]]
[2021.04.21-21.42.49:799][  0]LogConfig: Setting CVar [[gc.CreateGCClusters:1]]
[2021.04.21-21.42.49:799][  0]LogConfig: Setting CVar [[gc.MinGCClusterSize:5]]
[2021.04.21-21.42.49:799][  0]LogConfig: Setting CVar [[gc.ActorClusteringEnabled:0]]
[2021.04.21-21.42.49:799][  0]LogConfig: Setting CVar [[gc.BlueprintClusteringEnabled:0]]
[2021.04.21-21.42.49:799][  0]LogConfig: Setting CVar [[gc.UseDisregardForGCOnDedicatedServers:0]]
[2021.04.21-21.42.49:799][  0]LogConfig: Applying CVar settings from Section [/Script/Engine.NetworkSettings] File [C:/Users/gabri/Documents/GitHub/NNI-Project-2/DrifterCW2/Saved/Config/Windows/Engine.ini]
[2021.04.21-21.42.49:799][  0]LogConfig: Applying CVar settings from Section [/Script/UnrealEd.CookerSettings] File [C:/Users/gabri/Documents/GitHub/NNI-Project-2/DrifterCW2/Saved/Config/Windows/Engine.ini]
[2021.04.21-21.42.49:805][  0]LogConfig: Applying CVar settings from Section [ViewDistanceQuality@3] File [C:/Users/gabri/Documents/GitHub/NNI-Project-2/DrifterCW2/Saved/Config/Windows/Scalability.ini]
[2021.04.21-21.42.49:805][  0]LogConfig: Setting CVar [[r.SkeletalMeshLODBias:0]]
[2021.04.21-21.42.49:805][  0]LogConfig: Setting CVar [[r.ViewDistanceScale:1.0]]
[2021.04.21-21.42.49:805][  0]LogConfig: Applying CVar settings from Section [AntiAliasingQuality@3] File [C:/Users/gabri/Documents/GitHub/NNI-Project-2/DrifterCW2/Saved/Config/Windows/Scalability.ini]
[2021.04.21-21.42.49:805][  0]LogConfig: Setting CVar [[r.PostProcessAAQuality:3]]
[2021.04.21-21.42.49:805][  0]LogConfig: Applying CVar settings from Section [ShadowQuality@3] File [C:/Users/gabri/Documents/GitHub/NNI-Project-2/DrifterCW2/Saved/Config/Windows/Scalability.ini]
[2021.04.21-21.42.49:805][  0]LogConfig: Setting CVar [[r.LightFunctionQuality:1]]
[2021.04.21-21.42.49:805][  0]LogConfig: Setting CVar [[r.ShadowQuality:5]]
[2021.04.21-21.42.49:805][  0]LogConfig: Setting CVar [[r.Shadow.CSM.MaxCascades:10]]
[2021.04.21-21.42.49:805][  0]LogConfig: Setting CVar [[r.Shadow.MaxResolution:2048]]
[2021.04.21-21.42.49:805][  0]LogConfig: Setting CVar [[r.Shadow.MaxCSMResolution:2048]]
[2021.04.21-21.42.49:805][  0]LogConfig: Setting CVar [[r.Shadow.RadiusThreshold:0.01]]
[2021.04.21-21.42.49:805][  0]LogConfig: Setting CVar [[r.Shadow.DistanceScale:1.0]]
[2021.04.21-21.42.49:805][  0]LogConfig: Setting CVar [[r.Shadow.CSM.TransitionScale:1.0]]
[2021.04.21-21.42.49:805][  0]LogConfig: Setting CVar [[r.Shadow.PreShadowResolutionFactor:1.0]]
[2021.04.21-21.42.49:805][  0]LogConfig: Setting CVar [[r.DistanceFieldShadowing:1]]
[2021.04.21-21.42.49:805][  0]LogConfig: Setting CVar [[r.DistanceFieldAO:1]]
[2021.04.21-21.42.49:805][  0]LogConfig: Setting CVar [[r.AOQuality:2]]
[2021.04.21-21.42.49:805][  0]LogConfig: Setting CVar [[r.VolumetricFog:1]]
[2021.04.21-21.42.49:805][  0]LogConfig: Setting CVar [[r.VolumetricFog.GridPixelSize:8]]
[2021.04.21-21.42.49:805][  0]LogConfig: Setting CVar [[r.VolumetricFog.GridSizeZ:128]]
[2021.04.21-21.42.49:805][  0]LogConfig: Setting CVar [[r.VolumetricFog.HistoryMissSupersampleCount:4]]
[2021.04.21-21.42.49:805][  0]LogConfig: Setting CVar [[r.LightMaxDrawDistanceScale:1]]
[2021.04.21-21.42.49:805][  0]LogConfig: Setting CVar [[r.CapsuleShadows:1]]
[2021.04.21-21.42.49:805][  0]LogConfig: Applying CVar settings from Section [PostProcessQuality@3] File [C:/Users/gabri/Documents/GitHub/NNI-Project-2/DrifterCW2/Saved/Config/Windows/Scalability.ini]
[2021.04.21-21.42.49:805][  0]LogConfig: Setting CVar [[r.MotionBlurQuality:0]]
[2021.04.21-21.42.49:805][  0]LogConfig: Setting CVar [[r.AmbientOcclusionMipLevelFactor:0.4]]
[2021.04.21-21.42.49:805][  0]LogConfig: Setting CVar [[r.AmbientOcclusionMaxQuality:100]]
[2021.04.21-21.42.49:805][  0]LogConfig: Setting CVar [[r.AmbientOcclusionLevels:0]]
[2021.04.21-21.42.49:805][  0]LogConfig: Setting CVar [[r.AmbientOcclusionRadiusScale:1.0]]
[2021.04.21-21.42.49:805][  0]LogConfig: Setting CVar [[r.DepthOfFieldQuality:0]]
[2021.04.21-21.42.49:805][  0]LogConfig: Setting CVar [[r.RenderTargetPoolMin:400]]
[2021.04.21-21.42.49:805][  0]LogConfig: Setting CVar [[r.LensFlareQuality:0]]
[2021.04.21-21.42.49:805][  0]LogConfig: Setting CVar [[r.SceneColorFringeQuality:0]]
[2021.04.21-21.42.49:805][  0]LogConfig: Setting CVar [[r.EyeAdaptationQuality:2]]
[2021.04.21-21.42.49:805][  0]LogConfig: Setting CVar [[r.BloomQuality:1]]
[2021.04.21-21.42.49:805][  0]LogConfig: Setting CVar [[r.FastBlurThreshold:0]]
[2021.04.21-21.42.49:805][  0]LogConfig: Setting CVar [[r.Upscale.Quality:3]]
[2021.04.21-21.42.49:805][  0]LogConfig: Setting CVar [[r.Tonemapper.GrainQuantization:1]]
[2021.04.21-21.42.49:805][  0]LogConfig: Setting CVar [[r.LightShaftQuality:1]]
[2021.04.21-21.42.49:805][  0]LogConfig: Setting CVar [[r.Filter.SizeScale:1]]
[2021.04.21-21.42.49:805][  0]LogConfig: Setting CVar [[r.Tonemapper.Quality:5]]
[2021.04.21-21.42.49:805][  0]LogConfig: Setting CVar [[r.DOF.Gather.AccumulatorQuality:1        ; higher gathering accumulator quality]]
[2021.04.21-21.42.49:805][  0]LogConfig: Setting CVar [[r.DOF.Gather.PostfilterMethod:1          ; Median3x3 postfilering method]]
[2021.04.21-21.42.49:805][  0]LogConfig: Setting CVar [[r.DOF.Gather.EnableBokehSettings:0       ; no bokeh simulation when gathering]]
[2021.04.21-21.42.49:805][  0]LogConfig: Setting CVar [[r.DOF.Gather.RingCount:4                 ; medium number of samples when gathering]]
[2021.04.21-21.42.49:806][  0]LogConfig: Setting CVar [[r.DOF.Scatter.ForegroundCompositing:1    ; additive foreground scattering]]
[2021.04.21-21.42.49:806][  0]LogConfig: Setting CVar [[r.DOF.Scatter.BackgroundCompositing:2    ; additive background scattering]]
[2021.04.21-21.42.49:806][  0]LogConfig: Setting CVar [[r.DOF.Scatter.EnableBokehSettings:1      ; bokeh simulation when scattering]]
[2021.04.21-21.42.49:806][  0]LogConfig: Setting CVar [[r.DOF.Scatter.MaxSpriteRatio:0.1         ; only a maximum of 10% of scattered bokeh]]
[2021.04.21-21.42.49:806][  0]LogConfig: Setting CVar [[r.DOF.Recombine.Quality:1                ; cheap slight out of focus]]
[2021.04.21-21.42.49:806][  0]LogConfig: Setting CVar [[r.DOF.Recombine.EnableBokehSettings:0    ; no bokeh simulation on slight out of focus]]
[2021.04.21-21.42.49:806][  0]LogConfig: Setting CVar [[r.DOF.TemporalAAQuality:1                ; more stable temporal accumulation]]
[2021.04.21-21.42.49:806][  0]LogConfig: Setting CVar [[r.DOF.Kernel.MaxForegroundRadius:0.025]]
[2021.04.21-21.42.49:806][  0]LogConfig: Setting CVar [[r.DOF.Kernel.MaxBackgroundRadius:0.025]]
[2021.04.21-21.42.49:806][  0]LogConfig: Applying CVar settings from Section [TextureQuality@3] File [C:/Users/gabri/Documents/GitHub/NNI-Project-2/DrifterCW2/Saved/Config/Windows/Scalability.ini]
[2021.04.21-21.42.49:806][  0]LogConfig: Setting CVar [[r.Streaming.MipBias:0]]
[2021.04.21-21.42.49:806][  0]LogConfig: Setting CVar [[r.Streaming.AmortizeCPUToGPUCopy:0]]
[2021.04.21-21.42.49:806][  0]LogConfig: Setting CVar [[r.Streaming.MaxNumTexturesToStreamPerFrame:0]]
[2021.04.21-21.42.49:806][  0]LogConfig: Setting CVar [[r.Streaming.Boost:1]]
[2021.04.21-21.42.49:806][  0]LogConfig: Setting CVar [[r.MaxAnisotropy:8]]
[2021.04.21-21.42.49:806][  0]LogConfig: Setting CVar [[r.VT.MaxAnisotropy:8]]
[2021.04.21-21.42.49:806][  0]LogConfig: Setting CVar [[r.Streaming.LimitPoolSizeToVRAM:0]]
[2021.04.21-21.42.49:806][  0]LogConfig: Setting CVar [[r.Streaming.PoolSize:1000]]
[2021.04.21-21.42.49:806][  0]LogConfig: Setting CVar [[r.Streaming.MaxEffectiveScreenSize:0]]
[2021.04.21-21.42.49:806][  0]LogConfig: Applying CVar settings from Section [EffectsQuality@3] File [C:/Users/gabri/Documents/GitHub/NNI-Project-2/DrifterCW2/Saved/Config/Windows/Scalability.ini]
[2021.04.21-21.42.49:806][  0]LogConfig: Setting CVar [[r.TranslucencyLightingVolumeDim:4]]
[2021.04.21-21.42.49:806][  0]LogConfig: Setting CVar [[r.RefractionQuality:2]]
[2021.04.21-21.42.49:806][  0]LogConfig: Setting CVar [[r.SSR.Quality:0]]
[2021.04.21-21.42.49:806][  0]LogConfig: Setting CVar [[r.SSR.HalfResSceneColor:0]]
[2021.04.21-21.42.49:806][  0]LogConfig: Setting CVar [[r.SceneColorFormat:2]]
[2021.04.21-21.42.49:806][  0]LogConfig: Setting CVar [[r.DetailMode:2]]
[2021.04.21-21.42.49:806][  0]LogConfig: Setting CVar [[r.TranslucencyVolumeBlur:0]]
[2021.04.21-21.42.49:806][  0]LogConfig: Setting CVar [[r.MaterialQualityLevel:1 ; High quality]]
[2021.04.21-21.42.49:806][  0]LogConfig: Setting CVar [[r.SSS.Scale:1]]
[2021.04.21-21.42.49:806][  0]LogConfig: Setting CVar [[r.SSS.SampleSet:2]]
[2021.04.21-21.42.49:806][  0]LogConfig: Setting CVar [[r.SSS.Quality:1]]
[2021.04.21-21.42.49:806][  0]LogConfig: Setting CVar [[r.SSS.HalfRes:0]]
[2021.04.21-21.42.49:806][  0]LogConfig: Setting CVar [[r.SSGI.Quality:3]]
[2021.04.21-21.42.49:806][  0]LogConfig: Setting CVar [[r.EmitterSpawnRateScale:1.0]]
[2021.04.21-21.42.49:806][  0]LogConfig: Setting CVar [[r.ParticleLightQuality:2]]
[2021.04.21-21.42.49:806][  0]LogConfig: Setting CVar [[r.SkyAtmosphere.AerialPerspectiveLUT.FastApplyOnOpaque:1 ; Always have FastSkyLUT 1 in this case to avoid wrong sky]]
[2021.04.21-21.42.49:806][  0]LogConfig: Setting CVar [[r.SkyAtmosphere.AerialPerspectiveLUT.SampleCountPerSlice:1]]
[2021.04.21-21.42.49:806][  0]LogConfig: Setting CVar [[r.SkyAtmosphere.AerialPerspectiveLUT.DepthResolution:16.0]]
[2021.04.21-21.42.49:806][  0]LogConfig: Setting CVar [[r.SkyAtmosphere.FastSkyLUT:1]]
[2021.04.21-21.42.49:806][  0]LogConfig: Setting CVar [[r.SkyAtmosphere.FastSkyLUT.SampleCountMin:4.0]]
[2021.04.21-21.42.49:806][  0]LogConfig: Setting CVar [[r.SkyAtmosphere.FastSkyLUT.SampleCountMax:32.0]]
[2021.04.21-21.42.49:806][  0]LogConfig: Setting CVar [[r.SkyAtmosphere.SampleCountMin:4.0]]
[2021.04.21-21.42.49:806][  0]LogConfig: Setting CVar [[r.SkyAtmosphere.SampleCountMax:32.0]]
[2021.04.21-21.42.49:806][  0]LogConfig: Setting CVar [[r.SkyAtmosphere.TransmittanceLUT.UseSmallFormat:0]]
[2021.04.21-21.42.49:806][  0]LogConfig: Setting CVar [[r.SkyAtmosphere.TransmittanceLUT.SampleCount:10.0]]
[2021.04.21-21.42.49:806][  0]LogConfig: Setting CVar [[r.SkyAtmosphere.MultiScatteringLUT.SampleCount:15.0]]
[2021.04.21-21.42.49:806][  0]LogConfig: Applying CVar settings from Section [FoliageQuality@3] File [C:/Users/gabri/Documents/GitHub/NNI-Project-2/DrifterCW2/Saved/Config/Windows/Scalability.ini]
[2021.04.21-21.42.49:806][  0]LogConfig: Setting CVar [[foliage.DensityScale:1.0]]
[2021.04.21-21.42.49:806][  0]LogConfig: Setting CVar [[grass.DensityScale:1.0]]
[2021.04.21-21.42.49:806][  0]LogConfig: Applying CVar settings from Section [ShadingQuality@3] File [C:/Users/gabri/Documents/GitHub/NNI-Project-2/DrifterCW2/Saved/Config/Windows/Scalability.ini]
[2021.04.21-21.42.49:806][  0]LogConfig: Setting CVar [[r.HairStrands.SkyLighting.SampleCount:16]]
[2021.04.21-21.42.49:806][  0]LogConfig: Setting CVar [[r.HairStrands.SkyLighting.JitterIntegration:0]]
[2021.04.21-21.42.49:806][  0]LogConfig: Setting CVar [[r.HairStrands.SkyAO.SampleCount:16]]
[2021.04.21-21.42.49:806][  0]LogConfig: Setting CVar [[r.HairStrands.DeepShadow.SuperSampling:0]]
[2021.04.21-21.42.49:806][  0]LogConfig: Setting CVar [[r.HairStrands.VisibilityPPLL:0]]
[2021.04.21-21.42.49:806][  0]LogConfig: Setting CVar [[r.HairStrands.RasterizationScale:0.5]]
[2021.04.21-21.42.49:806][  0]LogConfig: Setting CVar [[r.HairStrands.VelocityRasterizationScale:1]]
[2021.04.21-21.42.49:806][  0]LogInit: Selected Device Profile: [Windows]
[2021.04.21-21.42.49:806][  0]LogInit: Applying CVar settings loaded from the selected device profile: [Windows]
[2021.04.21-21.42.49:806][  0]LogHAL: Display: Platform has ~ 16 GB [17087528960 / 17179869184 / 16], which maps to Larger [LargestMinGB=32, LargerMinGB=12, DefaultMinGB=8, SmallerMinGB=6, SmallestMinGB=0)
[2021.04.21-21.42.49:807][  0]LogInit: Going up to parent DeviceProfile []
[2021.04.21-21.42.49:807][  0]LogConfig: Applying CVar settings from Section [ViewDistanceQuality@3] File [C:/Users/gabri/Documents/GitHub/NNI-Project-2/DrifterCW2/Saved/Config/Windows/Scalability.ini]
[2021.04.21-21.42.49:807][  0]LogConfig: Setting CVar [[r.SkeletalMeshLODBias:0]]
[2021.04.21-21.42.49:807][  0]LogConfig: Setting CVar [[r.ViewDistanceScale:1.0]]
[2021.04.21-21.42.49:807][  0]LogConfig: Applying CVar settings from Section [AntiAliasingQuality@3] File [C:/Users/gabri/Documents/GitHub/NNI-Project-2/DrifterCW2/Saved/Config/Windows/Scalability.ini]
[2021.04.21-21.42.49:807][  0]LogConfig: Setting CVar [[r.PostProcessAAQuality:3]]
[2021.04.21-21.42.49:807][  0]LogConfig: Applying CVar settings from Section [ShadowQuality@3] File [C:/Users/gabri/Documents/GitHub/NNI-Project-2/DrifterCW2/Saved/Config/Windows/Scalability.ini]
[2021.04.21-21.42.49:807][  0]LogConfig: Setting CVar [[r.LightFunctionQuality:1]]
[2021.04.21-21.42.49:807][  0]LogConfig: Setting CVar [[r.ShadowQuality:5]]
[2021.04.21-21.42.49:807][  0]LogConfig: Setting CVar [[r.Shadow.CSM.MaxCascades:10]]
[2021.04.21-21.42.49:807][  0]LogConfig: Setting CVar [[r.Shadow.MaxResolution:2048]]
[2021.04.21-21.42.49:807][  0]LogConfig: Setting CVar [[r.Shadow.MaxCSMResolution:2048]]
[2021.04.21-21.42.49:807][  0]LogConfig: Setting CVar [[r.Shadow.RadiusThreshold:0.01]]
[2021.04.21-21.42.49:807][  0]LogConfig: Setting CVar [[r.Shadow.DistanceScale:1.0]]
[2021.04.21-21.42.49:807][  0]LogConfig: Setting CVar [[r.Shadow.CSM.TransitionScale:1.0]]
[2021.04.21-21.42.49:807][  0]LogConfig: Setting CVar [[r.Shadow.PreShadowResolutionFactor:1.0]]
[2021.04.21-21.42.49:807][  0]LogConfig: Setting CVar [[r.DistanceFieldShadowing:1]]
[2021.04.21-21.42.49:807][  0]LogConfig: Setting CVar [[r.DistanceFieldAO:1]]
[2021.04.21-21.42.49:807][  0]LogConfig: Setting CVar [[r.AOQuality:2]]
[2021.04.21-21.42.49:807][  0]LogConfig: Setting CVar [[r.VolumetricFog:1]]
[2021.04.21-21.42.49:807][  0]LogConfig: Setting CVar [[r.VolumetricFog.GridPixelSize:8]]
[2021.04.21-21.42.49:807][  0]LogConfig: Setting CVar [[r.VolumetricFog.GridSizeZ:128]]
[2021.04.21-21.42.49:807][  0]LogConfig: Setting CVar [[r.VolumetricFog.HistoryMissSupersampleCount:4]]
[2021.04.21-21.42.49:807][  0]LogConfig: Setting CVar [[r.LightMaxDrawDistanceScale:1]]
[2021.04.21-21.42.49:807][  0]LogConfig: Setting CVar [[r.CapsuleShadows:1]]
[2021.04.21-21.42.49:807][  0]LogConfig: Applying CVar settings from Section [PostProcessQuality@3] File [C:/Users/gabri/Documents/GitHub/NNI-Project-2/DrifterCW2/Saved/Config/Windows/Scalability.ini]
[2021.04.21-21.42.49:807][  0]LogConfig: Setting CVar [[r.MotionBlurQuality:0]]
[2021.04.21-21.42.49:807][  0]LogConfig: Setting CVar [[r.AmbientOcclusionMipLevelFactor:0.4]]
[2021.04.21-21.42.49:807][  0]LogConfig: Setting CVar [[r.AmbientOcclusionMaxQuality:100]]
[2021.04.21-21.42.49:807][  0]LogConfig: Setting CVar [[r.AmbientOcclusionLevels:0]]
[2021.04.21-21.42.49:807][  0]LogConfig: Setting CVar [[r.AmbientOcclusionRadiusScale:1.0]]
[2021.04.21-21.42.49:807][  0]LogConfig: Setting CVar [[r.DepthOfFieldQuality:0]]
[2021.04.21-21.42.49:807][  0]LogConfig: Setting CVar [[r.RenderTargetPoolMin:400]]
[2021.04.21-21.42.49:807][  0]LogConfig: Setting CVar [[r.LensFlareQuality:0]]
[2021.04.21-21.42.49:807][  0]LogConfig: Setting CVar [[r.SceneColorFringeQuality:0]]
[2021.04.21-21.42.49:807][  0]LogConfig: Setting CVar [[r.EyeAdaptationQuality:2]]
[2021.04.21-21.42.49:807][  0]LogConfig: Setting CVar [[r.BloomQuality:1]]
[2021.04.21-21.42.49:807][  0]LogConfig: Setting CVar [[r.FastBlurThreshold:0]]
[2021.04.21-21.42.49:807][  0]LogConfig: Setting CVar [[r.Upscale.Quality:3]]
[2021.04.21-21.42.49:807][  0]LogConfig: Setting CVar [[r.Tonemapper.GrainQuantization:1]]
[2021.04.21-21.42.49:807][  0]LogConfig: Setting CVar [[r.LightShaftQuality:1]]
[2021.04.21-21.42.49:807][  0]LogConfig: Setting CVar [[r.Filter.SizeScale:1]]
[2021.04.21-21.42.49:807][  0]LogConfig: Setting CVar [[r.Tonemapper.Quality:5]]
[2021.04.21-21.42.49:807][  0]LogConfig: Setting CVar [[r.DOF.Gather.AccumulatorQuality:1        ; higher gathering accumulator quality]]
[2021.04.21-21.42.49:807][  0]LogConfig: Setting CVar [[r.DOF.Gather.PostfilterMethod:1          ; Median3x3 postfilering method]]
[2021.04.21-21.42.49:807][  0]LogConfig: Setting CVar [[r.DOF.Gather.EnableBokehSettings:0       ; no bokeh simulation when gathering]]
[2021.04.21-21.42.49:807][  0]LogConfig: Setting CVar [[r.DOF.Gather.RingCount:4                 ; medium number of samples when gathering]]
[2021.04.21-21.42.49:807][  0]LogConfig: Setting CVar [[r.DOF.Scatter.ForegroundCompositing:1    ; additive foreground scattering]]
[2021.04.21-21.42.49:807][  0]LogConfig: Setting CVar [[r.DOF.Scatter.BackgroundCompositing:2    ; additive background scattering]]
[2021.04.21-21.42.49:807][  0]LogConfig: Setting CVar [[r.DOF.Scatter.EnableBokehSettings:1      ; bokeh simulation when scattering]]
[2021.04.21-21.42.49:807][  0]LogConfig: Setting CVar [[r.DOF.Scatter.MaxSpriteRatio:0.1         ; only a maximum of 10% of scattered bokeh]]
[2021.04.21-21.42.49:807][  0]LogConfig: Setting CVar [[r.DOF.Recombine.Quality:1                ; cheap slight out of focus]]
[2021.04.21-21.42.49:807][  0]LogConfig: Setting CVar [[r.DOF.Recombine.EnableBokehSettings:0    ; no bokeh simulation on slight out of focus]]
[2021.04.21-21.42.49:807][  0]LogConfig: Setting CVar [[r.DOF.TemporalAAQuality:1                ; more stable temporal accumulation]]
[2021.04.21-21.42.49:807][  0]LogConfig: Setting CVar [[r.DOF.Kernel.MaxForegroundRadius:0.025]]
[2021.04.21-21.42.49:807][  0]LogConfig: Setting CVar [[r.DOF.Kernel.MaxBackgroundRadius:0.025]]
[2021.04.21-21.42.49:807][  0]LogConfig: Applying CVar settings from Section [TextureQuality@3] File [C:/Users/gabri/Documents/GitHub/NNI-Project-2/DrifterCW2/Saved/Config/Windows/Scalability.ini]
[2021.04.21-21.42.49:807][  0]LogConfig: Setting CVar [[r.Streaming.MipBias:0]]
[2021.04.21-21.42.49:807][  0]LogConfig: Setting CVar [[r.Streaming.AmortizeCPUToGPUCopy:0]]
[2021.04.21-21.42.49:807][  0]LogConfig: Setting CVar [[r.Streaming.MaxNumTexturesToStreamPerFrame:0]]
[2021.04.21-21.42.49:807][  0]LogConfig: Setting CVar [[r.Streaming.Boost:1]]
[2021.04.21-21.42.49:807][  0]LogConfig: Setting CVar [[r.MaxAnisotropy:8]]
[2021.04.21-21.42.49:807][  0]LogConfig: Setting CVar [[r.VT.MaxAnisotropy:8]]
[2021.04.21-21.42.49:807][  0]LogConfig: Setting CVar [[r.Streaming.LimitPoolSizeToVRAM:0]]
[2021.04.21-21.42.49:807][  0]LogConfig: Setting CVar [[r.Streaming.PoolSize:1000]]
[2021.04.21-21.42.49:807][  0]LogConfig: Setting CVar [[r.Streaming.MaxEffectiveScreenSize:0]]
[2021.04.21-21.42.49:807][  0]LogConfig: Applying CVar settings from Section [EffectsQuality@3] File [C:/Users/gabri/Documents/GitHub/NNI-Project-2/DrifterCW2/Saved/Config/Windows/Scalability.ini]
[2021.04.21-21.42.49:807][  0]LogConfig: Setting CVar [[r.TranslucencyLightingVolumeDim:4]]
[2021.04.21-21.42.49:807][  0]LogConfig: Setting CVar [[r.RefractionQuality:2]]
[2021.04.21-21.42.49:807][  0]LogConfig: Setting CVar [[r.SSR.Quality:0]]
[2021.04.21-21.42.49:807][  0]LogConfig: Setting CVar [[r.SSR.HalfResSceneColor:0]]
[2021.04.21-21.42.49:807][  0]LogConfig: Setting CVar [[r.SceneColorFormat:2]]
[2021.04.21-21.42.49:807][  0]LogConfig: Setting CVar [[r.DetailMode:2]]
[2021.04.21-21.42.49:807][  0]LogConfig: Setting CVar [[r.TranslucencyVolumeBlur:0]]
[2021.04.21-21.42.49:807][  0]LogConfig: Setting CVar [[r.MaterialQualityLevel:1 ; High quality]]
[2021.04.21-21.42.49:807][  0]LogConfig: Setting CVar [[r.SSS.Scale:1]]
[2021.04.21-21.42.49:807][  0]LogConfig: Setting CVar [[r.SSS.SampleSet:2]]
[2021.04.21-21.42.49:807][  0]LogConfig: Setting CVar [[r.SSS.Quality:1]]
[2021.04.21-21.42.49:808][  0]LogConfig: Setting CVar [[r.SSS.HalfRes:0]]
[2021.04.21-21.42.49:808][  0]LogConfig: Setting CVar [[r.SSGI.Quality:3]]
[2021.04.21-21.42.49:808][  0]LogConfig: Setting CVar [[r.EmitterSpawnRateScale:1.0]]
[2021.04.21-21.42.49:808][  0]LogConfig: Setting CVar [[r.ParticleLightQuality:2]]
[2021.04.21-21.42.49:808][  0]LogConfig: Setting CVar [[r.SkyAtmosphere.AerialPerspectiveLUT.FastApplyOnOpaque:1 ; Always have FastSkyLUT 1 in this case to avoid wrong sky]]
[2021.04.21-21.42.49:808][  0]LogConfig: Setting CVar [[r.SkyAtmosphere.AerialPerspectiveLUT.SampleCountPerSlice:1]]
[2021.04.21-21.42.49:808][  0]LogConfig: Setting CVar [[r.SkyAtmosphere.AerialPerspectiveLUT.DepthResolution:16.0]]
[2021.04.21-21.42.49:808][  0]LogConfig: Setting CVar [[r.SkyAtmosphere.FastSkyLUT:1]]
[2021.04.21-21.42.49:808][  0]LogConfig: Setting CVar [[r.SkyAtmosphere.FastSkyLUT.SampleCountMin:4.0]]
[2021.04.21-21.42.49:808][  0]LogConfig: Setting CVar [[r.SkyAtmosphere.FastSkyLUT.SampleCountMax:32.0]]
[2021.04.21-21.42.49:808][  0]LogConfig: Setting CVar [[r.SkyAtmosphere.SampleCountMin:4.0]]
[2021.04.21-21.42.49:808][  0]LogConfig: Setting CVar [[r.SkyAtmosphere.SampleCountMax:32.0]]
[2021.04.21-21.42.49:808][  0]LogConfig: Setting CVar [[r.SkyAtmosphere.TransmittanceLUT.UseSmallFormat:0]]
[2021.04.21-21.42.49:808][  0]LogConfig: Setting CVar [[r.SkyAtmosphere.TransmittanceLUT.SampleCount:10.0]]
[2021.04.21-21.42.49:808][  0]LogConfig: Setting CVar [[r.SkyAtmosphere.MultiScatteringLUT.SampleCount:15.0]]
[2021.04.21-21.42.49:808][  0]LogConfig: Applying CVar settings from Section [FoliageQuality@3] File [C:/Users/gabri/Documents/GitHub/NNI-Project-2/DrifterCW2/Saved/Config/Windows/Scalability.ini]
[2021.04.21-21.42.49:808][  0]LogConfig: Setting CVar [[foliage.DensityScale:1.0]]
[2021.04.21-21.42.49:808][  0]LogConfig: Setting CVar [[grass.DensityScale:1.0]]
[2021.04.21-21.42.49:808][  0]LogConfig: Applying CVar settings from Section [ShadingQuality@3] File [C:/Users/gabri/Documents/GitHub/NNI-Project-2/DrifterCW2/Saved/Config/Windows/Scalability.ini]
[2021.04.21-21.42.49:808][  0]LogConfig: Setting CVar [[r.HairStrands.SkyLighting.SampleCount:16]]
[2021.04.21-21.42.49:808][  0]LogConfig: Setting CVar [[r.HairStrands.SkyLighting.JitterIntegration:0]]
[2021.04.21-21.42.49:808][  0]LogConfig: Setting CVar [[r.HairStrands.SkyAO.SampleCount:16]]
[2021.04.21-21.42.49:808][  0]LogConfig: Setting CVar [[r.HairStrands.DeepShadow.SuperSampling:0]]
[2021.04.21-21.42.49:808][  0]LogConfig: Setting CVar [[r.HairStrands.VisibilityPPLL:0]]
[2021.04.21-21.42.49:808][  0]LogConfig: Setting CVar [[r.HairStrands.RasterizationScale:0.5]]
[2021.04.21-21.42.49:808][  0]LogConfig: Setting CVar [[r.HairStrands.VelocityRasterizationScale:1]]
[2021.04.21-21.42.49:808][  0]LogConfig: Applying CVar settings from Section [Startup] File [../../../Engine/Config/ConsoleVariables.ini]
[2021.04.21-21.42.49:808][  0]LogConfig: Setting CVar [[net.UseAdaptiveNetUpdateFrequency:0]]
[2021.04.21-21.42.49:808][  0]LogConfig: Setting CVar [[p.chaos.AllowCreatePhysxBodies:1]]
[2021.04.21-21.42.49:808][  0]LogConfig: Setting CVar [[fx.SkipVectorVMBackendOptimizations:1]]
[2021.04.21-21.42.49:808][  0]LogConfig: Applying CVar settings from Section [ConsoleVariables] File [C:/Users/gabri/Documents/GitHub/NNI-Project-2/DrifterCW2/Saved/Config/Windows/Engine.ini]
[2021.04.21-21.42.49:809][  0]LogInit: Computer: DESKTOP-ES58TLI
[2021.04.21-21.42.49:809][  0]LogInit: User: gabri
[2021.04.21-21.42.49:809][  0]LogInit: CPU Page size=4096, Cores=8
[2021.04.21-21.42.49:809][  0]LogInit: High frequency timer resolution =10.000000 MHz
[2021.04.21-21.42.49:809][  0]LogMemory: Memory total: Physical=15.9GB (16GB approx)
[2021.04.21-21.42.49:809][  0]LogMemory: Platform Memory Stats for Windows
[2021.04.21-21.42.49:809][  0]LogMemory: Process Physical Memory: 122.93 MB used, 122.94 MB peak
[2021.04.21-21.42.49:809][  0]LogMemory: Process Virtual Memory: 101.95 MB used, 101.95 MB peak
[2021.04.21-21.42.49:809][  0]LogMemory: Physical Memory: 5629.72 MB used,  10666.21 MB free, 16295.94 MB total
[2021.04.21-21.42.49:809][  0]LogMemory: Virtual Memory: 5265.74 MB used,  134212464.00 MB free, 134217728.00 MB total
[2021.04.21-21.42.49:817][  0]LogWindows: WindowsPlatformFeatures enabled
[2021.04.21-21.42.50:136][  0]LogInit: Physics initialised using underlying interface: PhysX
[2021.04.21-21.42.50:138][  0]LogInit: Using OS detected language (en-GB).
[2021.04.21-21.42.50:138][  0]LogInit: Using OS detected locale (en-GB).
[2021.04.21-21.42.50:154][  0]LogTextLocalizationManager: No specific localization for 'en-GB' exists, so the 'en' localization will be used.
[2021.04.21-21.42.50:401][  0]LogInit: Setting process to per monitor DPI aware
[2021.04.21-21.42.50:484][  0]LogSlate: New Slate User Created.  User Index 0, Is Virtual User: 0
[2021.04.21-21.42.50:484][  0]LogSlate: Slate User Registered.  User Index 0, Is Virtual User: 0
[2021.04.21-21.42.52:623][  0]LogHMD: Failed to initialize OpenVR with code 101
[2021.04.21-21.42.52:623][  0]LogD3D11RHI: D3D11 min allowed feature level: 11_0
[2021.04.21-21.42.52:623][  0]LogD3D11RHI: D3D11 max allowed feature level: 11_0
[2021.04.21-21.42.52:623][  0]LogD3D11RHI: D3D11 adapters:
[2021.04.21-21.42.52:728][  0]LogD3D11RHI:    0. 'NVIDIA GeForce RTX 3070' (Feature Level 11_0)
[2021.04.21-21.42.52:728][  0]LogD3D11RHI:       8043/0/8147 MB DedicatedVideo/DedicatedSystem/SharedSystem, Outputs:2, VendorId:0x10de
[2021.04.21-21.42.52:731][  0]LogD3D11RHI:    1. 'Microsoft Basic Render Driver' (Feature Level 11_0)
[2021.04.21-21.42.52:731][  0]LogD3D11RHI:       0/0/8147 MB DedicatedVideo/DedicatedSystem/SharedSystem, Outputs:0, VendorId:0x1414
[2021.04.21-21.42.52:731][  0]LogD3D11RHI: Chosen D3D11 Adapter: 0
[2021.04.21-21.42.52:736][  0]LogD3D11RHI: Creating new Direct3DDevice
[2021.04.21-21.42.52:736][  0]LogD3D11RHI:     GPU DeviceId: 0x2484 (for the marketing name, search the web for "GPU Device Id")
[2021.04.21-21.42.52:736][  0]LogWindows: EnumDisplayDevices:
[2021.04.21-21.42.52:737][  0]LogWindows:    0. 'NVIDIA GeForce RTX 3070' (P:1 D:1)
[2021.04.21-21.42.52:738][  0]LogWindows:    1. 'NVIDIA GeForce RTX 3070' (P:0 D:1)
[2021.04.21-21.42.52:738][  0]LogWindows:    2. 'NVIDIA GeForce RTX 3070' (P:0 D:0)
[2021.04.21-21.42.52:739][  0]LogWindows:    3. 'NVIDIA GeForce RTX 3070' (P:0 D:0)
[2021.04.21-21.42.52:739][  0]LogWindows: DebugString: FoundDriverCount:4 
[2021.04.21-21.42.52:739][  0]LogD3D11RHI:     Adapter Name: NVIDIA GeForce RTX 3070
[2021.04.21-21.42.52:739][  0]LogD3D11RHI:   Driver Version: 461.40 (internal:27.21.14.6140, unified:461.40)
[2021.04.21-21.42.52:739][  0]LogD3D11RHI:      Driver Date: 1-22-2021
[2021.04.21-21.42.52:739][  0]LogRHI: Texture pool is 5630 MB (70% of 8043 MB)
[2021.04.21-21.42.52:819][  0]LogD3D11RHI: RHI has support for 64 bit atomics
[2021.04.21-21.42.52:820][  0]LogD3D11RHI: Async texture creation enabled
[2021.04.21-21.42.52:820][  0]LogD3D11RHI: Array index from any shader is supported
[2021.04.21-21.42.52:823][  0]LogD3D11RHI: HDR output is supported on display 0 (NvId: 0x80061086).
[2021.04.21-21.42.52:859][  0]LogD3D11RHI: GPU Timing Frequency: 1000.000000 (Debug: 2 1)
[2021.04.21-21.42.53:128][  0]LogTargetPlatformManager: Display: Loaded TargetPlatform 'AllDesktop'
[2021.04.21-21.42.53:150][  0]LogTargetPlatformManager: Display: Loaded TargetPlatform 'Android'
[2021.04.21-21.42.53:150][  0]LogTargetPlatformManager: Display: Loaded TargetPlatform 'Android_ASTC'
[2021.04.21-21.42.53:150][  0]LogTargetPlatformManager: Display: Loaded TargetPlatform 'Android_DXT'
[2021.04.21-21.42.53:150][  0]LogTargetPlatformManager: Display: Loaded TargetPlatform 'Android_ETC2'
[2021.04.21-21.42.53:150][  0]LogTargetPlatformManager: Display: Loaded TargetPlatform 'AndroidClient'
[2021.04.21-21.42.53:150][  0]LogTargetPlatformManager: Display: Loaded TargetPlatform 'Android_ASTCClient'
[2021.04.21-21.42.53:150][  0]LogTargetPlatformManager: Display: Loaded TargetPlatform 'Android_DXTClient'
[2021.04.21-21.42.53:150][  0]LogTargetPlatformManager: Display: Loaded TargetPlatform 'Android_ETC2Client'
[2021.04.21-21.42.53:150][  0]LogTargetPlatformManager: Display: Loaded TargetPlatform 'Android_Multi'
[2021.04.21-21.42.53:150][  0]LogTargetPlatformManager: Display: Loaded TargetPlatform 'Android_MultiClient'
[2021.04.21-21.42.53:188][  0]LogTargetPlatformManager: Display: Loaded TargetPlatform 'IOSClient'
[2021.04.21-21.42.53:188][  0]LogTargetPlatformManager: Display: Loaded TargetPlatform 'IOS'
[2021.04.21-21.42.53:210][  0]LogTargetPlatformManager: Display: Loaded TargetPlatform 'Linux'
[2021.04.21-21.42.53:221][  0]LogTargetPlatformManager: Display: Loaded TargetPlatform 'LinuxNoEditor'
[2021.04.21-21.42.53:234][  0]LogTargetPlatformManager: Display: Loaded TargetPlatform 'LinuxClient'
[2021.04.21-21.42.53:245][  0]LogTargetPlatformManager: Display: Loaded TargetPlatform 'LinuxServer'
[2021.04.21-21.42.53:255][  0]LogTargetPlatformManager: Display: Loaded TargetPlatform 'LinuxAArch64NoEditor'
[2021.04.21-21.42.53:267][  0]LogTargetPlatformManager: Display: Loaded TargetPlatform 'LinuxAArch64Client'
[2021.04.21-21.42.53:278][  0]LogTargetPlatformManager: Display: Loaded TargetPlatform 'LinuxAArch64Server'
[2021.04.21-21.42.53:310][  0]LogTargetPlatformManager: Display: Loaded TargetPlatform 'Lumin'
[2021.04.21-21.42.53:310][  0]LogTargetPlatformManager: Display: Loaded TargetPlatform 'LuminClient'
[2021.04.21-21.42.53:329][  0]LogTargetPlatformManager: Display: Loaded TargetPlatform 'TVOSClient'
[2021.04.21-21.42.53:329][  0]LogTargetPlatformManager: Display: Loaded TargetPlatform 'TVOS'
[2021.04.21-21.42.53:341][  0]LogTargetPlatformManager: Display: Loaded TargetPlatform 'WindowsNoEditor'
[2021.04.21-21.42.53:352][  0]LogTargetPlatformManager: Display: Loaded TargetPlatform 'Windows'
[2021.04.21-21.42.53:364][  0]LogTargetPlatformManager: Display: Loaded TargetPlatform 'WindowsClient'
[2021.04.21-21.42.53:375][  0]LogTargetPlatformManager: Display: Loaded TargetPlatform 'WindowsServer'
[2021.04.21-21.42.53:375][  0]LogTargetPlatformManager: Display: Building Assets For Windows
[2021.04.21-21.42.53:419][  0]LogAudioDebug: Display: Lib vorbis DLL was dynamically loaded.
[2021.04.21-21.42.53:564][  0]LogShaderCompilers: Guid format shader working directory is -22 characters bigger than the processId version (../../../../../Users/gabri/Documents/GitHub/NNI-Project-2/DrifterCW2/Intermediate/Shaders/WorkingDirectory/7756/).
[2021.04.21-21.42.53:564][  0]LogShaderCompilers: Cleaned the shader compiler working directory 'C:/Users/gabri/AppData/Local/Temp/UnrealShaderWorkingDir/EA94FE1D467E8EFF4DF9389C9C9798B6/'.
[2021.04.21-21.42.53:565][  0]LogXGEController: Cleaning working directory: C:/Users/gabri/AppData/Local/Temp/UnrealXGEWorkingDir/
[2021.04.21-21.42.53:565][  0]LogXGEController: Cannot use XGE Controller as Incredibuild is not installed on this machine.
[2021.04.21-21.42.53:565][  0]LogShaderCompilers: Cannot use XGE Shader Compiler as Incredibuild is not installed on this machine.
[2021.04.21-21.42.53:565][  0]LogShaderCompilers: Display: Using Local Shader Compiler.
[2021.04.21-21.42.55:984][  0]LogDerivedDataCache: Display: Max Cache Size: 512 MB
[2021.04.21-21.42.56:057][  0]LogDerivedDataCache: Loaded boot cache 0.07s 79MB C:/Users/gabri/AppData/Local/UnrealEngine/4.25/DerivedDataCache/Boot.ddc.
[2021.04.21-21.42.56:057][  0]LogDerivedDataCache: Display: Loaded Boot cache: C:/Users/gabri/AppData/Local/UnrealEngine/4.25/DerivedDataCache/Boot.ddc
[2021.04.21-21.42.56:058][  0]LogDerivedDataCache: FDerivedDataBackendGraph:  Pak pak cache file ../../../../../Users/gabri/Documents/GitHub/NNI-Project-2/DrifterCW2/DerivedDataCache/DDC.ddp not found, will not use a pak cache.
[2021.04.21-21.42.56:058][  0]LogDerivedDataCache: Unable to find inner node Pak for hierarchical cache Hierarchy.
[2021.04.21-21.42.56:058][  0]LogDerivedDataCache: FDerivedDataBackendGraph:  CompressedPak pak cache file ../../../../../Users/gabri/Documents/GitHub/NNI-Project-2/DrifterCW2/DerivedDataCache/Compressed.ddp not found, will not use a pak cache.
[2021.04.21-21.42.56:058][  0]LogDerivedDataCache: Unable to find inner node CompressedPak for hierarchical cache Hierarchy.
[2021.04.21-21.42.56:074][  0]LogDerivedDataCache: Display: Pak cache opened for reading ../../../Engine/DerivedDataCache/Compressed.ddp.
[2021.04.21-21.42.56:074][  0]LogDerivedDataCache: FDerivedDataBackendGraph:  EnterprisePak pak cache file ../../../Enterprise/DerivedDataCache/Compressed.ddp not found, will not use a pak cache.
[2021.04.21-21.42.56:074][  0]LogDerivedDataCache: Unable to find inner node EnterprisePak for hierarchical cache Hierarchy.
[2021.04.21-21.42.56:076][  0]LogDerivedDataCache: Using Local data cache path C:/Users/gabri/AppData/Local/UnrealEngine/Common/DerivedDataCache: Writable
[2021.04.21-21.42.56:076][  0]LogDerivedDataCache: Shared data cache path not found in *engine.ini, will not use an Shared cache.
[2021.04.21-21.42.56:076][  0]LogDerivedDataCache: Unable to find inner node Shared for hierarchical cache Hierarchy.
[2021.04.21-21.42.56:343][  0]LogSlate: Using FreeType 2.10.0
[2021.04.21-21.42.56:354][  0]LogSlate: SlateFontServices - WITH_FREETYPE: 1, WITH_HARFBUZZ: 1
[2021.04.21-21.42.56:383][  0]LogAssetRegistry: FAssetRegistry took 0.0038 seconds to start up
[2021.04.21-21.42.56:653][  0]LogInit: Selected Device Profile: [Windows]
[2021.04.21-21.42.56:897][  0]LogMeshReduction: Using QuadricMeshReduction for automatic static mesh reduction
[2021.04.21-21.42.56:897][  0]LogMeshReduction: Using SimplygonMeshReduction for automatic skeletal mesh reduction
[2021.04.21-21.42.56:897][  0]LogMeshReduction: Using ProxyLODMeshReduction for automatic mesh merging
[2021.04.21-21.42.56:897][  0]LogMeshReduction: No distributed automatic mesh merging module available
[2021.04.21-21.42.56:898][  0]LogMeshMerging: No distributed automatic mesh merging module available
[2021.04.21-21.42.56:946][  0]LogNetVersion: DrifterCW2 1.0.0, NetCL: 13144385, EngineNetVer: 14, GameNetVer: 0 (Checksum: 3839616958)
[2021.04.21-21.42.57:977][  0]LogAISub: UAISubsystem::UAISubsystem AISubsystem (00000228E49FF700), frame # 0
[2021.04.21-21.42.57:977][  0]LogAISub: UAISubsystem::UAISubsystem AIPerceptionSystem (00000228E49F3B00), frame # 0
[2021.04.21-21.42.57:980][  0]LogAISub: UAISubsystem::UAISubsystem EnvQueryManager (00000228E4A07600), frame # 0
[2021.04.21-21.42.58:047][  0]LogPackageLocalizationCache: Processed 19 localized package path(s) for 1 prioritized culture(s) in 0.042939 seconds
[2021.04.21-21.42.58:052][  0]LogUObjectArray: 15917 objects as part of root set at end of initial load.
[2021.04.21-21.42.58:052][  0]LogUObjectAllocator: 3965568 out of 0 bytes used by permanent object pool.
[2021.04.21-21.42.58:052][  0]LogUObjectArray: CloseDisregardForGC: 0/0 objects in disregard for GC pool
[2021.04.21-21.42.58:916][  0]LogTcpMessaging: Initializing TcpMessaging bridge
[2021.04.21-21.42.58:923][  0]LogUdpMessaging: Initializing bridge on interface 0.0.0.0:0 to multicast group 230.0.0.1:6666.
[2021.04.21-21.42.59:092][  0]SourceControl: Source control is disabled
[2021.04.21-21.42.59:092][  0]SourceControl: Source control is disabled
[2021.04.21-21.42.59:102][  0]SourceControl: Source control is disabled
[2021.04.21-21.42.59:108][  0]SourceControl: Source control is disabled
[2021.04.21-21.42.59:120][  0]SourceControl: Source control is disabled
[2021.04.21-21.42.59:594][  0]LogAndroidPermission: UAndroidPermissionCallbackProxy::GetInstance
[2021.04.21-21.42.59:624][  0]LogAudioCaptureCore: Display: No Audio Capture implementations found. Audio input will be silent.
[2021.04.21-21.42.59:624][  0]LogAudioCaptureCore: Display: No Audio Capture implementations found. Audio input will be silent.
[2021.04.21-21.42.59:739][  0]LogOcInput: OculusInput pre-init called
[2021.04.21-21.43.00:121][  0]LogEngine: Initializing Engine...
[2021.04.21-21.43.00:123][  0]LogHMD: Failed to initialize OpenVR with code 101
[2021.04.21-21.43.00:123][  0]LogMagicLeap: Warning: VR disabled because ZI is not enabled.  To enable, in the editor, Edit -> Project Settings -> Plugins -> Magic Leap Plugin -> Enable Zero Iteration
[2021.04.21-21.43.00:125][  0]LogStats: UGameplayTagsManager::InitializeManager -  0.001 s
[2021.04.21-21.43.00:341][  0]LogInit: Initializing FReadOnlyCVARCache
[2021.04.21-21.43.00:365][  0]LogAIModule: Creating AISystem for world Untitled
[2021.04.21-21.43.00:365][  0]LogAISub: UAISubsystem::UAISubsystem EnvQueryManager (00000228EF665200), frame # 0
[2021.04.21-21.43.00:366][  0]LogAISub: UAISubsystem::UAISubsystem AIPerceptionSystem (00000228EF69D1C0), frame # 0
[2021.04.21-21.43.00:376][  0]LogAudioMixer: Display: Audio Mixer Platform Settings:
[2021.04.21-21.43.00:376][  0]LogAudioMixer: Display: 	Sample Rate:						  48000
[2021.04.21-21.43.00:376][  0]LogAudioMixer: Display: 	Callback Buffer Frame Size Requested: 1024
[2021.04.21-21.43.00:376][  0]LogAudioMixer: Display: 	Callback Buffer Frame Size To Use:	  1024
[2021.04.21-21.43.00:376][  0]LogAudioMixer: Display: 	Number of buffers to queue:			  2
[2021.04.21-21.43.00:377][  0]LogAudioMixer: Display: 	Max Channels (voices):				  32
[2021.04.21-21.43.00:377][  0]LogAudioMixer: Display: 	Number of Async Source Workers:		  0
[2021.04.21-21.43.00:377][  0]LogAudio: Display: AudioDevice MaxSources: 32
[2021.04.21-21.43.00:378][  0]LogAudio: Display: Using built-in audio occlusion.
[2021.04.21-21.43.00:378][  0]LogAudioMixer: Display: Initializing audio mixer.
[2021.04.21-21.43.00:408][  0]LogAudioMixer: Display: 0: FrontLeft
[2021.04.21-21.43.00:408][  0]LogAudioMixer: Display: 1: FrontRight
[2021.04.21-21.43.00:408][  0]LogAudioMixer: Display: 2: FrontCenter
[2021.04.21-21.43.00:408][  0]LogAudioMixer: Display: 3: LowFrequency
[2021.04.21-21.43.00:408][  0]LogAudioMixer: Display: 4: BackLeft
[2021.04.21-21.43.00:408][  0]LogAudioMixer: Display: 5: BackRight
[2021.04.21-21.43.00:408][  0]LogAudioMixer: Display: 6: SideLeft
[2021.04.21-21.43.00:408][  0]LogAudioMixer: Display: 7: SideRight
[2021.04.21-21.43.00:451][  0]LogAudioMixer: Display: Using Audio Device Speakers (Logitech PRO X Gaming Headset)
[2021.04.21-21.43.00:452][  0]LogAudioMixer: Display: Initializing Sound Submixes...
[2021.04.21-21.43.00:454][  0]LogAudioMixer: Display: Creating Master Submix 'MasterSubmixDefault'
[2021.04.21-21.43.00:454][  0]LogAudioMixer: Display: Creating Master Submix 'MasterReverbSubmixDefault'
[2021.04.21-21.43.00:455][  0]LogAudioMixer: Display: Creating Master Submix 'MasterEQSubmixDefault'
[2021.04.21-21.43.00:456][  0]LogInit: FAudioDevice initialized.
[2021.04.21-21.43.00:456][  0]LogNetVersion: Set ProjectVersion to 1.0.0.0. Version Checksum will be recalculated on next use.
[2021.04.21-21.43.00:511][  0]LogDerivedDataCache: Saved boot cache 0.05s 98MB C:/Users/gabri/AppData/Local/UnrealEngine/4.25/DerivedDataCache/Boot.ddc.
[2021.04.21-21.43.00:511][  0]LogInit: Texture streaming: Enabled
[2021.04.21-21.43.00:538][  0]LogEngineSessionManager: EngineSessionManager initialized
[2021.04.21-21.43.00:538][  0]LogEngineSessionManager: EngineSessionManager sent abnormal shutdown report. Type=AbnormalShutdown, SessionId={682ED93E-4991-B190-C404-C785321469F1}
[2021.04.21-21.43.00:538][  0]LogEditorSessionSummary: Verbose: Initializing EditorSessionSummaryWriter for editor session tracking
[2021.04.21-21.43.00:541][  0]LogEditorSessionSummary: EditorSessionSummaryWriter initialized
[2021.04.21-21.43.00:731][  0]LogInit: Transaction tracking system initialized
[2021.04.21-21.43.00:778][  0]BlueprintLog: New page: Editor Load
[2021.04.21-21.43.00:938][  0]LocalizationService: Localization service is disabled
[2021.04.21-21.43.01:281][  0]LogCook: Display: Max memory allowance for cook 16384mb min free memory 0mb
[2021.04.21-21.43.01:281][  0]LogCook: Display: Mobile HDR setting 1
[2021.04.21-21.43.01:521][  0]LogFileCache: Scanning file cache for directory 'C:/Users/gabri/Documents/GitHub/NNI-Project-2/DrifterCW2/Content/' took 0.02s
[2021.04.21-21.43.01:715][  0]SourceControl: Source control is disabled
[2021.04.21-21.43.01:716][  0]LogUnrealEdMisc: Loading editor; pre map load, took 59.399
[2021.04.21-21.43.01:716][  0]Cmd: MAP LOAD FILE="../../../../../Users/gabri/Documents/GitHub/NNI-Project-2/DrifterCW2/Content/VirtualRealityBP/Maps/StartupMap.umap" TEMPLATE=0 SHOWPROGRESS=1 FEATURELEVEL=3
[2021.04.21-21.43.01:722][  0]LightingResults: New page: Lighting Build
[2021.04.21-21.43.01:725][  0]LogWorld: UWorld::CleanupWorld for Untitled, bSessionEnded=true, bCleanupResources=true
[2021.04.21-21.43.01:726][  0]LogSlate: InvalidateAllWidgets triggered.  All widgets were invalidated
[2021.04.21-21.43.01:726][  0]MapCheck: New page: Map Check
[2021.04.21-21.43.01:726][  0]LightingResults: New page: Lighting Build
[2021.04.21-21.43.01:741][  0]LogAISub: UAISubsystem::~UAISubsystem EnvQueryManager (00000228EF665200), frame # 0
[2021.04.21-21.43.01:741][  0]LogAISub: UAISubsystem::~UAISubsystem AIPerceptionSystem (00000228EF69D1C0), frame # 0
[2021.04.21-21.43.01:743][  0]LogUObjectHash: Compacting FUObjectHashTables data took   0.67ms
[2021.04.21-21.43.02:006][  0]LogAIModule: Creating AISystem for world StartupMap
[2021.04.21-21.43.02:006][  0]LogAISub: UAISubsystem::UAISubsystem EnvQueryManager (00000228DA20FE00), frame # 0
[2021.04.21-21.43.02:006][  0]LogAISub: UAISubsystem::UAISubsystem AIPerceptionSystem (00000228E4359580), frame # 0
[2021.04.21-21.43.02:018][  0]LogEditorServer: Finished looking for orphan Actors (0.000 secs)
[2021.04.21-21.43.02:032][  0]LogUObjectHash: Compacting FUObjectHashTables data took   0.57ms
[2021.04.21-21.43.02:034][  0]Cmd: MAP CHECKDEP NOCLEARLOG
[2021.04.21-21.43.02:034][  0]MapCheck: Map check complete: 0 Error(s), 0 Warning(s), took 0.345ms to complete.
[2021.04.21-21.43.02:034][  0]LogFileHelpers: Loading map 'StartupMap' took 0.319
[2021.04.21-21.43.02:056][  0]LogUnrealEdMisc: Total Editor Startup Time, took 59.739
[2021.04.21-21.43.02:181][  0]LogCollectionManager: Loaded 0 collections in 0.002269 seconds
[2021.04.21-21.43.02:211][  0]LogFileCache: Scanning file cache for directory 'C:/Users/gabri/Documents/GitHub/NNI-Project-2/DrifterCW2/Saved/Collections/' took 0.00s
[2021.04.21-21.43.02:211][  0]LogFileCache: Scanning file cache for directory 'C:/Users/gabri/Documents/GitHub/NNI-Project-2/DrifterCW2/Content/Developers/gabri/Collections/' took 0.00s
[2021.04.21-21.43.02:212][  0]LogFileCache: Scanning file cache for directory 'C:/Users/gabri/Documents/GitHub/NNI-Project-2/DrifterCW2/Content/Collections/' took 0.00s
[2021.04.21-21.43.02:212][  0]LogContentBrowser: Native class hierarchy populated in 0.0105 seconds. Added 3490 classes and 834 folders.
[2021.04.21-21.43.02:218][  0]LogContentBrowser: Native class hierarchy updated for 'WidgetCarousel' in 0.0004 seconds. Added 0 classes and 0 folders.
[2021.04.21-21.43.02:573][  0]LogContentBrowser: Native class hierarchy updated for 'AddContentDialog' in 0.0004 seconds. Added 0 classes and 0 folders.
[2021.04.21-21.43.02:599][  0]LogSlate: Updating window title bar state: overlay mode, drag disabled, window buttons hidden, title bar hidden
[2021.04.21-21.43.02:616][  0]LogSlate: Updating window title bar state: overlay mode, drag disabled, window buttons hidden, title bar hidden
[2021.04.21-21.43.02:623][  0]LogSlate: Updating window title bar state: overlay mode, drag disabled, window buttons hidden, title bar hidden
[2021.04.21-21.43.02:631][  0]LogSlate: Updating window title bar state: overlay mode, drag disabled, window buttons hidden, title bar hidden
[2021.04.21-21.43.02:636][  0]LogContentBrowser: Native class hierarchy updated for 'SceneOutliner' in 0.0005 seconds. Added 2 classes and 0 folders.
[2021.04.21-21.43.02:784][  0]LogSlate: Took 0.006361 seconds to synchronously load lazily loaded font '../../../Engine/Content/Slate/Fonts/Roboto-Regular.ttf' (155K)
[2021.04.21-21.43.02:790][  0]LogSlate: Took 0.005213 seconds to synchronously load lazily loaded font '../../../Engine/Content/Slate/Fonts/Roboto-Bold.ttf' (160K)
[2021.04.21-21.43.02:796][  0]LogSlate: Took 0.005069 seconds to synchronously load lazily loaded font '../../../Engine/Content/Editor/Slate/Fonts/FontAwesome.ttf' (139K)
[2021.04.21-21.43.02:877][  0]LogRenderer: Reallocating scene render targets to support 1724x1292 Format 26 NumSamples 1 (Frame:1).
[2021.04.21-21.43.02:964][  0]LogContentBrowser: Native class hierarchy updated for 'HierarchicalLODOutliner' in 0.0005 seconds. Added 0 classes and 0 folders.
[2021.04.21-21.43.02:964][  0]LogLoad: (Engine Initialization) Total time: 60.65 seconds
[2021.04.21-21.43.02:964][  0]LogLoad: (Engine Initialization) Total Blueprint compile time: 0.00 seconds
[2021.04.21-21.43.02:995][  0]LogContentStreaming: Texture pool size now 1000 MB
[2021.04.21-21.43.09:394][764]LogAssetRegistry: Asset discovery search completed in 13.0112 seconds
[2021.04.21-21.43.09:396][764]LogCollectionManager: Fixed up redirectors for 0 collections in 0.000002 seconds (updated 0 objects)
[2021.04.21-21.43.31:875][330]LogSlate: Window 'Plugins' being destroyed
[2021.04.21-21.43.31:878][330]LogSlate: Window 'Plugins' being destroyed
[2021.04.21-21.43.31:878][330]LogDirectoryWatcher: A directory notification for '../../../Engine/Plugins/' was aborted.
[2021.04.21-21.43.44:608][844]LogSlate: Took 0.005249 seconds to synchronously load lazily loaded font '../../../Engine/Content/Slate/Fonts/Roboto-Light.ttf' (167K)
[2021.04.21-21.43.44:935][844]LogMaterial: Display: Missing cached shader map for material Black2, compiling. 
[2021.04.21-21.43.44:965][844]LogMaterial: Display: Missing cached shader map for material Black, compiling. 
[2021.04.21-21.43.44:971][844]LogStaticMesh: Building static mesh Pistol_0...
[2021.04.21-21.43.44:982][844]LogShaderCompilers: Display: Worker (1/13): shaders left to compile 30
[2021.04.21-21.43.44:982][844]LogShaderCompilers: Display: Worker (2/13): shaders left to compile 27
[2021.04.21-21.43.44:982][844]LogShaderCompilers: Display: Worker (3/13): shaders left to compile 24
[2021.04.21-21.43.44:982][844]LogShaderCompilers: Display: Worker (4/13): shaders left to compile 21
[2021.04.21-21.43.44:982][844]LogShaderCompilers: Display: Worker (5/13): shaders left to compile 18
[2021.04.21-21.43.44:982][844]LogShaderCompilers: Display: Worker (6/13): shaders left to compile 15
[2021.04.21-21.43.44:982][844]LogShaderCompilers: Display: Worker (7/13): shaders left to compile 12
[2021.04.21-21.43.44:982][844]LogShaderCompilers: Display: Worker (8/13): shaders left to compile 9
[2021.04.21-21.43.44:982][844]LogShaderCompilers: Display: Worker (9/13): shaders left to compile 6
[2021.04.21-21.43.44:982][844]LogShaderCompilers: Display: Worker (10/13): shaders left to compile 3
[2021.04.21-21.43.44:982][844]LogStaticMesh: Built static mesh [0.01s] /Game/JustinsAssets/Pistol_0.Pistol_0
[2021.04.21-21.43.44:987][844]LogMaterial: Display: Missing cached shader map for material M_UE4Man_Body, compiling. 
[2021.04.21-21.43.45:085][844]LogMaterial: Display: Missing cached shader map for material M_Sky_Panning_Clouds2, compiling. 
[2021.04.21-21.43.45:092][844]LogStaticMesh: Building static mesh SM_Box_1...
[2021.04.21-21.43.45:095][844]LogStaticMesh: Built static mesh [0.00s] /Game/Reece_Work_Folder/SM_Box_1.SM_Box_1
[2021.04.21-21.43.45:104][844]LogStaticMesh: Building static mesh BeamMesh...
[2021.04.21-21.43.45:108][844]LogStaticMesh: Built static mesh [0.00s] /Game/VirtualReality/Meshes/BeamMesh.BeamMesh
[2021.04.21-21.43.45:128][844]LogShaderCompilers: Display: Worker (11/13): shaders left to compile 102
[2021.04.21-21.43.45:128][844]LogShaderCompilers: Display: Worker (12/13): shaders left to compile 93
[2021.04.21-21.43.45:128][844]LogMaterial: Display: Missing cached shader map for material M_SplineArcMat, compiling. 
[2021.04.21-21.43.45:149][844]LogAnimationCompression: Building Anim DDC data for AnimSequence /Game/VirtualReality/Mannequin/Animations/MannequinHand_Right_Open.MannequinHand_Right_Open
[2021.04.21-21.43.45:149][844]LogAnimationCompression: Building Anim DDC data for AnimSequence /Game/VirtualReality/Mannequin/Animations/MannequinHand_Right_Grab.MannequinHand_Right_Grab
[2021.04.21-21.43.45:149][844]LogMaterial: Display: Missing cached shader map for material Metal, compiling. 
[2021.04.21-21.43.45:159][844]LogMaterial: Display: Missing cached shader map for material DarkWood, compiling. 
[2021.04.21-21.43.45:167][844]LogMaterial: Display: Missing cached shader map for material DarkMetal, compiling. 
[2021.04.21-21.43.45:177][844]LogMaterial: Display: Missing cached shader map for material M_UE4Man_Body, compiling. 
[2021.04.21-21.43.45:224][844]LogAssetEditorSubsystem: Opening Asset editor for World /Game/VirtualRealityBP/Maps/MotionControllerMap.MotionControllerMap
[2021.04.21-21.43.45:240][844]LogUObjectHash: Compacting FUObjectHashTables data took   0.89ms
[2021.04.21-21.43.45:241][844]Cmd: MAP LOAD FILE="../../../../../Users/gabri/Documents/GitHub/NNI-Project-2/DrifterCW2/Content/VirtualRealityBP/Maps/MotionControllerMap.umap" TEMPLATE=0 SHOWPROGRESS=1 FEATURELEVEL=3
[2021.04.21-21.43.45:241][844]LightingResults: New page: Lighting Build
[2021.04.21-21.43.45:241][844]LoadErrors: New page: Loading map: MotionControllerMap.umap
[2021.04.21-21.43.45:243][844]LogWorld: UWorld::CleanupWorld for StartupMap, bSessionEnded=true, bCleanupResources=true
[2021.04.21-21.43.45:243][844]LogSlate: InvalidateAllWidgets triggered.  All widgets were invalidated
[2021.04.21-21.43.45:243][844]MapCheck: New page: Map Check
[2021.04.21-21.43.45:243][844]LightingResults: New page: Lighting Build
[2021.04.21-21.43.45:254][844]LogAISub: UAISubsystem::~UAISubsystem EnvQueryManager (00000228DA20FE00), frame # 4844
[2021.04.21-21.43.45:254][844]LogAISub: UAISubsystem::~UAISubsystem AIPerceptionSystem (00000228E4359580), frame # 4844
[2021.04.21-21.43.45:255][844]LogUObjectHash: Compacting FUObjectHashTables data took   0.68ms
[2021.04.21-21.43.45:370][844]LogEditorServer: Finished looking for orphan Actors (0.000 secs)
[2021.04.21-21.43.45:370][844]LogAIModule: Creating AISystem for world MotionControllerMap
[2021.04.21-21.43.45:370][844]LogAISub: UAISubsystem::UAISubsystem EnvQueryManager (00000228FA851800), frame # 4844
[2021.04.21-21.43.45:370][844]LogAISub: UAISubsystem::UAISubsystem AIPerceptionSystem (00000228FB295F80), frame # 4844
[2021.04.21-21.43.45:386][844]LogUObjectHash: Compacting FUObjectHashTables data took   0.89ms
[2021.04.21-21.43.45:407][844]Cmd: MAP CHECKDEP NOCLEARLOG
[2021.04.21-21.43.45:409][844]MapCheck: Map check complete: 0 Error(s), 0 Warning(s), took 1.52ms to complete.
[2021.04.21-21.43.45:409][844]LogFileHelpers: Loading map 'MotionControllerMap' took 0.168
[2021.04.21-21.43.45:458][845]LogAnimationCompression: Building Anim DDC data for AnimSequence /Game/VirtualReality/Mannequin/Animations/MannequinHand_Right_CanGrab.MannequinHand_Right_CanGrab
[2021.04.21-21.43.46:814][964]LogShaderCompilers: Display: Worker (10/13): shaders left to compile 249
[2021.04.21-21.43.46:835][965]LogShaderCompilers: Display: Worker (5/13): shaders left to compile 239
[2021.04.21-21.43.47:571][ 26]LogShaderCompilers: Display: Worker (6/13): shaders left to compile 229
[2021.04.21-21.43.47:680][ 35]LogShaderCompilers: Display: Worker (1/13): shaders left to compile 219
[2021.04.21-21.43.47:858][ 52]LogShaderCompilers: Display: Worker (7/13): shaders left to compile 209
[2021.04.21-21.43.47:894][ 56]LogShaderCompilers: Display: Worker (8/13): shaders left to compile 199
[2021.04.21-21.43.47:904][ 57]LogShaderCompilers: Display: Worker (4/13): shaders left to compile 189
[2021.04.21-21.43.47:904][ 57]LogShaderCompilers: Display: Worker (9/13): shaders left to compile 179
[2021.04.21-21.43.47:941][ 60]LogShaderCompilers: Display: Worker (3/13): shaders left to compile 169
[2021.04.21-21.43.47:994][ 65]LogShaderCompilers: Display: Worker (2/13): shaders left to compile 159
[2021.04.21-21.43.48:271][ 89]LogShaderCompilers: Display: Worker (11/13): shaders left to compile 149
[2021.04.21-21.43.48:906][118]LogShaderCompilers: Display: Worker (12/13): shaders left to compile 139
[2021.04.21-21.43.50:091][208]LogShaderCompilers: Display: Worker (5/13): shaders left to compile 129
[2021.04.21-21.43.50:236][219]LogShaderCompilers: Display: Worker (10/13): shaders left to compile 119
[2021.04.21-21.43.50:724][247]LogShaderCompilers: Display: Worker (1/13): shaders left to compile 109
[2021.04.21-21.43.50:724][247]LogShaderCompilers: Display: Worker (6/13): shaders left to compile 99
[2021.04.21-21.43.50:932][260]LogShaderCompilers: Display: Worker (8/13): shaders left to compile 89
[2021.04.21-21.43.51:608][313]LogShaderCompilers: Display: Worker (3/13): shaders left to compile 81
[2021.04.21-21.43.51:779][326]LogShaderCompilers: Display: Worker (2/13): shaders left to compile 74
[2021.04.21-21.43.51:894][337]LogShaderCompilers: Display: Worker (7/13): shaders left to compile 67
[2021.04.21-21.43.52:309][376]LogShaderCompilers: Display: Worker (11/13): shaders left to compile 61
[2021.04.21-21.43.52:336][377]LogShaderCompilers: Display: Worker (9/13): shaders left to compile 55
[2021.04.21-21.43.52:349][377]LogShaderCompilers: Display: Worker (4/13): shaders left to compile 50
[2021.04.21-21.43.53:033][436]LogShaderCompilers: Display: Worker (6/13): shaders left to compile 45
[2021.04.21-21.43.53:289][460]LogShaderCompilers: Display: Worker (7/13): shaders left to compile 41
[2021.04.21-21.43.53:507][481]LogShaderCompilers: Display: Worker (8/13): shaders left to compile 37
[2021.04.21-21.43.53:802][508]LogShaderCompilers: Display: Worker (4/13): shaders left to compile 33
[2021.04.21-21.43.53:824][510]LogShaderCompilers: Display: Worker (3/13): shaders left to compile 30
[2021.04.21-21.43.53:952][522]LogShaderCompilers: Display: Worker (9/13): shaders left to compile 27
[2021.04.21-21.43.54:168][542]LogShaderCompilers: Display: Worker (11/13): shaders left to compile 24
[2021.04.21-21.43.54:331][556]LogShaderCompilers: Display: Worker (6/13): shaders left to compile 21
[2021.04.21-21.43.54:331][556]LogShaderCompilers: Display: Worker (12/13): shaders left to compile 19
[2021.04.21-21.43.54:509][571]LogShaderCompilers: Display: Worker (3/13): shaders left to compile 17
[2021.04.21-21.43.54:683][588]LogShaderCompilers: Display: Worker (10/13): shaders left to compile 15
[2021.04.21-21.43.54:714][591]LogShaderCompilers: Display: Worker (4/13): shaders left to compile 13
[2021.04.21-21.43.54:722][592]LogShaderCompilers: Display: Worker (2/13): shaders left to compile 11
[2021.04.21-21.43.54:969][614]LogShaderCompilers: Display: Worker (3/13): shaders left to compile 10
[2021.04.21-21.43.54:991][616]LogShaderCompilers: Display: Worker (8/13): shaders left to compile 9
[2021.04.21-21.43.55:130][628]LogShaderCompilers: Display: Worker (9/13): shaders left to compile 8
[2021.04.21-21.43.55:149][630]LogShaderCompilers: Display: Worker (6/13): shaders left to compile 7
[2021.04.21-21.43.55:162][631]LogShaderCompilers: Display: Worker (8/13): shaders left to compile 6
[2021.04.21-21.43.55:251][640]LogShaderCompilers: Display: Worker (4/13): shaders left to compile 5
[2021.04.21-21.43.55:354][651]LogShaderCompilers: Display: Worker (7/13): shaders left to compile 4
[2021.04.21-21.43.55:391][653]LogShaderCompilers: Display: Worker (2/13): shaders left to compile 3
[2021.04.21-21.43.55:391][653]LogShaderCompilers: Display: Worker (5/13): shaders left to compile 2
[2021.04.21-21.43.55:461][659]LogShaderCompilers: Display: Worker (12/13): shaders left to compile 1
[2021.04.21-21.44.13:183][759]MapCheck: New page: Map Check
[2021.04.21-21.44.13:192][759]Cmd: MAP REBUILD ALLVISIBLE
[2021.04.21-21.44.13:192][759]LogEditorServer: Rebuildmap Clear paths rebuilt
[2021.04.21-21.44.13:321][759]LogWorld: UWorld::CleanupWorld for MotionControllerMap, bSessionEnded=true, bCleanupResources=false
[2021.04.21-21.44.13:335][759]LightingResults: New page: Lighting Build - 21 Apr 2021, 23:44:13
[2021.04.21-21.44.13:374][759]LogSwarmInterface: [OpenConnection] Registering TCP channel ...
[2021.04.21-21.44.13:448][759]LogSwarmInterface: [OpenConnection] Connecting to agent ...
[2021.04.21-21.44.13:460][759]LogSwarmInterface: [TryOpenConnection] Testing the Agent
[2021.04.21-21.44.13:981][759]LogSwarmInterface: [TryOpenConnection] Opening Connection to Agent
[2021.04.21-21.44.13:981][759]LogSwarmInterface: [TryOpenConnection] Local Process ID is 7756
[2021.04.21-21.44.16:475][759]LogStaticLightingSystem: Running Lightmass w/ ImmediateImport mode ENABLED
[2021.04.21-21.44.16:475][759]LogStaticLightingSystem: Running Lightmass w/ ImmediateProcess mode ENABLED
[2021.04.21-21.44.16:475][759]LogStaticLightingSystem: Running Lightmass w/ Sorting mode ENABLED
[2021.04.21-21.44.16:475][759]LogStaticLightingSystem: Running Lightmass w/ Mapping paddings ENABLED
[2021.04.21-21.44.16:475][759]LogStaticLightingSystem: Running Lightmass w/ Mapping debug paddings DISABLED
[2021.04.21-21.44.16:615][759]LogEditorBuildUtils: Build time 0:03
[2021.04.21-21.44.16:622][759]LogMaterial: Display: Missing cached shader map for material FLightmassMaterialRenderer MaterialInstanceDynamic_0, compiling. 
[2021.04.21-21.44.16:623][759]LogMaterial: Display: Missing cached shader map for material FLightmassMaterialRenderer MaterialInstanceDynamic_0, compiling. 
[2021.04.21-21.44.16:627][759]LogShaderCompilers: Display: Worker (1/13): shaders left to compile 2
[2021.04.21-21.44.16:627][759]LogShaderCompilers: Display: Worker (2/13): shaders left to compile 1
[2021.04.21-21.44.16:627][759]LogMaterial: Display: Missing cached shader map for material FLightmassMaterialRenderer M_BaseMaterial, compiling. 
[2021.04.21-21.44.16:630][759]LogMaterial: Display: Missing cached shader map for material FLightmassMaterialRenderer M_BaseMaterial, compiling. 
[2021.04.21-21.44.16:649][760]LogShaderCompilers: Display: Worker (3/13): shaders left to compile 6
[2021.04.21-21.44.16:649][760]LogShaderCompilers: Display: Worker (4/13): shaders left to compile 5
[2021.04.21-21.44.16:649][760]LogShaderCompilers: Display: Worker (5/13): shaders left to compile 4
[2021.04.21-21.44.16:649][760]LogShaderCompilers: Display: Worker (6/13): shaders left to compile 3
[2021.04.21-21.44.16:649][760]LogShaderCompilers: Display: Worker (7/13): shaders left to compile 2
[2021.04.21-21.44.16:649][760]LogShaderCompilers: Display: Worker (8/13): shaders left to compile 1
[2021.04.21-21.44.17:717][765]LogUObjectHash: Compacting FUObjectHashTables data took   0.64ms
[2021.04.21-21.44.21:267][ 57]Job is a success!
[2021.04.21-21.44.21:349][ 58]LogVolumetricLightmapImport: Imported Volumetric Lightmap in 0.016s
[2021.04.21-21.44.21:349][ 58]LogVolumetricLightmapImport:      Indirection Texture 16x16x16 = 0.0Mb
[2021.04.21-21.44.21:349][ 58]LogVolumetricLightmapImport:      BrickData (all levels) 0.4Mb
[2021.04.21-21.44.21:349][ 58]LogVolumetricLightmapImport:      Bricks at depth
[2021.04.21-21.44.21:349][ 58]LogVolumetricLightmapImport:          0: 1.2% covering 100.0% of volume
[2021.04.21-21.44.21:349][ 58]LogVolumetricLightmapImport:          1: 9.9% covering 12.5% of volume
[2021.04.21-21.44.21:349][ 58]LogVolumetricLightmapImport:          2: 88.9% covering 1.8% of volume
[2021.04.21-21.44.21:349][ 58]LogVolumetricLightmapImport:      Bricks in each level
[2021.04.21-21.44.21:349][ 58]LogVolumetricLightmapImport:          MotionControllerMap 			 81 bricks 	 100.0% (Persistent Level)
[2021.04.21-21.44.21:633][ 58]LogTexture: Display: Building textures: HQ_Lightmap0_1 (AutoDXT, 1024X1024)
[2021.04.21-21.44.21:633][ 58]LogTexture: Display: Building textures: LQ_Lightmap_0_1 (DXT1, 1024X1024)
[2021.04.21-21.44.21:633][ 58]LogTexture: Display: Building textures: HQ_Lightmap0_2 (AutoDXT, 1024X1024)
[2021.04.21-21.44.21:633][ 58]LogTexture: Display: Building textures: LQ_Lightmap_0_2 (DXT1, 1024X1024)
[2021.04.21-21.44.21:633][ 58]LogTexture: Display: Building textures: HQ_Lightmap0_3 (AutoDXT, 64X64)
[2021.04.21-21.44.21:633][ 58]LogTexture: Display: Building textures: LQ_Lightmap_0_3 (DXT1, 64X64)
[2021.04.21-21.44.21:747][ 58]LogTexture: Display: Building textures: ShadowMapTexture2D_2 (G8, 32X32)
[2021.04.21-21.44.21:747][ 58]LogTexture: Display: Building textures: ShadowMapTexture2D_1 (G8, 1024X256)
[2021.04.21-21.44.21:747][ 58]LogTexture: Display: Building textures: ShadowMapTexture2D_0 (G8, 1024X512)
[2021.04.21-21.44.21:747][ 58]Lightmass on DESKTOP-ES58TLI: 3.57 sec total, 143 ms importing, 22 ms setup, 1.06 sec photons, 2.29 sec processing, 0 ms extra exporting [51/51 mappings]. Threads: 34.4 sec total, 4.70 sec processing.
[2021.04.21-21.44.21:747][ 58]LogStaticLightingSystem: MotionControllerMap_BuiltData storing lightmap data for 27 meshes in 3 LightmapResourceClusters (9.0 Meshes per cluster).
[2021.04.21-21.44.21:764][ 58]LogUObjectHash: Compacting FUObjectHashTables data took   0.76ms
[2021.04.21-21.44.21:788][ 58]LogStaticLightingSystem: Illumination: 8.41 sec (197 ms encoding lightmaps, 80 ms encoding shadowmaps)
[2021.04.21-21.44.21:788][ 58]LogStaticLightingSystem: Lightmap texture memory:  4.0 MB (2.0 MB streaming, 2.0 MB non-streaming), 6 textures
[2021.04.21-21.44.21:788][ 58]LogStaticLightingSystem: Shadowmap texture memory: 1.0 MB (0.3 MB streaming, 0.7 MB non-streaming), 3 textures
[2021.04.21-21.44.22:481][ 58]DumpUnbuiltLightIteractions
[2021.04.21-21.44.22:481][ 58]Lights with unbuilt interactions: 0
[2021.04.21-21.44.22:481][ 58]
[2021.04.21-21.44.22:481][ 58]Primitives with unbuilt interactions: 0
[2021.04.21-21.44.22:507][ 59]Cmd: MAP CHECK NOTIFYRESULTS
[2021.04.21-21.44.22:507][ 59]MapCheck: New page: MotionControllerMap - 21 Apr 2021, 23:44:22
[2021.04.21-21.44.22:508][ 59]MapCheck: Map check complete: 0 Error(s), 0 Warning(s), took 0.874ms to complete.
[2021.04.21-21.44.41:934][366]LogAssetEditorSubsystem: Opening Asset editor for World /Game/Gabriel_Work_folder/AnimationTest.AnimationTest
[2021.04.21-21.44.41:944][366]LogUObjectHash: Compacting FUObjectHashTables data took   0.67ms
[2021.04.21-21.44.44:356][366]LogSlate: Window 'Save Content' being destroyed
[2021.04.21-21.44.44:375][366]LogUObjectHash: Compacting FUObjectHashTables data took   0.24ms
[2021.04.21-21.44.44:380][366]LogSavePackage: Moving '../../../../../Users/gabri/Documents/GitHub/NNI-Project-2/DrifterCW2/Saved/AnimationTest4F8DD9DE491024F5F87DE0AC28D75588.tmp' to '../../../../../Users/gabri/Documents/GitHub/NNI-Project-2/DrifterCW2/Content/Gabriel_Work_folder/AnimationTest.umap'
[2021.04.21-21.44.44:381][366]LogFileHelpers: Saving map 'AnimationTest' took 0.016
[2021.04.21-21.44.44:391][366]LogUObjectHash: Compacting FUObjectHashTables data took   0.26ms
[2021.04.21-21.44.44:446][366]LogSavePackage: Moving '../../../../../Users/gabri/Documents/GitHub/NNI-Project-2/DrifterCW2/Saved/MotionControllerMap4A9285104016F81A9F53B5A2A1EB7AC2.tmp' to '../../../../../Users/gabri/Documents/GitHub/NNI-Project-2/DrifterCW2/Content/VirtualRealityBP/Maps/MotionControllerMap.umap'
[2021.04.21-21.44.44:466][366]LogFileHelpers: Saving map 'MotionControllerMap' took 0.084
[2021.04.21-21.44.44:518][366]LogSavePackage: Moving '../../../../../Users/gabri/Documents/GitHub/NNI-Project-2/DrifterCW2/Saved/MotionControllerMap_BuiltData5A1788984425F46B0D39CD82D2D5F3E4.tmp' to '../../../../../Users/gabri/Documents/GitHub/NNI-Project-2/DrifterCW2/Content/VirtualRealityBP/Maps/MotionControllerMap_BuiltData.uasset'
[2021.04.21-21.44.44:519][366]Cmd: MAP LOAD FILE="../../../../../Users/gabri/Documents/GitHub/NNI-Project-2/DrifterCW2/Content/Gabriel_Work_folder/AnimationTest.umap" TEMPLATE=0 SHOWPROGRESS=1 FEATURELEVEL=3
[2021.04.21-21.44.44:519][366]LightingResults: New page: Lighting Build
[2021.04.21-21.44.44:519][366]LoadErrors: New page: Loading map: AnimationTest.umap
[2021.04.21-21.44.44:559][366]LogWorld: UWorld::CleanupWorld for MotionControllerMap, bSessionEnded=true, bCleanupResources=true
[2021.04.21-21.44.44:560][366]LogSlate: InvalidateAllWidgets triggered.  All widgets were invalidated
[2021.04.21-21.44.44:560][366]MapCheck: New page: Map Check
[2021.04.21-21.44.44:560][366]LightingResults: New page: Lighting Build
[2021.04.21-21.44.44:571][366]LogAISub: UAISubsystem::~UAISubsystem AIPerceptionSystem (00000228FB295F80), frame # 10366
[2021.04.21-21.44.44:571][366]LogAISub: UAISubsystem::~UAISubsystem EnvQueryManager (00000228FA851800), frame # 10366
[2021.04.21-21.44.44:572][366]LogUObjectHash: Compacting FUObjectHashTables data took   0.69ms
[2021.04.21-21.44.44:645][366]LogEditorServer: Finished looking for orphan Actors (0.000 secs)
[2021.04.21-21.44.44:645][366]LogAIModule: Creating AISystem for world AnimationTest
[2021.04.21-21.44.44:645][366]LogAISub: UAISubsystem::UAISubsystem EnvQueryManager (00000228DAA24400), frame # 10366
[2021.04.21-21.44.44:645][366]LogAISub: UAISubsystem::UAISubsystem AIPerceptionSystem (00000228967151C0), frame # 10366
[2021.04.21-21.44.44:657][366]LogUObjectHash: Compacting FUObjectHashTables data took   0.65ms
[2021.04.21-21.44.44:678][366]Cmd: MAP CHECKDEP NOCLEARLOG
[2021.04.21-21.44.44:678][366]MapCheck: Map check complete: 0 Error(s), 0 Warning(s), took 0.156ms to complete.
[2021.04.21-21.44.44:678][366]LogFileHelpers: Loading map 'AnimationTest' took 0.159
[2021.04.21-21.44.44:705][366]AssetCheck: New page: Asset Save: multiple assets
[2021.04.21-21.44.44:706][366]LogContentValidation: Display: Validating World /Game/Gabriel_Work_folder/AnimationTest.AnimationTest
[2021.04.21-21.44.44:706][366]LogContentValidation: Display: Validating World /Game/VirtualRealityBP/Maps/MotionControllerMap.MotionControllerMap
[2021.04.21-21.44.44:727][366]LogContentValidation: Display: Validating MapBuildDataRegistry /Game/VirtualRealityBP/Maps/MotionControllerMap_BuiltData.MotionControllerMap_BuiltData
[2021.04.21-21.44.52:664][ 75]LogSlate: Window 'New Level' being destroyed
[2021.04.21-21.44.52:667][ 75]Cmd: MAP LOAD FILE="../../../Engine/Content/Maps/Templates/Template_Default.umap" TEMPLATE=1 SHOWPROGRESS=1 FEATURELEVEL=3
[2021.04.21-21.44.52:682][ 75]LightingResults: New page: Lighting Build
[2021.04.21-21.44.52:682][ 75]LoadErrors: New page: Loading map: Template_Default.umap
[2021.04.21-21.44.52:683][ 75]LogWorld: UWorld::CleanupWorld for AnimationTest, bSessionEnded=true, bCleanupResources=true
[2021.04.21-21.44.52:683][ 75]LogSlate: InvalidateAllWidgets triggered.  All widgets were invalidated
[2021.04.21-21.44.52:683][ 75]MapCheck: New page: Map Check
[2021.04.21-21.44.52:683][ 75]LightingResults: New page: Lighting Build
[2021.04.21-21.44.52:693][ 75]LogAISub: UAISubsystem::~UAISubsystem AIPerceptionSystem (00000228967151C0), frame # 11075
[2021.04.21-21.44.52:693][ 75]LogAISub: UAISubsystem::~UAISubsystem EnvQueryManager (00000228DAA24400), frame # 11075
[2021.04.21-21.44.52:693][ 75]LogUObjectHash: Compacting FUObjectHashTables data took   0.65ms
[2021.04.21-21.44.52:704][ 75]LogUObjectHash: Compacting FUObjectHashTables data took   0.61ms
[2021.04.21-21.44.52:714][ 75]LogUObjectHash: Compacting FUObjectHashTables data took   0.68ms
[2021.04.21-21.44.52:726][ 75]LogAIModule: Creating AISystem for world Untitled_1
[2021.04.21-21.44.52:726][ 75]LogAISub: UAISubsystem::UAISubsystem EnvQueryManager (00000228DA94DE00), frame # 11075
[2021.04.21-21.44.52:726][ 75]LogAISub: UAISubsystem::UAISubsystem AIPerceptionSystem (00000228DA1974C0), frame # 11075
[2021.04.21-21.44.52:814][ 75]LogEditorServer: Finished looking for orphan Actors (0.000 secs)
[2021.04.21-21.44.52:825][ 75]LogUObjectHash: Compacting FUObjectHashTables data took   0.65ms
[2021.04.21-21.44.52:832][ 75]Cmd: MAP CHECKDEP NOCLEARLOG
[2021.04.21-21.44.52:833][ 75]MapCheck: Map check complete: 0 Error(s), 0 Warning(s), took 0.371ms to complete.
[2021.04.21-21.44.52:833][ 75]LogFileHelpers: Loading map 'Template_Default' took 0.165
[2021.04.21-21.44.57:740][659]LogEditorViewport: Clicking on Actor (LMB): StaticMeshActor (Floor)
[2021.04.21-21.45.08:701][959]Cmd: TRANSACTION UNDO
[2021.04.21-21.45.08:701][959]LogEditorTransaction: Undo Scale Actors
[2021.04.21-21.45.26:439][ 29]Cmd: TRANSACTION UNDO
[2021.04.21-21.45.26:439][ 29]LogEditorTransaction: Undo Scale Actors
[2021.04.21-21.45.26:663][ 45]Cmd: TRANSACTION UNDO
[2021.04.21-21.45.26:663][ 45]LogEditorTransaction: Undo Scale Actors
[2021.04.21-21.45.26:809][ 53]Cmd: TRANSACTION UNDO
[2021.04.21-21.45.26:809][ 53]LogEditorTransaction: Undo Scale Actors
[2021.04.21-21.45.26:969][ 64]Cmd: TRANSACTION UNDO
[2021.04.21-21.45.26:969][ 64]LogEditorTransaction: Undo Scale Actors
[2021.04.21-21.45.27:124][ 82]Cmd: TRANSACTION UNDO
[2021.04.21-21.45.27:124][ 82]LogEditorTransaction: Undo Scale Actors
[2021.04.21-21.45.27:896][174]Cmd: TRANSACTION UNDO
[2021.04.21-21.45.27:897][174]LogEditorTransaction: Undo Scale Actors
[2021.04.21-21.45.28:973][303]Cmd: TRANSACTION UNDO
[2021.04.21-21.45.28:973][303]LogEditorTransaction: Undo Scale Actors
[2021.04.21-21.45.29:120][320]Cmd: TRANSACTION UNDO
[2021.04.21-21.45.29:120][320]LogEditorTransaction: Undo Scale Actors
[2021.04.21-21.45.29:281][339]Cmd: TRANSACTION UNDO
[2021.04.21-21.45.29:281][339]LogEditorTransaction: Undo Scale Actors
[2021.04.21-21.45.29:442][358]Cmd: TRANSACTION UNDO
[2021.04.21-21.45.29:442][358]LogEditorTransaction: Undo Scale Actors
[2021.04.21-21.45.29:592][376]Cmd: TRANSACTION UNDO
[2021.04.21-21.45.29:592][376]LogEditorTransaction: Undo Clicking on Actors
[2021.04.21-21.45.30:534][488]LogEditorViewport: Clicking on Actor (LMB): StaticMeshActor (Floor)
[2021.04.21-21.45.31:333][580]LogEditorViewport: Clicking on Actor (LMB): StaticMeshActor (Floor)
[2021.04.21-21.45.32:990][777]LogEditorViewport: Clicking on Actor (LMB): StaticMeshActor (Floor)
[2021.04.21-21.45.56:914][601]LogAssetEditorSubsystem: Opening Asset editor for World /Game/VirtualRealityBP/Maps/MotionControllerMap.MotionControllerMap
[2021.04.21-21.45.56:924][601]LogUObjectHash: Compacting FUObjectHashTables data took   0.64ms
[2021.04.21-21.45.56:925][601]Cmd: MAP LOAD FILE="../../../../../Users/gabri/Documents/GitHub/NNI-Project-2/DrifterCW2/Content/VirtualRealityBP/Maps/MotionControllerMap.umap" TEMPLATE=0 SHOWPROGRESS=1 FEATURELEVEL=3
[2021.04.21-21.45.56:925][601]LightingResults: New page: Lighting Build
[2021.04.21-21.45.56:925][601]LoadErrors: New page: Loading map: MotionControllerMap.umap
[2021.04.21-21.45.56:968][601]LogWorld: UWorld::CleanupWorld for Untitled_1, bSessionEnded=true, bCleanupResources=true
[2021.04.21-21.45.56:968][601]LogSlate: InvalidateAllWidgets triggered.  All widgets were invalidated
[2021.04.21-21.45.56:968][601]MapCheck: New page: Map Check
[2021.04.21-21.45.56:968][601]LightingResults: New page: Lighting Build
[2021.04.21-21.45.56:979][601]LogAISub: UAISubsystem::~UAISubsystem AIPerceptionSystem (00000228DA1974C0), frame # 18601
[2021.04.21-21.45.56:979][601]LogAISub: UAISubsystem::~UAISubsystem EnvQueryManager (00000228DA94DE00), frame # 18601
[2021.04.21-21.45.56:979][601]LogUObjectHash: Compacting FUObjectHashTables data took   0.66ms
[2021.04.21-21.45.57:203][601]LogEditorServer: Finished looking for orphan Actors (0.000 secs)
[2021.04.21-21.45.57:203][601]LogAIModule: Creating AISystem for world MotionControllerMap
[2021.04.21-21.45.57:203][601]LogAISub: UAISubsystem::UAISubsystem EnvQueryManager (0000022913612C00), frame # 18601
[2021.04.21-21.45.57:203][601]LogAISub: UAISubsystem::UAISubsystem AIPerceptionSystem (000002290B714A40), frame # 18601
[2021.04.21-21.45.57:215][601]LogUObjectHash: Compacting FUObjectHashTables data took   0.66ms
[2021.04.21-21.45.57:235][601]Cmd: MAP CHECKDEP NOCLEARLOG
[2021.04.21-21.45.57:235][601]MapCheck: Map check complete: 0 Error(s), 0 Warning(s), took 0.162ms to complete.
[2021.04.21-21.45.57:235][601]LogFileHelpers: Loading map 'MotionControllerMap' took 0.310
[2021.04.21-21.46.27:494][217]LogPlayLevel: PlayLevel: No blueprints needed recompiling
[2021.04.21-21.46.27:494][217]PIE: New page: PIE session: MotionControllerMap (21 Apr 2021, 23:46:27)
[2021.04.21-21.46.27:495][217]LogOnline: OSS: Creating online subsystem instance for: NULL
[2021.04.21-21.46.27:496][217]LogOnline: OSS: TryLoadSubsystemAndSetDefault: Loaded subsystem for module [NULL]
[2021.04.21-21.46.27:496][217]LogPlayLevel: Creating play world package: /Game/VirtualRealityBP/Maps/UEDPIE_0_MotionControllerMap
[2021.04.21-21.46.27:509][217]LogPlayLevel: PIE: StaticDuplicateObject took: (0.011750s)
[2021.04.21-21.46.27:509][217]LogAIModule: Creating AISystem for world MotionControllerMap
[2021.04.21-21.46.27:509][217]LogAISub: UAISubsystem::UAISubsystem EnvQueryManager (00000228903A4E00), frame # 22217
[2021.04.21-21.46.27:509][217]LogAISub: UAISubsystem::UAISubsystem AIPerceptionSystem (000002290B5DA0C0), frame # 22217
[2021.04.21-21.46.27:509][217]LogPlayLevel: PIE: World Init took: (0.000844s)
[2021.04.21-21.46.27:510][217]LogPlayLevel: PIE: Created PIE world by copying editor world from /Game/VirtualRealityBP/Maps/MotionControllerMap.MotionControllerMap to /Game/VirtualRealityBP/Maps/UEDPIE_0_MotionControllerMap.MotionControllerMap (0.012714s)
[2021.04.21-21.46.27:519][217]LogUObjectHash: Compacting FUObjectHashTables data took   0.64ms
[2021.04.21-21.46.27:520][217]LogAudioMixer: Display: Audio Mixer Platform Settings:
[2021.04.21-21.46.27:520][217]LogAudioMixer: Display: 	Sample Rate:						  48000
[2021.04.21-21.46.27:520][217]LogAudioMixer: Display: 	Callback Buffer Frame Size Requested: 1024
[2021.04.21-21.46.27:520][217]LogAudioMixer: Display: 	Callback Buffer Frame Size To Use:	  1024
[2021.04.21-21.46.27:520][217]LogAudioMixer: Display: 	Number of buffers to queue:			  2
[2021.04.21-21.46.27:520][217]LogAudioMixer: Display: 	Max Channels (voices):				  32
[2021.04.21-21.46.27:520][217]LogAudioMixer: Display: 	Number of Async Source Workers:		  0
[2021.04.21-21.46.27:520][217]LogAudio: Display: AudioDevice MaxSources: 32
[2021.04.21-21.46.27:520][217]LogAudio: Display: Using built-in audio occlusion.
[2021.04.21-21.46.27:520][217]LogAudioMixer: Display: Initializing audio mixer.
[2021.04.21-21.46.27:528][217]LogAudioMixer: Display: 0: FrontLeft
[2021.04.21-21.46.27:528][217]LogAudioMixer: Display: 1: FrontRight
[2021.04.21-21.46.27:528][217]LogAudioMixer: Display: 2: FrontCenter
[2021.04.21-21.46.27:528][217]LogAudioMixer: Display: 3: LowFrequency
[2021.04.21-21.46.27:528][217]LogAudioMixer: Display: 4: BackLeft
[2021.04.21-21.46.27:528][217]LogAudioMixer: Display: 5: BackRight
[2021.04.21-21.46.27:528][217]LogAudioMixer: Display: 6: SideLeft
[2021.04.21-21.46.27:528][217]LogAudioMixer: Display: 7: SideRight
[2021.04.21-21.46.27:553][217]LogAudioMixer: Display: Using Audio Device Speakers (Logitech PRO X Gaming Headset)
[2021.04.21-21.46.27:554][217]LogAudioMixer: Display: Initializing Sound Submixes...
[2021.04.21-21.46.27:554][217]LogAudioMixer: Display: Creating Master Submix 'MasterSubmixDefault'
[2021.04.21-21.46.27:554][217]LogAudioMixer: Display: Creating Master Submix 'MasterReverbSubmixDefault'
[2021.04.21-21.46.27:554][217]LogAudioMixer: Display: Creating Master Submix 'MasterEQSubmixDefault'
[2021.04.21-21.46.27:566][217]LogInit: FAudioDevice initialized.
[2021.04.21-21.46.27:570][217]LogLoad: Game class is 'GameModeBase'
[2021.04.21-21.46.27:574][217]LogWorld: Bringing World /Game/VirtualRealityBP/Maps/UEDPIE_0_MotionControllerMap.MotionControllerMap up for play (max tick rate 0) at 2021.04.21-22.46.27
[2021.04.21-21.46.27:575][217]LogWorld: Bringing up level for play took: 0.003125
[2021.04.21-21.46.27:576][217]LogOnline: OSS: Creating online subsystem instance for: :Context_8
[2021.04.21-21.46.27:580][217]LogContentBrowser: Native class hierarchy updated for 'MovieSceneCapture' in 0.0005 seconds. Added 20 classes and 0 folders.
[2021.04.21-21.46.27:582][217]PIE: Server logged in
[2021.04.21-21.46.27:584][217]PIE: Play in editor total start time 0.092 seconds.
[2021.04.21-21.46.58:649][937]LogSlate: Updating window title bar state: overlay mode, drag disabled, window buttons hidden, title bar hidden
[2021.04.21-21.46.58:649][937]LogWorld: BeginTearingDown for /Game/VirtualRealityBP/Maps/UEDPIE_0_MotionControllerMap
[2021.04.21-21.46.58:649][937]LogWorld: UWorld::CleanupWorld for MotionControllerMap, bSessionEnded=true, bCleanupResources=true
[2021.04.21-21.46.58:649][937]LogSlate: InvalidateAllWidgets triggered.  All widgets were invalidated
[2021.04.21-21.46.58:660][937]LogPlayLevel: Display: Shutting down PIE online subsystems
[2021.04.21-21.46.58:662][937]LogSlate: InvalidateAllWidgets triggered.  All widgets were invalidated
[2021.04.21-21.46.58:670][937]LogSlate: Updating window title bar state: overlay mode, drag disabled, window buttons hidden, title bar hidden
[2021.04.21-21.46.58:686][937]LogAISub: UAISubsystem::~UAISubsystem AIPerceptionSystem (000002290B5DA0C0), frame # 25937
[2021.04.21-21.46.58:686][937]LogAISub: UAISubsystem::~UAISubsystem EnvQueryManager (00000228903A4E00), frame # 25937
[2021.04.21-21.46.58:687][937]LogUObjectHash: Compacting FUObjectHashTables data took   0.77ms
[2021.04.21-21.46.58:714][938]LogPlayLevel: Display: Destroying online subsystem :Context_8
[2021.04.21-21.47.03:187][466]LogUObjectHash: Compacting FUObjectHashTables data took   0.92ms
[2021.04.21-21.47.03:241][466]LogSavePackage: Moving '../../../../../Users/gabri/Documents/GitHub/NNI-Project-2/DrifterCW2/Saved/MotionControllerMap7949C3A544BD0269E86D3983DA6D5E16.tmp' to '../../../../../Users/gabri/Documents/GitHub/NNI-Project-2/DrifterCW2/Content/VirtualRealityBP/Maps/MotionControllerMap.umap'
[2021.04.21-21.47.03:370][466]LogSavePackage: Moving '../../../../../Users/gabri/Documents/GitHub/NNI-Project-2/DrifterCW2/Saved/MotionControllerMap_BuiltData88825B4A481DE2DEB52316873125D457.tmp' to '../../../../../Users/gabri/Documents/GitHub/NNI-Project-2/DrifterCW2/Content/VirtualRealityBP/Maps/MotionControllerMap_BuiltData.uasset'
[2021.04.21-21.47.03:381][466]AssetCheck: New page: Asset Save: multiple assets
[2021.04.21-21.47.03:381][466]LogContentValidation: Display: Validating World /Game/VirtualRealityBP/Maps/MotionControllerMap.MotionControllerMap
[2021.04.21-21.47.03:381][466]LogContentValidation: Display: Validating MapBuildDataRegistry /Game/VirtualRealityBP/Maps/MotionControllerMap_BuiltData.MotionControllerMap_BuiltData
[2021.04.21-21.47.07:801][988]LogUObjectHash: Compacting FUObjectHashTables data took   0.61ms
