Log file open, 05/07/21 17:53:15
LogInit: Display: Running engine for game: DrifterVR
LogPlatformFile: Not using cached read wrapper
LogTaskGraph: Started task graph with 5 named threads and 47 total threads with 3 sets of task threads.
LogStats: Stats thread started at 0.177144
LogD3D11RHI: Loaded GFSDK_Aftermath_Lib.x64.dll
LogICUInternationalization: ICU TimeZone Detection - Raw Offset: +0:00, Platform Override: ''
LogPluginManager: Mounting plugin Paper2D
LogPluginManager: Mounting plugin AISupport
LogPluginManager: Mounting plugin LightPropagationVolume
LogPluginManager: Mounting plugin CameraShakePreviewer
LogPluginManager: Mounting plugin ActorLayerUtilities
LogPluginManager: Mounting plugin AnimationSharing
LogPluginManager: Mounting plugin CLionSourceCodeAccess
LogPluginManager: Mounting plugin CodeLiteSourceCodeAccess
LogPluginManager: Mounting plugin GitSourceControl
LogPluginManager: Mounting plugin KDevelopSourceCodeAccess
LogPluginManager: Mounting plugin NullSourceCodeAccess
LogPluginManager: Mounting plugin PerforceSourceControl
LogPluginManager: Mounting plugin PlasticSourceControl
LogPluginManager: Mounting plugin RiderSourceCodeAccess
LogPluginManager: Mounting plugin SubversionSourceControl
LogPluginManager: Mounting plugin UObjectPlugin
LogPluginManager: Mounting plugin VisualStudioCodeSourceCodeAccess
LogPluginManager: Mounting plugin VisualStudioSourceCodeAccess
LogPluginManager: Mounting plugin XCodeSourceCodeAccess
LogPluginManager: Mounting plugin AssetManagerEditor
LogPluginManager: Mounting plugin CryptoKeys
LogPluginManager: Mounting plugin CurveEditorTools
LogPluginManager: Mounting plugin DataValidation
LogPluginManager: Mounting plugin EditorScriptingUtilities
LogPluginManager: Mounting plugin FacialAnimation
LogPluginManager: Mounting plugin GameplayTagsEditor
LogPluginManager: Mounting plugin GeometryMode
LogPluginManager: Mounting plugin MacGraphicsSwitching
LogPluginManager: Mounting plugin MaterialAnalyzer
LogPluginManager: Mounting plugin MobileLauncherProfileWizard
LogPluginManager: Mounting plugin PluginBrowser
LogPluginManager: Mounting plugin SpeedTreeImporter
LogPluginManager: Mounting plugin DatasmithContent
LogPluginManager: Mounting plugin VariantManagerContent
LogPluginManager: Mounting plugin AlembicImporter
LogPluginManager: Mounting plugin AutomationUtils
LogPluginManager: Mounting plugin BackChannel
LogPluginManager: Mounting plugin ChaosCloth
LogPluginManager: Mounting plugin ChaosClothEditor
LogPluginManager: Mounting plugin ChaosEditor
LogPluginManager: Mounting plugin ChaosNiagara
LogPluginManager: Mounting plugin ChaosSolverPlugin
LogPluginManager: Mounting plugin CharacterAI
LogPluginManager: Mounting plugin GeometryCache
LogPluginManager: Mounting plugin GeometryCollectionPlugin
LogPluginManager: Mounting plugin GeometryProcessing
LogPluginManager: Mounting plugin PlanarCut
LogPluginManager: Mounting plugin PlatformCrypto
LogPluginManager: Mounting plugin ProxyLODPlugin
LogPluginManager: Mounting plugin SkeletalReduction
LogPluginManager: Mounting plugin Niagara
LogPluginManager: Mounting plugin MagicLeap
LogPluginManager: Mounting plugin MagicLeapLightEstimation
LogPluginManager: Mounting plugin MagicLeapMedia
LogPluginManager: Mounting plugin MagicLeapPassableWorld
LogPluginManager: Mounting plugin MLSDK
LogPluginManager: Mounting plugin AndroidMedia
LogPluginManager: Mounting plugin AvfMedia
LogPluginManager: Mounting plugin ImgMedia
LogPluginManager: Mounting plugin MediaCompositing
LogPluginManager: Mounting plugin MediaPlayerEditor
LogPluginManager: Mounting plugin WebMMedia
LogPluginManager: Mounting plugin WmfMedia
LogPluginManager: Mounting plugin MeshPainting
LogPluginManager: Mounting plugin TcpMessaging
LogPluginManager: Mounting plugin UdpMessaging
LogPluginManager: Mounting plugin ActorSequence
LogPluginManager: Mounting plugin LevelSequenceEditor
LogPluginManager: Mounting plugin MatineeToLevelSequence
LogPluginManager: Mounting plugin MovieRenderPipeline
LogPluginManager: Mounting plugin TemplateSequence
LogPluginManager: Mounting plugin NetcodeUnitTest
LogPluginManager: Mounting plugin NUTUnrealEngine4
LogPluginManager: Mounting plugin OnlineSubsystemGooglePlay
LogPluginManager: Mounting plugin OnlineSubsystemIOS
LogPluginManager: Mounting plugin OnlineSubsystem
LogPluginManager: Mounting plugin OnlineSubsystemNull
LogPluginManager: Mounting plugin OnlineSubsystemSteam
LogPluginManager: Mounting plugin OnlineSubsystemUtils
LogPluginManager: Mounting plugin LauncherChunkInstaller
LogPluginManager: Mounting plugin AndroidDeviceProfileSelector
LogPluginManager: Mounting plugin AndroidMoviePlayer
LogPluginManager: Mounting plugin AndroidPermission
LogPluginManager: Mounting plugin AppleImageUtils
LogPluginManager: Mounting plugin AppleMoviePlayer
LogPluginManager: Mounting plugin ArchVisCharacter
LogPluginManager: Mounting plugin AssetTags
LogPluginManager: Mounting plugin AudioCapture
LogPluginManager: Mounting plugin CableComponent
LogPluginManager: Mounting plugin CustomMeshComponent
LogPluginManager: Mounting plugin EditableMesh
LogPluginManager: Mounting plugin ExampleDeviceProfileSelector
LogPluginManager: Mounting plugin GoogleCloudMessaging
LogPluginManager: Mounting plugin GooglePAD
LogPluginManager: Mounting plugin IOSDeviceProfileSelector
LogPluginManager: Mounting plugin LinuxDeviceProfileSelector
LogPluginManager: Mounting plugin LocationServicesBPLibrary
LogPluginManager: Mounting plugin MobilePatchingUtils
LogPluginManager: Mounting plugin OculusVR
LogPluginManager: Mounting plugin PhysXVehicles
LogPluginManager: Mounting plugin PostSplashScreen
LogPluginManager: Mounting plugin ProceduralMeshComponent
LogPluginManager: Mounting plugin RuntimePhysXCooking
LogPluginManager: Mounting plugin SignificanceManager
LogPluginManager: Mounting plugin SoundFields
LogPluginManager: Mounting plugin SteamShared
LogPluginManager: Mounting plugin SteamVR
LogPluginManager: Mounting plugin Synthesis
LogPluginManager: Mounting plugin WebMMoviePlayer
LogPluginManager: Mounting plugin WindowsMoviePlayer
LogPluginManager: Mounting plugin ScreenshotTools
LogPluginManager: Mounting plugin AdvancedSessions
LogPluginManager: Mounting plugin OpenVRExpansionPlugin
LogPluginManager: Mounting plugin VRExpansionPlugin
LogInit: Using libcurl 7.55.1-DEV
LogInit:  - built for x86_64-pc-win32
LogInit:  - supports SSL with OpenSSL/1.1.1
LogInit:  - supports HTTP deflate (compression) using libz 1.2.8
LogInit:  - other features:
LogInit:      CURL_VERSION_SSL
LogInit:      CURL_VERSION_LIBZ
LogInit:      CURL_VERSION_IPV6
LogInit:      CURL_VERSION_ASYNCHDNS
LogInit:      CURL_VERSION_LARGEFILE
LogInit:      CURL_VERSION_IDN
LogInit:  CurlRequestOptions (configurable via config and command line):
LogInit:  - bVerifyPeer = true  - Libcurl will verify peer certificate
LogInit:  - bUseHttpProxy = false  - Libcurl will NOT use HTTP proxy
LogInit:  - bDontReuseConnections = false  - Libcurl will reuse connections
LogInit:  - MaxHostConnections = 16  - Libcurl will limit the number of connections to a host
LogInit:  - LocalHostAddr = Default
LogInit:  - BufferSize = 65536
LogSteamShared: Display: Loading Steam SDK 1.47
LogSteamShared: Steam SDK Loaded!
LogOnline: OSS: Creating online subsystem instance for: Steam
LogOnline: Warning: STEAM: Steam API disabled!
LogOnline: Display: STEAM: OnlineSubsystemSteam::Shutdown()
LogOnline: OSS: Unable to create OnlineSubsystem module Steam
LogOnline: OSS: Creating online subsystem instance for: NULL
LogInit: WinSock: version 1.1 (2.2), MaxSocks=32767, MaxUdp=65467
LogOnline: OSS: TryLoadSubsystemAndSetDefault: Loaded subsystem for module [NULL]
LogInit: Build: ++UE4+Release-4.25-CL-14469661
LogInit: Engine Version: 4.25.4-14469661+++UE4+Release-4.25
LogInit: Compatible Engine Version: 4.25.0-13144385+++UE4+Release-4.25
LogInit: Net CL: 13144385
LogInit: OS: Windows 10 (Release 2009) (), CPU: AMD Ryzen 7 5800X 8-Core Processor             , GPU: NVIDIA GeForce RTX 3080
LogInit: Compiled (64-bit): Oct 11 2020 08:10:49
LogInit: Compiled with Visual C++: 19.24.28315.00
LogInit: Build Configuration: Development
LogInit: Branch Name: ++UE4+Release-4.25
LogInit: Command Line:  /Game/VirtualRealityBP/Maps/MotionControllerMap -game -PIEVIACONSOLE -Multiprocess "GameUserSettingsINI=C:/Users/Vari/Desktop/Work/GitHub Temp/NNI-Project-2/DrifterCW2/Saved/Config/Windows/PIEGameUserSettings0.ini" -MultiprocessSaveConfig -MultiprocessOSS -messaging -SessionName="Play in Standalone Game" -featureleveles31 -faketouches -MultiprocessSaveConfig -windowed -ResX=1280 -ResY=720
LogInit: Base Directory: C:/Program Files/Epic Games/UE_4.25/Engine/Binaries/Win64/
LogInit: Allocator: TBB
LogInit: Installed Engine Build: 1
LogDevObjectVersion: Number of dev versions registered: 26
LogDevObjectVersion:   Dev-Blueprints (B0D832E4-1F89-4F0D-ACCF-7EB736FD4AA2): 10
LogDevObjectVersion:   Dev-Build (E1C64328-A22C-4D53-A36C-8E866417BD8C): 0
LogDevObjectVersion:   Dev-Core (375EC13C-06E4-48FB-B500-84F0262A717E): 4
LogDevObjectVersion:   Dev-Editor (E4B068ED-F494-42E9-A231-DA0B2E46BB41): 38
LogDevObjectVersion:   Dev-Framework (CFFC743F-43B0-4480-9391-14DF171D2073): 37
LogDevObjectVersion:   Dev-Mobile (B02B49B5-BB20-44E9-A304-32B752E40360): 2
LogDevObjectVersion:   Dev-Networking (A4E4105C-59A1-49B5-A7C5-40C4547EDFEE): 0
LogDevObjectVersion:   Dev-Online (39C831C9-5AE6-47DC-9A44-9C173E1C8E7C): 0
LogDevObjectVersion:   Dev-Physics (78F01B33-EBEA-4F98-B9B4-84EACCB95AA2): 4
LogDevObjectVersion:   Dev-Platform (6631380F-2D4D-43E0-8009-CF276956A95A): 0
LogDevObjectVersion:   Dev-Rendering (12F88B9F-8875-4AFC-A67C-D90C383ABD29): 43
LogDevObjectVersion:   Dev-Sequencer (7B5AE74C-D270-4C10-A958-57980B212A5A): 12
LogDevObjectVersion:   Dev-VR (D7296918-1DD6-4BDD-9DE2-64A83CC13884): 3
LogDevObjectVersion:   Dev-LoadTimes (C2A15278-BFE7-4AFE-6C17-90FF531DF755): 1
LogDevObjectVersion:   Private-Geometry (6EACA3D4-40EC-4CC1-B786-8BED09428FC5): 3
LogDevObjectVersion:   Dev-AnimPhys (29E575DD-E0A3-4627-9D10-D276232CDCEA): 17
LogDevObjectVersion:   Dev-Anim (AF43A65D-7FD3-4947-9873-3E8ED9C1BB05): 7
LogDevObjectVersion:   Dev-ReflectionCapture (6B266CEC-1EC7-4B8F-A30B-E4D90942FC07): 1
LogDevObjectVersion:   Dev-Automation (0DF73D61-A23F-47EA-B727-89E90C41499A): 1
LogDevObjectVersion:   FortniteMain (601D1886-AC64-4F84-AA16-D3DE0DEAC7D6): 31
LogDevObjectVersion:   Dev-Enterprise (9DFFBCD6-494F-0158-E221-12823C92A888): 10
LogDevObjectVersion:   Dev-Niagara (F2AED0AC-9AFE-416F-8664-AA7FFA26D6FC): 1
LogDevObjectVersion:   Dev-Destruction (174F1F0B-B4C6-45A5-B13F-2EE8D0FB917D): 10
LogDevObjectVersion:   Dev-Physics-Ext (35F94A83-E258-406C-A318-09F59610247C): 37
LogDevObjectVersion:   Dev-PhysicsMaterial-Chaos (B68FC16E-8B1B-42E2-B453-215C058844FE): 1
LogDevObjectVersion:   Dev-CineCamera (B2E18506-4273-CFC2-A54E-F4BB758BBA07): 1
LogInit: Presizing for max 25165824 objects, including 0 objects not considered by GC, pre-allocating 0 bytes for permanent pool.
LogConfig: Applying CVar settings from Section [/Script/Engine.StreamingSettings] File [C:/Users/Vari/Desktop/Work/GitHub Temp/NNI-Project-2/DrifterCW2/Saved/Config/Windows/Engine.ini]
LogConfig: Setting CVar [[s.MinBulkDataSizeForAsyncLoading:131072]]
LogConfig: Setting CVar [[s.AsyncLoadingThreadEnabled:0]]
LogConfig: Setting CVar [[s.EventDrivenLoaderEnabled:1]]
LogConfig: Setting CVar [[s.WarnIfTimeLimitExceeded:0]]
LogConfig: Setting CVar [[s.TimeLimitExceededMultiplier:1.5]]
LogConfig: Setting CVar [[s.TimeLimitExceededMinTime:0.005]]
LogConfig: Setting CVar [[s.UseBackgroundLevelStreaming:1]]
LogConfig: Setting CVar [[s.PriorityAsyncLoadingExtraTime:15.0]]
LogConfig: Setting CVar [[s.LevelStreamingActorsUpdateTimeLimit:5.0]]
LogConfig: Setting CVar [[s.PriorityLevelStreamingActorsUpdateExtraTime:5.0]]
LogConfig: Setting CVar [[s.LevelStreamingComponentsRegistrationGranularity:10]]
LogConfig: Setting CVar [[s.UnregisterComponentsTimeLimit:1.0]]
LogConfig: Setting CVar [[s.LevelStreamingComponentsUnregistrationGranularity:5]]
LogConfig: Setting CVar [[s.FlushStreamingOnExit:1]]
LogInit: Object subsystem initialized
LogConfig: Setting CVar [[con.DebugEarlyDefault:1]]
LogConfig: Setting CVar [[r.setres:1280x720]]
[2021.05.07-16.53.15:416][  0]LogConfig: Setting CVar [[con.DebugEarlyDefault:1]]
[2021.05.07-16.53.15:416][  0]LogConfig: Setting CVar [[r.setres:1280x720]]
[2021.05.07-16.53.15:416][  0]LogConfig: Applying CVar settings from Section [/Script/Engine.RendererSettings] File [C:/Users/Vari/Desktop/Work/GitHub Temp/NNI-Project-2/DrifterCW2/Saved/Config/Windows/Engine.ini]
[2021.05.07-16.53.15:416][  0]LogConfig: Setting CVar [[r.GPUCrashDebugging:0]]
[2021.05.07-16.53.15:416][  0]LogConfig: Setting CVar [[r.DefaultFeature.AmbientOcclusion:0]]
[2021.05.07-16.53.15:416][  0]LogConfig: Setting CVar [[r.DefaultFeature.AmbientOcclusionStaticFraction:0]]
[2021.05.07-16.53.15:416][  0]LogConfig: Setting CVar [[vr.InstancedStereo:1]]
[2021.05.07-16.53.15:416][  0]LogConfig: Setting CVar [[r.SeparateTranslucency:0]]
[2021.05.07-16.53.15:416][  0]LogConfig: Setting CVar [[r.HZBOcclusion:0]]
[2021.05.07-16.53.15:416][  0]LogConfig: Setting CVar [[r.SSR.MaxRoughness:0]]
[2021.05.07-16.53.15:416][  0]LogConfig: Setting CVar [[r.rhicmdbypass:0]]
[2021.05.07-16.53.15:416][  0]LogConfig: Setting CVar [[r.ForwardShading:1]]
[2021.05.07-16.53.15:416][  0]LogConfig: Setting CVar [[r.DefaultFeature.AntiAliasing:3]]
[2021.05.07-16.53.15:416][  0]LogConfig: Setting CVar [[r.AllowStaticLighting:1]]
[2021.05.07-16.53.15:416][  0]LogConfig: Setting CVar [[r.DefaultFeature.MotionBlur:0]]
[2021.05.07-16.53.15:416][  0]LogConfig: Setting CVar [[r.DefaultFeature.Bloom:1]]
[2021.05.07-16.53.15:416][  0]LogConfig: Setting CVar [[r.DefaultFeature.AutoExposure:0]]
[2021.05.07-16.53.15:416][  0]LogConfig: Setting CVar [[r.CustomDepth:0]]
[2021.05.07-16.53.15:416][  0]LogConfig: Setting CVar [[r.CustomDepthTemporalAAJitter:0]]
[2021.05.07-16.53.15:416][  0]LogConfig: Setting CVar [[r.EarlyZPass:3]]
[2021.05.07-16.53.15:416][  0]LogConfig: Setting CVar [[r.GBufferFormat:1]]
[2021.05.07-16.53.15:416][  0]LogConfig: Setting CVar [[r.Mobile.UseHWsRGBEncoding:1]]
[2021.05.07-16.53.15:416][  0]LogConfig: Applying CVar settings from Section [/Script/Engine.RendererOverrideSettings] File [C:/Users/Vari/Desktop/Work/GitHub Temp/NNI-Project-2/DrifterCW2/Saved/Config/Windows/Engine.ini]
[2021.05.07-16.53.15:416][  0]LogConfig: Applying CVar settings from Section [/Script/Engine.StreamingSettings] File [C:/Users/Vari/Desktop/Work/GitHub Temp/NNI-Project-2/DrifterCW2/Saved/Config/Windows/Engine.ini]
[2021.05.07-16.53.15:416][  0]LogConfig: Setting CVar [[s.MinBulkDataSizeForAsyncLoading:131072]]
[2021.05.07-16.53.15:416][  0]LogConfig: Setting CVar [[s.AsyncLoadingThreadEnabled:0]]
[2021.05.07-16.53.15:416][  0]LogConfig: Setting CVar [[s.EventDrivenLoaderEnabled:1]]
[2021.05.07-16.53.15:416][  0]LogConfig: Setting CVar [[s.WarnIfTimeLimitExceeded:0]]
[2021.05.07-16.53.15:416][  0]LogConfig: Setting CVar [[s.TimeLimitExceededMultiplier:1.5]]
[2021.05.07-16.53.15:416][  0]LogConfig: Setting CVar [[s.TimeLimitExceededMinTime:0.005]]
[2021.05.07-16.53.15:416][  0]LogConfig: Setting CVar [[s.UseBackgroundLevelStreaming:1]]
[2021.05.07-16.53.15:416][  0]LogConfig: Setting CVar [[s.PriorityAsyncLoadingExtraTime:15.0]]
[2021.05.07-16.53.15:416][  0]LogConfig: Setting CVar [[s.LevelStreamingActorsUpdateTimeLimit:5.0]]
[2021.05.07-16.53.15:416][  0]LogConfig: Setting CVar [[s.PriorityLevelStreamingActorsUpdateExtraTime:5.0]]
[2021.05.07-16.53.15:416][  0]LogConfig: Setting CVar [[s.LevelStreamingComponentsRegistrationGranularity:10]]
[2021.05.07-16.53.15:416][  0]LogConfig: Setting CVar [[s.UnregisterComponentsTimeLimit:1.0]]
[2021.05.07-16.53.15:416][  0]LogConfig: Setting CVar [[s.LevelStreamingComponentsUnregistrationGranularity:5]]
[2021.05.07-16.53.15:416][  0]LogConfig: Setting CVar [[s.FlushStreamingOnExit:1]]
[2021.05.07-16.53.15:416][  0]LogConfig: Applying CVar settings from Section [/Script/Engine.GarbageCollectionSettings] File [C:/Users/Vari/Desktop/Work/GitHub Temp/NNI-Project-2/DrifterCW2/Saved/Config/Windows/Engine.ini]
[2021.05.07-16.53.15:416][  0]LogConfig: Setting CVar [[gc.MaxObjectsNotConsideredByGC:1]]
[2021.05.07-16.53.15:416][  0]LogConfig: Setting CVar [[gc.SizeOfPermanentObjectPool:0]]
[2021.05.07-16.53.15:416][  0]LogConfig: Setting CVar [[gc.FlushStreamingOnGC:0]]
[2021.05.07-16.53.15:416][  0]LogConfig: Setting CVar [[gc.NumRetriesBeforeForcingGC:10]]
[2021.05.07-16.53.15:416][  0]LogConfig: Setting CVar [[gc.AllowParallelGC:1]]
[2021.05.07-16.53.15:416][  0]LogConfig: Setting CVar [[gc.TimeBetweenPurgingPendingKillObjects:61.1]]
[2021.05.07-16.53.15:416][  0]LogConfig: Setting CVar [[gc.MaxObjectsInEditor:25165824]]
[2021.05.07-16.53.15:416][  0]LogConfig: Setting CVar [[gc.IncrementalBeginDestroyEnabled:1]]
[2021.05.07-16.53.15:416][  0]LogConfig: Setting CVar [[gc.CreateGCClusters:1]]
[2021.05.07-16.53.15:416][  0]LogConfig: Setting CVar [[gc.MinGCClusterSize:5]]
[2021.05.07-16.53.15:416][  0]LogConfig: Setting CVar [[gc.ActorClusteringEnabled:0]]
[2021.05.07-16.53.15:416][  0]LogConfig: Setting CVar [[gc.BlueprintClusteringEnabled:0]]
[2021.05.07-16.53.15:416][  0]LogConfig: Setting CVar [[gc.UseDisregardForGCOnDedicatedServers:0]]
[2021.05.07-16.53.15:416][  0]LogConfig: Applying CVar settings from Section [/Script/Engine.NetworkSettings] File [C:/Users/Vari/Desktop/Work/GitHub Temp/NNI-Project-2/DrifterCW2/Saved/Config/Windows/Engine.ini]
[2021.05.07-16.53.15:416][  0]LogConfig: Applying CVar settings from Section [/Script/UnrealEd.CookerSettings] File [C:/Users/Vari/Desktop/Work/GitHub Temp/NNI-Project-2/DrifterCW2/Saved/Config/Windows/Engine.ini]
[2021.05.07-16.53.15:425][  0]LogConfig: Applying CVar settings from Section [ViewDistanceQuality@3] File [C:/Users/Vari/Desktop/Work/GitHub Temp/NNI-Project-2/DrifterCW2/Saved/Config/Windows/Scalability.ini]
[2021.05.07-16.53.15:425][  0]LogConfig: Setting CVar [[r.SkeletalMeshLODBias:0]]
[2021.05.07-16.53.15:425][  0]LogConfig: Setting CVar [[r.ViewDistanceScale:1.0]]
[2021.05.07-16.53.15:425][  0]LogConfig: Applying CVar settings from Section [AntiAliasingQuality@3] File [C:/Users/Vari/Desktop/Work/GitHub Temp/NNI-Project-2/DrifterCW2/Saved/Config/Windows/Scalability.ini]
[2021.05.07-16.53.15:425][  0]LogConfig: Setting CVar [[r.PostProcessAAQuality:3]]
[2021.05.07-16.53.15:425][  0]LogConfig: Applying CVar settings from Section [ShadowQuality@3] File [C:/Users/Vari/Desktop/Work/GitHub Temp/NNI-Project-2/DrifterCW2/Saved/Config/Windows/Scalability.ini]
[2021.05.07-16.53.15:425][  0]LogConfig: Setting CVar [[r.LightFunctionQuality:1]]
[2021.05.07-16.53.15:425][  0]LogConfig: Setting CVar [[r.ShadowQuality:5]]
[2021.05.07-16.53.15:425][  0]LogConfig: Setting CVar [[r.Shadow.CSM.MaxCascades:10]]
[2021.05.07-16.53.15:425][  0]LogConfig: Setting CVar [[r.Shadow.MaxResolution:2048]]
[2021.05.07-16.53.15:425][  0]LogConfig: Setting CVar [[r.Shadow.MaxCSMResolution:2048]]
[2021.05.07-16.53.15:425][  0]LogConfig: Setting CVar [[r.Shadow.RadiusThreshold:0.01]]
[2021.05.07-16.53.15:425][  0]LogConfig: Setting CVar [[r.Shadow.DistanceScale:1.0]]
[2021.05.07-16.53.15:425][  0]LogConfig: Setting CVar [[r.Shadow.CSM.TransitionScale:1.0]]
[2021.05.07-16.53.15:425][  0]LogConfig: Setting CVar [[r.Shadow.PreShadowResolutionFactor:1.0]]
[2021.05.07-16.53.15:425][  0]LogConfig: Setting CVar [[r.DistanceFieldShadowing:1]]
[2021.05.07-16.53.15:426][  0]LogConfig: Setting CVar [[r.DistanceFieldAO:1]]
[2021.05.07-16.53.15:426][  0]LogConfig: Setting CVar [[r.AOQuality:2]]
[2021.05.07-16.53.15:426][  0]LogConfig: Setting CVar [[r.VolumetricFog:1]]
[2021.05.07-16.53.15:426][  0]LogConfig: Setting CVar [[r.VolumetricFog.GridPixelSize:8]]
[2021.05.07-16.53.15:426][  0]LogConfig: Setting CVar [[r.VolumetricFog.GridSizeZ:128]]
[2021.05.07-16.53.15:426][  0]LogConfig: Setting CVar [[r.VolumetricFog.HistoryMissSupersampleCount:4]]
[2021.05.07-16.53.15:426][  0]LogConfig: Setting CVar [[r.LightMaxDrawDistanceScale:1]]
[2021.05.07-16.53.15:426][  0]LogConfig: Setting CVar [[r.CapsuleShadows:1]]
[2021.05.07-16.53.15:426][  0]LogConfig: Applying CVar settings from Section [PostProcessQuality@3] File [C:/Users/Vari/Desktop/Work/GitHub Temp/NNI-Project-2/DrifterCW2/Saved/Config/Windows/Scalability.ini]
[2021.05.07-16.53.15:426][  0]LogConfig: Setting CVar [[r.MotionBlurQuality:0]]
[2021.05.07-16.53.15:426][  0]LogConfig: Setting CVar [[r.AmbientOcclusionMipLevelFactor:0.4]]
[2021.05.07-16.53.15:426][  0]LogConfig: Setting CVar [[r.AmbientOcclusionMaxQuality:100]]
[2021.05.07-16.53.15:426][  0]LogConfig: Setting CVar [[r.AmbientOcclusionLevels:0]]
[2021.05.07-16.53.15:426][  0]LogConfig: Setting CVar [[r.AmbientOcclusionRadiusScale:1.0]]
[2021.05.07-16.53.15:426][  0]LogConfig: Setting CVar [[r.DepthOfFieldQuality:0]]
[2021.05.07-16.53.15:426][  0]LogConfig: Setting CVar [[r.RenderTargetPoolMin:400]]
[2021.05.07-16.53.15:426][  0]LogConfig: Setting CVar [[r.LensFlareQuality:0]]
[2021.05.07-16.53.15:426][  0]LogConfig: Setting CVar [[r.SceneColorFringeQuality:0]]
[2021.05.07-16.53.15:426][  0]LogConfig: Setting CVar [[r.EyeAdaptationQuality:2]]
[2021.05.07-16.53.15:426][  0]LogConfig: Setting CVar [[r.BloomQuality:1]]
[2021.05.07-16.53.15:426][  0]LogConfig: Setting CVar [[r.FastBlurThreshold:0]]
[2021.05.07-16.53.15:426][  0]LogConfig: Setting CVar [[r.Upscale.Quality:3]]
[2021.05.07-16.53.15:426][  0]LogConfig: Setting CVar [[r.Tonemapper.GrainQuantization:1]]
[2021.05.07-16.53.15:426][  0]LogConfig: Setting CVar [[r.LightShaftQuality:1]]
[2021.05.07-16.53.15:426][  0]LogConfig: Setting CVar [[r.Filter.SizeScale:1]]
[2021.05.07-16.53.15:426][  0]LogConfig: Setting CVar [[r.Tonemapper.Quality:5]]
[2021.05.07-16.53.15:426][  0]LogConfig: Setting CVar [[r.DOF.Gather.AccumulatorQuality:1        ; higher gathering accumulator quality]]
[2021.05.07-16.53.15:426][  0]LogConfig: Setting CVar [[r.DOF.Gather.PostfilterMethod:1          ; Median3x3 postfilering method]]
[2021.05.07-16.53.15:426][  0]LogConfig: Setting CVar [[r.DOF.Gather.EnableBokehSettings:0       ; no bokeh simulation when gathering]]
[2021.05.07-16.53.15:426][  0]LogConfig: Setting CVar [[r.DOF.Gather.RingCount:4                 ; medium number of samples when gathering]]
[2021.05.07-16.53.15:426][  0]LogConfig: Setting CVar [[r.DOF.Scatter.ForegroundCompositing:1    ; additive foreground scattering]]
[2021.05.07-16.53.15:426][  0]LogConfig: Setting CVar [[r.DOF.Scatter.BackgroundCompositing:2    ; additive background scattering]]
[2021.05.07-16.53.15:426][  0]LogConfig: Setting CVar [[r.DOF.Scatter.EnableBokehSettings:1      ; bokeh simulation when scattering]]
[2021.05.07-16.53.15:426][  0]LogConfig: Setting CVar [[r.DOF.Scatter.MaxSpriteRatio:0.1         ; only a maximum of 10% of scattered bokeh]]
[2021.05.07-16.53.15:426][  0]LogConfig: Setting CVar [[r.DOF.Recombine.Quality:1                ; cheap slight out of focus]]
[2021.05.07-16.53.15:426][  0]LogConfig: Setting CVar [[r.DOF.Recombine.EnableBokehSettings:0    ; no bokeh simulation on slight out of focus]]
[2021.05.07-16.53.15:426][  0]LogConfig: Setting CVar [[r.DOF.TemporalAAQuality:1                ; more stable temporal accumulation]]
[2021.05.07-16.53.15:426][  0]LogConfig: Setting CVar [[r.DOF.Kernel.MaxForegroundRadius:0.025]]
[2021.05.07-16.53.15:426][  0]LogConfig: Setting CVar [[r.DOF.Kernel.MaxBackgroundRadius:0.025]]
[2021.05.07-16.53.15:426][  0]LogConfig: Applying CVar settings from Section [TextureQuality@3] File [C:/Users/Vari/Desktop/Work/GitHub Temp/NNI-Project-2/DrifterCW2/Saved/Config/Windows/Scalability.ini]
[2021.05.07-16.53.15:426][  0]LogConfig: Setting CVar [[r.Streaming.MipBias:0]]
[2021.05.07-16.53.15:426][  0]LogConfig: Setting CVar [[r.Streaming.AmortizeCPUToGPUCopy:0]]
[2021.05.07-16.53.15:426][  0]LogConfig: Setting CVar [[r.Streaming.MaxNumTexturesToStreamPerFrame:0]]
[2021.05.07-16.53.15:426][  0]LogConfig: Setting CVar [[r.Streaming.Boost:1]]
[2021.05.07-16.53.15:426][  0]LogConfig: Setting CVar [[r.MaxAnisotropy:8]]
[2021.05.07-16.53.15:426][  0]LogConfig: Setting CVar [[r.VT.MaxAnisotropy:8]]
[2021.05.07-16.53.15:426][  0]LogConfig: Setting CVar [[r.Streaming.LimitPoolSizeToVRAM:0]]
[2021.05.07-16.53.15:426][  0]LogConfig: Setting CVar [[r.Streaming.PoolSize:1000]]
[2021.05.07-16.53.15:426][  0]LogConfig: Setting CVar [[r.Streaming.MaxEffectiveScreenSize:0]]
[2021.05.07-16.53.15:426][  0]LogConfig: Applying CVar settings from Section [EffectsQuality@3] File [C:/Users/Vari/Desktop/Work/GitHub Temp/NNI-Project-2/DrifterCW2/Saved/Config/Windows/Scalability.ini]
[2021.05.07-16.53.15:426][  0]LogConfig: Setting CVar [[r.TranslucencyLightingVolumeDim:4]]
[2021.05.07-16.53.15:426][  0]LogConfig: Setting CVar [[r.RefractionQuality:2]]
[2021.05.07-16.53.15:426][  0]LogConfig: Setting CVar [[r.SSR.Quality:0]]
[2021.05.07-16.53.15:426][  0]LogConfig: Setting CVar [[r.SSR.HalfResSceneColor:0]]
[2021.05.07-16.53.15:426][  0]LogConfig: Setting CVar [[r.SceneColorFormat:2]]
[2021.05.07-16.53.15:426][  0]LogConfig: Setting CVar [[r.DetailMode:2]]
[2021.05.07-16.53.15:426][  0]LogConfig: Setting CVar [[r.TranslucencyVolumeBlur:0]]
[2021.05.07-16.53.15:426][  0]LogConfig: Setting CVar [[r.MaterialQualityLevel:1 ; High quality]]
[2021.05.07-16.53.15:426][  0]LogConfig: Setting CVar [[r.SSS.Scale:1]]
[2021.05.07-16.53.15:426][  0]LogConfig: Setting CVar [[r.SSS.SampleSet:2]]
[2021.05.07-16.53.15:426][  0]LogConfig: Setting CVar [[r.SSS.Quality:1]]
[2021.05.07-16.53.15:426][  0]LogConfig: Setting CVar [[r.SSS.HalfRes:0]]
[2021.05.07-16.53.15:426][  0]LogConfig: Setting CVar [[r.SSGI.Quality:3]]
[2021.05.07-16.53.15:426][  0]LogConfig: Setting CVar [[r.EmitterSpawnRateScale:1.0]]
[2021.05.07-16.53.15:426][  0]LogConfig: Setting CVar [[r.ParticleLightQuality:2]]
[2021.05.07-16.53.15:426][  0]LogConfig: Setting CVar [[r.SkyAtmosphere.AerialPerspectiveLUT.FastApplyOnOpaque:1 ; Always have FastSkyLUT 1 in this case to avoid wrong sky]]
[2021.05.07-16.53.15:426][  0]LogConfig: Setting CVar [[r.SkyAtmosphere.AerialPerspectiveLUT.SampleCountPerSlice:1]]
[2021.05.07-16.53.15:426][  0]LogConfig: Setting CVar [[r.SkyAtmosphere.AerialPerspectiveLUT.DepthResolution:16.0]]
[2021.05.07-16.53.15:426][  0]LogConfig: Setting CVar [[r.SkyAtmosphere.FastSkyLUT:1]]
[2021.05.07-16.53.15:426][  0]LogConfig: Setting CVar [[r.SkyAtmosphere.FastSkyLUT.SampleCountMin:4.0]]
[2021.05.07-16.53.15:426][  0]LogConfig: Setting CVar [[r.SkyAtmosphere.FastSkyLUT.SampleCountMax:32.0]]
[2021.05.07-16.53.15:426][  0]LogConfig: Setting CVar [[r.SkyAtmosphere.SampleCountMin:4.0]]
[2021.05.07-16.53.15:426][  0]LogConfig: Setting CVar [[r.SkyAtmosphere.SampleCountMax:32.0]]
[2021.05.07-16.53.15:426][  0]LogConfig: Setting CVar [[r.SkyAtmosphere.TransmittanceLUT.UseSmallFormat:0]]
[2021.05.07-16.53.15:426][  0]LogConfig: Setting CVar [[r.SkyAtmosphere.TransmittanceLUT.SampleCount:10.0]]
[2021.05.07-16.53.15:426][  0]LogConfig: Setting CVar [[r.SkyAtmosphere.MultiScatteringLUT.SampleCount:15.0]]
[2021.05.07-16.53.15:426][  0]LogConfig: Applying CVar settings from Section [FoliageQuality@3] File [C:/Users/Vari/Desktop/Work/GitHub Temp/NNI-Project-2/DrifterCW2/Saved/Config/Windows/Scalability.ini]
[2021.05.07-16.53.15:426][  0]LogConfig: Setting CVar [[foliage.DensityScale:1.0]]
[2021.05.07-16.53.15:426][  0]LogConfig: Setting CVar [[grass.DensityScale:1.0]]
[2021.05.07-16.53.15:426][  0]LogConfig: Applying CVar settings from Section [ShadingQuality@3] File [C:/Users/Vari/Desktop/Work/GitHub Temp/NNI-Project-2/DrifterCW2/Saved/Config/Windows/Scalability.ini]
[2021.05.07-16.53.15:426][  0]LogConfig: Setting CVar [[r.HairStrands.SkyLighting.SampleCount:16]]
[2021.05.07-16.53.15:426][  0]LogConfig: Setting CVar [[r.HairStrands.SkyLighting.JitterIntegration:0]]
[2021.05.07-16.53.15:426][  0]LogConfig: Setting CVar [[r.HairStrands.SkyAO.SampleCount:16]]
[2021.05.07-16.53.15:426][  0]LogConfig: Setting CVar [[r.HairStrands.DeepShadow.SuperSampling:0]]
[2021.05.07-16.53.15:426][  0]LogConfig: Setting CVar [[r.HairStrands.VisibilityPPLL:0]]
[2021.05.07-16.53.15:426][  0]LogConfig: Setting CVar [[r.HairStrands.RasterizationScale:0.5]]
[2021.05.07-16.53.15:426][  0]LogConfig: Setting CVar [[r.HairStrands.VelocityRasterizationScale:1]]
[2021.05.07-16.53.15:426][  0]LogInit: Selected Device Profile: [Windows]
[2021.05.07-16.53.15:426][  0]LogInit: Applying CVar settings loaded from the selected device profile: [Windows]
[2021.05.07-16.53.15:426][  0]LogHAL: Display: Platform has ~ 32 GB [34270351360 / 34359738368 / 32], which maps to Largest [LargestMinGB=32, LargerMinGB=12, DefaultMinGB=8, SmallerMinGB=6, SmallestMinGB=0)
[2021.05.07-16.53.15:426][  0]LogInit: Going up to parent DeviceProfile []
[2021.05.07-16.53.15:426][  0]LogConfig: Applying CVar settings from Section [ViewDistanceQuality@3] File [C:/Users/Vari/Desktop/Work/GitHub Temp/NNI-Project-2/DrifterCW2/Saved/Config/Windows/Scalability.ini]
[2021.05.07-16.53.15:426][  0]LogConfig: Setting CVar [[r.SkeletalMeshLODBias:0]]
[2021.05.07-16.53.15:426][  0]LogConfig: Setting CVar [[r.ViewDistanceScale:1.0]]
[2021.05.07-16.53.15:426][  0]LogConfig: Applying CVar settings from Section [AntiAliasingQuality@3] File [C:/Users/Vari/Desktop/Work/GitHub Temp/NNI-Project-2/DrifterCW2/Saved/Config/Windows/Scalability.ini]
[2021.05.07-16.53.15:426][  0]LogConfig: Setting CVar [[r.PostProcessAAQuality:3]]
[2021.05.07-16.53.15:426][  0]LogConfig: Applying CVar settings from Section [ShadowQuality@3] File [C:/Users/Vari/Desktop/Work/GitHub Temp/NNI-Project-2/DrifterCW2/Saved/Config/Windows/Scalability.ini]
[2021.05.07-16.53.15:426][  0]LogConfig: Setting CVar [[r.LightFunctionQuality:1]]
[2021.05.07-16.53.15:426][  0]LogConfig: Setting CVar [[r.ShadowQuality:5]]
[2021.05.07-16.53.15:426][  0]LogConfig: Setting CVar [[r.Shadow.CSM.MaxCascades:10]]
[2021.05.07-16.53.15:426][  0]LogConfig: Setting CVar [[r.Shadow.MaxResolution:2048]]
[2021.05.07-16.53.15:426][  0]LogConfig: Setting CVar [[r.Shadow.MaxCSMResolution:2048]]
[2021.05.07-16.53.15:426][  0]LogConfig: Setting CVar [[r.Shadow.RadiusThreshold:0.01]]
[2021.05.07-16.53.15:426][  0]LogConfig: Setting CVar [[r.Shadow.DistanceScale:1.0]]
[2021.05.07-16.53.15:426][  0]LogConfig: Setting CVar [[r.Shadow.CSM.TransitionScale:1.0]]
[2021.05.07-16.53.15:427][  0]LogConfig: Setting CVar [[r.Shadow.PreShadowResolutionFactor:1.0]]
[2021.05.07-16.53.15:427][  0]LogConfig: Setting CVar [[r.DistanceFieldShadowing:1]]
[2021.05.07-16.53.15:427][  0]LogConfig: Setting CVar [[r.DistanceFieldAO:1]]
[2021.05.07-16.53.15:427][  0]LogConfig: Setting CVar [[r.AOQuality:2]]
[2021.05.07-16.53.15:427][  0]LogConfig: Setting CVar [[r.VolumetricFog:1]]
[2021.05.07-16.53.15:427][  0]LogConfig: Setting CVar [[r.VolumetricFog.GridPixelSize:8]]
[2021.05.07-16.53.15:427][  0]LogConfig: Setting CVar [[r.VolumetricFog.GridSizeZ:128]]
[2021.05.07-16.53.15:427][  0]LogConfig: Setting CVar [[r.VolumetricFog.HistoryMissSupersampleCount:4]]
[2021.05.07-16.53.15:427][  0]LogConfig: Setting CVar [[r.LightMaxDrawDistanceScale:1]]
[2021.05.07-16.53.15:427][  0]LogConfig: Setting CVar [[r.CapsuleShadows:1]]
[2021.05.07-16.53.15:427][  0]LogConfig: Applying CVar settings from Section [PostProcessQuality@3] File [C:/Users/Vari/Desktop/Work/GitHub Temp/NNI-Project-2/DrifterCW2/Saved/Config/Windows/Scalability.ini]
[2021.05.07-16.53.15:427][  0]LogConfig: Setting CVar [[r.MotionBlurQuality:0]]
[2021.05.07-16.53.15:427][  0]LogConfig: Setting CVar [[r.AmbientOcclusionMipLevelFactor:0.4]]
[2021.05.07-16.53.15:427][  0]LogConfig: Setting CVar [[r.AmbientOcclusionMaxQuality:100]]
[2021.05.07-16.53.15:427][  0]LogConfig: Setting CVar [[r.AmbientOcclusionLevels:0]]
[2021.05.07-16.53.15:427][  0]LogConfig: Setting CVar [[r.AmbientOcclusionRadiusScale:1.0]]
[2021.05.07-16.53.15:427][  0]LogConfig: Setting CVar [[r.DepthOfFieldQuality:0]]
[2021.05.07-16.53.15:427][  0]LogConfig: Setting CVar [[r.RenderTargetPoolMin:400]]
[2021.05.07-16.53.15:427][  0]LogConfig: Setting CVar [[r.LensFlareQuality:0]]
[2021.05.07-16.53.15:427][  0]LogConfig: Setting CVar [[r.SceneColorFringeQuality:0]]
[2021.05.07-16.53.15:427][  0]LogConfig: Setting CVar [[r.EyeAdaptationQuality:2]]
[2021.05.07-16.53.15:427][  0]LogConfig: Setting CVar [[r.BloomQuality:1]]
[2021.05.07-16.53.15:427][  0]LogConfig: Setting CVar [[r.FastBlurThreshold:0]]
[2021.05.07-16.53.15:427][  0]LogConfig: Setting CVar [[r.Upscale.Quality:3]]
[2021.05.07-16.53.15:427][  0]LogConfig: Setting CVar [[r.Tonemapper.GrainQuantization:1]]
[2021.05.07-16.53.15:427][  0]LogConfig: Setting CVar [[r.LightShaftQuality:1]]
[2021.05.07-16.53.15:427][  0]LogConfig: Setting CVar [[r.Filter.SizeScale:1]]
[2021.05.07-16.53.15:427][  0]LogConfig: Setting CVar [[r.Tonemapper.Quality:5]]
[2021.05.07-16.53.15:427][  0]LogConfig: Setting CVar [[r.DOF.Gather.AccumulatorQuality:1        ; higher gathering accumulator quality]]
[2021.05.07-16.53.15:427][  0]LogConfig: Setting CVar [[r.DOF.Gather.PostfilterMethod:1          ; Median3x3 postfilering method]]
[2021.05.07-16.53.15:427][  0]LogConfig: Setting CVar [[r.DOF.Gather.EnableBokehSettings:0       ; no bokeh simulation when gathering]]
[2021.05.07-16.53.15:427][  0]LogConfig: Setting CVar [[r.DOF.Gather.RingCount:4                 ; medium number of samples when gathering]]
[2021.05.07-16.53.15:427][  0]LogConfig: Setting CVar [[r.DOF.Scatter.ForegroundCompositing:1    ; additive foreground scattering]]
[2021.05.07-16.53.15:427][  0]LogConfig: Setting CVar [[r.DOF.Scatter.BackgroundCompositing:2    ; additive background scattering]]
[2021.05.07-16.53.15:427][  0]LogConfig: Setting CVar [[r.DOF.Scatter.EnableBokehSettings:1      ; bokeh simulation when scattering]]
[2021.05.07-16.53.15:427][  0]LogConfig: Setting CVar [[r.DOF.Scatter.MaxSpriteRatio:0.1         ; only a maximum of 10% of scattered bokeh]]
[2021.05.07-16.53.15:427][  0]LogConfig: Setting CVar [[r.DOF.Recombine.Quality:1                ; cheap slight out of focus]]
[2021.05.07-16.53.15:427][  0]LogConfig: Setting CVar [[r.DOF.Recombine.EnableBokehSettings:0    ; no bokeh simulation on slight out of focus]]
[2021.05.07-16.53.15:427][  0]LogConfig: Setting CVar [[r.DOF.TemporalAAQuality:1                ; more stable temporal accumulation]]
[2021.05.07-16.53.15:427][  0]LogConfig: Setting CVar [[r.DOF.Kernel.MaxForegroundRadius:0.025]]
[2021.05.07-16.53.15:427][  0]LogConfig: Setting CVar [[r.DOF.Kernel.MaxBackgroundRadius:0.025]]
[2021.05.07-16.53.15:427][  0]LogConfig: Applying CVar settings from Section [TextureQuality@3] File [C:/Users/Vari/Desktop/Work/GitHub Temp/NNI-Project-2/DrifterCW2/Saved/Config/Windows/Scalability.ini]
[2021.05.07-16.53.15:427][  0]LogConfig: Setting CVar [[r.Streaming.MipBias:0]]
[2021.05.07-16.53.15:427][  0]LogConfig: Setting CVar [[r.Streaming.AmortizeCPUToGPUCopy:0]]
[2021.05.07-16.53.15:427][  0]LogConfig: Setting CVar [[r.Streaming.MaxNumTexturesToStreamPerFrame:0]]
[2021.05.07-16.53.15:427][  0]LogConfig: Setting CVar [[r.Streaming.Boost:1]]
[2021.05.07-16.53.15:427][  0]LogConfig: Setting CVar [[r.MaxAnisotropy:8]]
[2021.05.07-16.53.15:427][  0]LogConfig: Setting CVar [[r.VT.MaxAnisotropy:8]]
[2021.05.07-16.53.15:427][  0]LogConfig: Setting CVar [[r.Streaming.LimitPoolSizeToVRAM:0]]
[2021.05.07-16.53.15:427][  0]LogConfig: Setting CVar [[r.Streaming.PoolSize:1000]]
[2021.05.07-16.53.15:427][  0]LogConfig: Setting CVar [[r.Streaming.MaxEffectiveScreenSize:0]]
[2021.05.07-16.53.15:427][  0]LogConfig: Applying CVar settings from Section [EffectsQuality@3] File [C:/Users/Vari/Desktop/Work/GitHub Temp/NNI-Project-2/DrifterCW2/Saved/Config/Windows/Scalability.ini]
[2021.05.07-16.53.15:427][  0]LogConfig: Setting CVar [[r.TranslucencyLightingVolumeDim:4]]
[2021.05.07-16.53.15:427][  0]LogConfig: Setting CVar [[r.RefractionQuality:2]]
[2021.05.07-16.53.15:427][  0]LogConfig: Setting CVar [[r.SSR.Quality:0]]
[2021.05.07-16.53.15:427][  0]LogConfig: Setting CVar [[r.SSR.HalfResSceneColor:0]]
[2021.05.07-16.53.15:427][  0]LogConfig: Setting CVar [[r.SceneColorFormat:2]]
[2021.05.07-16.53.15:427][  0]LogConfig: Setting CVar [[r.DetailMode:2]]
[2021.05.07-16.53.15:427][  0]LogConfig: Setting CVar [[r.TranslucencyVolumeBlur:0]]
[2021.05.07-16.53.15:427][  0]LogConfig: Setting CVar [[r.MaterialQualityLevel:1 ; High quality]]
[2021.05.07-16.53.15:427][  0]LogConfig: Setting CVar [[r.SSS.Scale:1]]
[2021.05.07-16.53.15:427][  0]LogConfig: Setting CVar [[r.SSS.SampleSet:2]]
[2021.05.07-16.53.15:427][  0]LogConfig: Setting CVar [[r.SSS.Quality:1]]
[2021.05.07-16.53.15:427][  0]LogConfig: Setting CVar [[r.SSS.HalfRes:0]]
[2021.05.07-16.53.15:427][  0]LogConfig: Setting CVar [[r.SSGI.Quality:3]]
[2021.05.07-16.53.15:427][  0]LogConfig: Setting CVar [[r.EmitterSpawnRateScale:1.0]]
[2021.05.07-16.53.15:427][  0]LogConfig: Setting CVar [[r.ParticleLightQuality:2]]
[2021.05.07-16.53.15:427][  0]LogConfig: Setting CVar [[r.SkyAtmosphere.AerialPerspectiveLUT.FastApplyOnOpaque:1 ; Always have FastSkyLUT 1 in this case to avoid wrong sky]]
[2021.05.07-16.53.15:427][  0]LogConfig: Setting CVar [[r.SkyAtmosphere.AerialPerspectiveLUT.SampleCountPerSlice:1]]
[2021.05.07-16.53.15:427][  0]LogConfig: Setting CVar [[r.SkyAtmosphere.AerialPerspectiveLUT.DepthResolution:16.0]]
[2021.05.07-16.53.15:427][  0]LogConfig: Setting CVar [[r.SkyAtmosphere.FastSkyLUT:1]]
[2021.05.07-16.53.15:427][  0]LogConfig: Setting CVar [[r.SkyAtmosphere.FastSkyLUT.SampleCountMin:4.0]]
[2021.05.07-16.53.15:427][  0]LogConfig: Setting CVar [[r.SkyAtmosphere.FastSkyLUT.SampleCountMax:32.0]]
[2021.05.07-16.53.15:427][  0]LogConfig: Setting CVar [[r.SkyAtmosphere.SampleCountMin:4.0]]
[2021.05.07-16.53.15:427][  0]LogConfig: Setting CVar [[r.SkyAtmosphere.SampleCountMax:32.0]]
[2021.05.07-16.53.15:427][  0]LogConfig: Setting CVar [[r.SkyAtmosphere.TransmittanceLUT.UseSmallFormat:0]]
[2021.05.07-16.53.15:427][  0]LogConfig: Setting CVar [[r.SkyAtmosphere.TransmittanceLUT.SampleCount:10.0]]
[2021.05.07-16.53.15:427][  0]LogConfig: Setting CVar [[r.SkyAtmosphere.MultiScatteringLUT.SampleCount:15.0]]
[2021.05.07-16.53.15:427][  0]LogConfig: Applying CVar settings from Section [FoliageQuality@3] File [C:/Users/Vari/Desktop/Work/GitHub Temp/NNI-Project-2/DrifterCW2/Saved/Config/Windows/Scalability.ini]
[2021.05.07-16.53.15:427][  0]LogConfig: Setting CVar [[foliage.DensityScale:1.0]]
[2021.05.07-16.53.15:427][  0]LogConfig: Setting CVar [[grass.DensityScale:1.0]]
[2021.05.07-16.53.15:427][  0]LogConfig: Applying CVar settings from Section [ShadingQuality@3] File [C:/Users/Vari/Desktop/Work/GitHub Temp/NNI-Project-2/DrifterCW2/Saved/Config/Windows/Scalability.ini]
[2021.05.07-16.53.15:427][  0]LogConfig: Setting CVar [[r.HairStrands.SkyLighting.SampleCount:16]]
[2021.05.07-16.53.15:427][  0]LogConfig: Setting CVar [[r.HairStrands.SkyLighting.JitterIntegration:0]]
[2021.05.07-16.53.15:427][  0]LogConfig: Setting CVar [[r.HairStrands.SkyAO.SampleCount:16]]
[2021.05.07-16.53.15:427][  0]LogConfig: Setting CVar [[r.HairStrands.DeepShadow.SuperSampling:0]]
[2021.05.07-16.53.15:427][  0]LogConfig: Setting CVar [[r.HairStrands.VisibilityPPLL:0]]
[2021.05.07-16.53.15:427][  0]LogConfig: Setting CVar [[r.HairStrands.RasterizationScale:0.5]]
[2021.05.07-16.53.15:427][  0]LogConfig: Setting CVar [[r.HairStrands.VelocityRasterizationScale:1]]
[2021.05.07-16.53.15:427][  0]LogConfig: Applying CVar settings from Section [Startup] File [../../../Engine/Config/ConsoleVariables.ini]
[2021.05.07-16.53.15:428][  0]LogConfig: Setting CVar [[net.UseAdaptiveNetUpdateFrequency:0]]
[2021.05.07-16.53.15:428][  0]LogConfig: Setting CVar [[p.chaos.AllowCreatePhysxBodies:1]]
[2021.05.07-16.53.15:428][  0]LogConfig: Setting CVar [[fx.SkipVectorVMBackendOptimizations:1]]
[2021.05.07-16.53.15:428][  0]LogConfig: Applying CVar settings from Section [ConsoleVariables] File [C:/Users/Vari/Desktop/Work/GitHub Temp/NNI-Project-2/DrifterCW2/Saved/Config/Windows/Engine.ini]
[2021.05.07-16.53.15:428][  0]LogInit: Computer: DESKTOP-6CQN1R3
[2021.05.07-16.53.15:428][  0]LogInit: User: Vari
[2021.05.07-16.53.15:428][  0]LogInit: CPU Page size=4096, Cores=8
[2021.05.07-16.53.15:428][  0]LogInit: High frequency timer resolution =10.000000 MHz
[2021.05.07-16.53.15:428][  0]LogMemory: Memory total: Physical=31.9GB (32GB approx)
[2021.05.07-16.53.15:428][  0]LogMemory: Platform Memory Stats for Windows
[2021.05.07-16.53.15:428][  0]LogMemory: Process Physical Memory: 118.81 MB used, 118.81 MB peak
[2021.05.07-16.53.15:428][  0]LogMemory: Process Virtual Memory: 99.02 MB used, 99.02 MB peak
[2021.05.07-16.53.15:428][  0]LogMemory: Physical Memory: 13983.40 MB used,  18699.35 MB free, 32682.75 MB total
[2021.05.07-16.53.15:428][  0]LogMemory: Virtual Memory: 5189.00 MB used,  134212536.00 MB free, 134217728.00 MB total
[2021.05.07-16.53.15:432][  0]LogWindows: WindowsPlatformFeatures enabled
[2021.05.07-16.53.15:468][  0]LogInit: Physics initialised using underlying interface: PhysX
[2021.05.07-16.53.15:469][  0]LogInit: Using OS detected language (en-US).
[2021.05.07-16.53.15:469][  0]LogInit: Using OS detected locale (en-GB).
[2021.05.07-16.53.15:473][  0]LogTextLocalizationManager: No specific localization for 'en-US' exists, so the 'en' localization will be used.
[2021.05.07-16.53.15:658][  0]LogSlate: New Slate User Created.  User Index 0, Is Virtual User: 0
[2021.05.07-16.53.15:658][  0]LogSlate: Slate User Registered.  User Index 0, Is Virtual User: 0
[2021.05.07-16.53.16:347][  0]LogD3D11RHI: D3D11 min allowed feature level: 11_0
[2021.05.07-16.53.16:347][  0]LogD3D11RHI: D3D11 max allowed feature level: 11_0
[2021.05.07-16.53.16:347][  0]LogD3D11RHI: D3D11 adapters:
[2021.05.07-16.53.16:424][  0]LogD3D11RHI:    0. 'NVIDIA GeForce RTX 3080' (Feature Level 11_0)
[2021.05.07-16.53.16:424][  0]LogD3D11RHI:       10078/0/16341 MB DedicatedVideo/DedicatedSystem/SharedSystem, Outputs:3, VendorId:0x10de
[2021.05.07-16.53.16:426][  0]LogD3D11RHI:    1. 'Microsoft Basic Render Driver' (Feature Level 11_0)
[2021.05.07-16.53.16:426][  0]LogD3D11RHI:       0/0/16341 MB DedicatedVideo/DedicatedSystem/SharedSystem, Outputs:0, VendorId:0x1414
[2021.05.07-16.53.16:426][  0]LogD3D11RHI: Chosen D3D11 Adapter: 0
[2021.05.07-16.53.16:433][  0]LogD3D11RHI: Creating new Direct3DDevice
[2021.05.07-16.53.16:433][  0]LogD3D11RHI:     GPU DeviceId: 0x2206 (for the marketing name, search the web for "GPU Device Id")
[2021.05.07-16.53.16:433][  0]LogWindows: EnumDisplayDevices:
[2021.05.07-16.53.16:433][  0]LogWindows:    0. 'NVIDIA GeForce RTX 3080' (P:1 D:1)
[2021.05.07-16.53.16:433][  0]LogWindows:    1. 'NVIDIA GeForce RTX 3080' (P:0 D:1)
[2021.05.07-16.53.16:433][  0]LogWindows:    2. 'NVIDIA GeForce RTX 3080' (P:0 D:1)
[2021.05.07-16.53.16:433][  0]LogWindows:    3. 'NVIDIA GeForce RTX 3080' (P:0 D:0)
[2021.05.07-16.53.16:433][  0]LogWindows: DebugString: FoundDriverCount:4 
[2021.05.07-16.53.16:433][  0]LogD3D11RHI:     Adapter Name: NVIDIA GeForce RTX 3080
[2021.05.07-16.53.16:433][  0]LogD3D11RHI:   Driver Version: 466.11 (internal:27.21.14.6611, unified:466.11)
[2021.05.07-16.53.16:433][  0]LogD3D11RHI:      Driver Date: 4-12-2021
[2021.05.07-16.53.16:433][  0]LogRHI: Texture pool is 7054 MB (70% of 10078 MB)
[2021.05.07-16.53.16:490][  0]LogD3D11RHI: RHI has support for 64 bit atomics
[2021.05.07-16.53.16:490][  0]LogD3D11RHI: Async texture creation enabled
[2021.05.07-16.53.16:490][  0]LogD3D11RHI: Array index from any shader is supported
[2021.05.07-16.53.16:491][  0]LogD3D11RHI: HDR output is supported on display 0 (NvId: 0x80061083).
[2021.05.07-16.53.16:524][  0]LogD3D11RHI: GPU Timing Frequency: 1000.000000 (Debug: 2 2)
[2021.05.07-16.53.16:736][  0]LogTargetPlatformManager: Display: Loaded TargetPlatform 'WindowsNoEditor'
[2021.05.07-16.53.16:740][  0]LogTargetPlatformManager: Display: Loaded TargetPlatform 'Windows'
[2021.05.07-16.53.16:750][  0]LogTargetPlatformManager: Display: Loaded TargetPlatform 'WindowsClient'
[2021.05.07-16.53.16:759][  0]LogTargetPlatformManager: Display: Loaded TargetPlatform 'WindowsServer'
[2021.05.07-16.53.16:759][  0]LogTargetPlatformManager: Display: Building Assets For Windows
[2021.05.07-16.53.16:765][  0]LogAudioDebug: Display: Lib vorbis DLL was dynamically loaded.
[2021.05.07-16.53.16:805][  0]LogShaderCompilers: Guid format shader working directory is -34 characters bigger than the processId version (../../../../../../Users/Vari/Desktop/Work/GitHub Temp/NNI-Project-2/DrifterCW2/Intermediate/Shaders/WorkingDirectory/24236/).
[2021.05.07-16.53.16:805][  0]LogShaderCompilers: Cleaned the shader compiler working directory 'C:/Users/Vari/AppData/Local/Temp/UnrealShaderWorkingDir/4EBF3E8A49903359163CAAA3BB839F13/'.
[2021.05.07-16.53.16:806][  0]LogXGEController: Cannot use XGE Controller as Incredibuild is not installed on this machine.
[2021.05.07-16.53.16:806][  0]LogShaderCompilers: Cannot use XGE Shader Compiler as Incredibuild is not installed on this machine.
[2021.05.07-16.53.16:806][  0]LogShaderCompilers: Display: Using Local Shader Compiler.
[2021.05.07-16.53.17:262][  0]LogDerivedDataCache: Display: Max Cache Size: 512 MB
[2021.05.07-16.53.17:298][  0]LogDerivedDataCache: Loaded boot cache 0.04s 81MB C:/Users/Vari/AppData/Local/UnrealEngine/4.25/DerivedDataCache/Boot.ddc.
[2021.05.07-16.53.17:298][  0]LogDerivedDataCache: Display: Loaded Boot cache: C:/Users/Vari/AppData/Local/UnrealEngine/4.25/DerivedDataCache/Boot.ddc
[2021.05.07-16.53.17:298][  0]LogDerivedDataCache: FDerivedDataBackendGraph:  Pak pak cache file ../../../../../../Users/Vari/Desktop/Work/GitHub Temp/NNI-Project-2/DrifterCW2/DerivedDataCache/DDC.ddp not found, will not use a pak cache.
[2021.05.07-16.53.17:298][  0]LogDerivedDataCache: Unable to find inner node Pak for hierarchical cache Hierarchy.
[2021.05.07-16.53.17:298][  0]LogDerivedDataCache: FDerivedDataBackendGraph:  CompressedPak pak cache file ../../../../../../Users/Vari/Desktop/Work/GitHub Temp/NNI-Project-2/DrifterCW2/DerivedDataCache/Compressed.ddp not found, will not use a pak cache.
[2021.05.07-16.53.17:298][  0]LogDerivedDataCache: Unable to find inner node CompressedPak for hierarchical cache Hierarchy.
[2021.05.07-16.53.17:306][  0]LogDerivedDataCache: Display: Pak cache opened for reading ../../../Engine/DerivedDataCache/Compressed.ddp.
[2021.05.07-16.53.17:306][  0]LogDerivedDataCache: FDerivedDataBackendGraph:  EnterprisePak pak cache file ../../../Enterprise/DerivedDataCache/Compressed.ddp not found, will not use a pak cache.
[2021.05.07-16.53.17:306][  0]LogDerivedDataCache: Unable to find inner node EnterprisePak for hierarchical cache Hierarchy.
[2021.05.07-16.53.17:307][  0]LogDerivedDataCache: Using Local data cache path C:/Users/Vari/AppData/Local/UnrealEngine/Common/DerivedDataCache: Writable
[2021.05.07-16.53.17:307][  0]LogDerivedDataCache: Shared data cache path not found in *engine.ini, will not use an Shared cache.
[2021.05.07-16.53.17:307][  0]LogDerivedDataCache: Unable to find inner node Shared for hierarchical cache Hierarchy.
[2021.05.07-16.53.17:313][  0]LogShaderCompilers: Instanced stereo rendering is not supported for the PCD3D_ES31 shader platform.
[2021.05.07-16.53.17:483][  0]LogSlate: Using FreeType 2.10.0
[2021.05.07-16.53.17:485][  0]LogSlate: SlateFontServices - WITH_FREETYPE: 1, WITH_HARFBUZZ: 1
[2021.05.07-16.53.18:052][  0]LogShaderCompilers: Display: Worker (1/13): shaders left to compile 497
[2021.05.07-16.53.18:052][  0]LogShaderCompilers: Display: Worker (2/13): shaders left to compile 496
[2021.05.07-16.53.18:052][  0]LogShaderCompilers: Display: Worker (3/13): shaders left to compile 495
[2021.05.07-16.53.18:052][  0]LogShaderCompilers: Display: Worker (4/13): shaders left to compile 494
[2021.05.07-16.53.18:052][  0]LogShaderCompilers: Display: Worker (5/13): shaders left to compile 493
[2021.05.07-16.53.18:052][  0]LogShaderCompilers: Display: Worker (6/13): shaders left to compile 492
[2021.05.07-16.53.18:052][  0]LogShaderCompilers: Display: Worker (7/13): shaders left to compile 491
[2021.05.07-16.53.18:052][  0]LogShaderCompilers: Display: Worker (8/13): shaders left to compile 490
[2021.05.07-16.53.18:052][  0]LogShaderCompilers: Display: Worker (9/13): shaders left to compile 489
[2021.05.07-16.53.18:052][  0]LogShaderCompilers: Display: Worker (10/13): shaders left to compile 488
[2021.05.07-16.53.18:052][  0]LogShaderCompilers: Display: Worker (11/13): shaders left to compile 487
[2021.05.07-16.53.18:052][  0]LogShaderCompilers: Display: Worker (12/13): shaders left to compile 486
[2021.05.07-16.53.18:052][  0]LogShaderCompilers: Display: Worker (13/13): shaders left to compile 485
[2021.05.07-16.53.18:052][  0]LogShaderCompilers: Display: Worker (3/13): shaders left to compile 484
[2021.05.07-16.53.18:052][  0]LogShaderCompilers: Display: Worker (4/13): shaders left to compile 483
[2021.05.07-16.53.18:052][  0]LogShaderCompilers: Display: Worker (5/13): shaders left to compile 482
[2021.05.07-16.53.18:052][  0]LogShaderCompilers: Display: Worker (6/13): shaders left to compile 481
[2021.05.07-16.53.18:052][  0]LogShaderCompilers: Display: Worker (8/13): shaders left to compile 480
[2021.05.07-16.53.18:052][  0]LogShaderCompilers: Display: Worker (12/13): shaders left to compile 479
[2021.05.07-16.53.18:052][  0]LogShaderCompilers: Display: Worker (13/13): shaders left to compile 478
[2021.05.07-16.53.18:052][  0]LogShaderCompilers: Display: Worker (1/13): shaders left to compile 477
[2021.05.07-16.53.18:052][  0]LogShaderCompilers: Display: Worker (2/13): shaders left to compile 476
[2021.05.07-16.53.18:052][  0]LogShaderCompilers: Display: Worker (9/13): shaders left to compile 475
[2021.05.07-16.53.18:052][  0]LogShaderCompilers: Display: Worker (10/13): shaders left to compile 474
[2021.05.07-16.53.18:052][  0]LogShaderCompilers: Display: Worker (11/13): shaders left to compile 473
[2021.05.07-16.53.18:052][  0]LogShaderCompilers: Display: Worker (7/13): shaders left to compile 472
[2021.05.07-16.53.18:052][  0]LogShaderCompilers: Display: Worker (3/13): shaders left to compile 471
[2021.05.07-16.53.18:052][  0]LogShaderCompilers: Display: Worker (11/13): shaders left to compile 470
[2021.05.07-16.53.18:052][  0]LogShaderCompilers: Display: Worker (5/13): shaders left to compile 469
[2021.05.07-16.53.18:052][  0]LogShaderCompilers: Display: Worker (9/13): shaders left to compile 468
[2021.05.07-16.53.18:052][  0]LogShaderCompilers: Display: Worker (10/13): shaders left to compile 467
[2021.05.07-16.53.18:052][  0]LogShaderCompilers: Display: Worker (1/13): shaders left to compile 466
[2021.05.07-16.53.18:052][  0]LogShaderCompilers: Display: Worker (2/13): shaders left to compile 465
[2021.05.07-16.53.18:052][  0]LogShaderCompilers: Display: Worker (4/13): shaders left to compile 464
[2021.05.07-16.53.18:052][  0]LogShaderCompilers: Display: Worker (6/13): shaders left to compile 463
[2021.05.07-16.53.18:052][  0]LogShaderCompilers: Display: Worker (8/13): shaders left to compile 462
[2021.05.07-16.53.18:052][  0]LogShaderCompilers: Display: Worker (12/13): shaders left to compile 461
[2021.05.07-16.53.18:052][  0]LogShaderCompilers: Display: Worker (13/13): shaders left to compile 460
[2021.05.07-16.53.18:612][  0]LogShaderCompilers: Display: Worker (7/13): shaders left to compile 459
[2021.05.07-16.53.18:612][  0]LogShaderCompilers: Display: Worker (1/13): shaders left to compile 458
[2021.05.07-16.53.18:612][  0]LogShaderCompilers: Display: Worker (3/13): shaders left to compile 457
[2021.05.07-16.53.18:612][  0]LogShaderCompilers: Display: Worker (4/13): shaders left to compile 456
[2021.05.07-16.53.18:612][  0]LogShaderCompilers: Display: Worker (5/13): shaders left to compile 455
[2021.05.07-16.53.18:612][  0]LogShaderCompilers: Display: Worker (6/13): shaders left to compile 454
[2021.05.07-16.53.18:612][  0]LogShaderCompilers: Display: Worker (9/13): shaders left to compile 453
[2021.05.07-16.53.18:612][  0]LogShaderCompilers: Display: Worker (10/13): shaders left to compile 452
[2021.05.07-16.53.18:612][  0]LogShaderCompilers: Display: Worker (11/13): shaders left to compile 451
[2021.05.07-16.53.18:612][  0]LogShaderCompilers: Display: Worker (12/13): shaders left to compile 450
[2021.05.07-16.53.18:612][  0]LogShaderCompilers: Display: Worker (2/13): shaders left to compile 449
[2021.05.07-16.53.18:612][  0]LogShaderCompilers: Display: Worker (7/13): shaders left to compile 448
[2021.05.07-16.53.18:612][  0]LogShaderCompilers: Display: Worker (8/13): shaders left to compile 447
[2021.05.07-16.53.18:612][  0]LogShaderCompilers: Display: Worker (13/13): shaders left to compile 446
[2021.05.07-16.53.18:612][  0]LogShaderCompilers: Display: Worker (4/13): shaders left to compile 445
[2021.05.07-16.53.18:612][  0]LogShaderCompilers: Display: Worker (5/13): shaders left to compile 444
[2021.05.07-16.53.18:612][  0]LogShaderCompilers: Display: Worker (6/13): shaders left to compile 443
[2021.05.07-16.53.18:612][  0]LogShaderCompilers: Display: Worker (9/13): shaders left to compile 442
[2021.05.07-16.53.18:612][  0]LogShaderCompilers: Display: Worker (10/13): shaders left to compile 441
[2021.05.07-16.53.18:612][  0]LogShaderCompilers: Display: Worker (11/13): shaders left to compile 440
[2021.05.07-16.53.18:612][  0]LogShaderCompilers: Display: Worker (12/13): shaders left to compile 439
[2021.05.07-16.53.18:612][  0]LogShaderCompilers: Display: Worker (1/13): shaders left to compile 438
[2021.05.07-16.53.18:612][  0]LogShaderCompilers: Display: Worker (2/13): shaders left to compile 437
[2021.05.07-16.53.18:612][  0]LogShaderCompilers: Display: Worker (3/13): shaders left to compile 436
[2021.05.07-16.53.18:612][  0]LogShaderCompilers: Display: Worker (7/13): shaders left to compile 435
[2021.05.07-16.53.18:612][  0]LogShaderCompilers: Display: Worker (8/13): shaders left to compile 434
[2021.05.07-16.53.18:612][  0]LogShaderCompilers: Display: Worker (13/13): shaders left to compile 433
[2021.05.07-16.53.18:612][  0]LogShaderCompilers: Display: Worker (5/13): shaders left to compile 432
[2021.05.07-16.53.18:612][  0]LogShaderCompilers: Display: Worker (9/13): shaders left to compile 431
[2021.05.07-16.53.18:612][  0]LogShaderCompilers: Display: Worker (2/13): shaders left to compile 430
[2021.05.07-16.53.18:612][  0]LogShaderCompilers: Display: Worker (4/13): shaders left to compile 429
[2021.05.07-16.53.18:612][  0]LogShaderCompilers: Display: Worker (6/13): shaders left to compile 428
[2021.05.07-16.53.18:612][  0]LogShaderCompilers: Display: Worker (3/13): shaders left to compile 427
[2021.05.07-16.53.18:612][  0]LogShaderCompilers: Display: Worker (10/13): shaders left to compile 426
[2021.05.07-16.53.18:612][  0]LogShaderCompilers: Display: Worker (12/13): shaders left to compile 425
[2021.05.07-16.53.18:612][  0]LogShaderCompilers: Display: Worker (1/13): shaders left to compile 424
[2021.05.07-16.53.18:612][  0]LogShaderCompilers: Display: Worker (9/13): shaders left to compile 423
[2021.05.07-16.53.18:612][  0]LogShaderCompilers: Display: Worker (6/13): shaders left to compile 422
[2021.05.07-16.53.18:612][  0]LogShaderCompilers: Display: Worker (10/13): shaders left to compile 421
[2021.05.07-16.53.18:612][  0]LogShaderCompilers: Display: Worker (12/13): shaders left to compile 420
[2021.05.07-16.53.18:612][  0]LogShaderCompilers: Display: Worker (2/13): shaders left to compile 419
[2021.05.07-16.53.18:612][  0]LogShaderCompilers: Display: Worker (3/13): shaders left to compile 418
[2021.05.07-16.53.18:612][  0]LogShaderCompilers: Display: Worker (5/13): shaders left to compile 417
[2021.05.07-16.53.18:612][  0]LogShaderCompilers: Display: Worker (11/13): shaders left to compile 416
[2021.05.07-16.53.18:612][  0]LogShaderCompilers: Display: Worker (1/13): shaders left to compile 415
[2021.05.07-16.53.18:612][  0]LogShaderCompilers: Display: Worker (4/13): shaders left to compile 414
[2021.05.07-16.53.18:612][  0]LogShaderCompilers: Display: Worker (9/13): shaders left to compile 413
[2021.05.07-16.53.18:612][  0]LogShaderCompilers: Display: Worker (6/13): shaders left to compile 412
[2021.05.07-16.53.19:171][  0]LogShaderCompilers: Display: Worker (3/13): shaders left to compile 411
[2021.05.07-16.53.19:171][  0]LogShaderCompilers: Display: Worker (4/13): shaders left to compile 410
[2021.05.07-16.53.19:171][  0]LogShaderCompilers: Display: Worker (5/13): shaders left to compile 409
[2021.05.07-16.53.19:171][  0]LogShaderCompilers: Display: Worker (10/13): shaders left to compile 408
[2021.05.07-16.53.19:171][  0]LogShaderCompilers: Display: Worker (11/13): shaders left to compile 407
[2021.05.07-16.53.19:171][  0]LogShaderCompilers: Display: Worker (12/13): shaders left to compile 406
[2021.05.07-16.53.19:171][  0]LogShaderCompilers: Display: Worker (1/13): shaders left to compile 405
[2021.05.07-16.53.19:171][  0]LogShaderCompilers: Display: Worker (2/13): shaders left to compile 404
[2021.05.07-16.53.19:171][  0]LogShaderCompilers: Display: Worker (5/13): shaders left to compile 403
[2021.05.07-16.53.19:171][  0]LogShaderCompilers: Display: Worker (4/13): shaders left to compile 402
[2021.05.07-16.53.19:171][  0]LogShaderCompilers: Display: Worker (2/13): shaders left to compile 401
[2021.05.07-16.53.19:171][  0]LogShaderCompilers: Display: Worker (5/13): shaders left to compile 400
[2021.05.07-16.53.19:726][  0]LogShaderCompilers: Display: Worker (13/13): shaders left to compile 399
[2021.05.07-16.53.19:726][  0]LogShaderCompilers: Display: Worker (4/13): shaders left to compile 398
[2021.05.07-16.53.19:726][  0]LogShaderCompilers: Display: Worker (5/13): shaders left to compile 397
[2021.05.07-16.53.19:726][  0]LogShaderCompilers: Display: Worker (2/13): shaders left to compile 396
[2021.05.07-16.53.19:726][  0]LogShaderCompilers: Display: Worker (11/13): shaders left to compile 395
[2021.05.07-16.53.19:726][  0]LogShaderCompilers: Display: Worker (10/13): shaders left to compile 394
[2021.05.07-16.53.19:726][  0]LogShaderCompilers: Display: Worker (9/13): shaders left to compile 393
[2021.05.07-16.53.19:726][  0]LogShaderCompilers: Display: Worker (6/13): shaders left to compile 392
[2021.05.07-16.53.19:726][  0]LogShaderCompilers: Display: Worker (3/13): shaders left to compile 391
[2021.05.07-16.53.19:726][  0]LogShaderCompilers: Display: Worker (13/13): shaders left to compile 390
[2021.05.07-16.53.19:726][  0]LogShaderCompilers: Display: Worker (4/13): shaders left to compile 389
[2021.05.07-16.53.19:726][  0]LogShaderCompilers: Display: Worker (8/13): shaders left to compile 388
[2021.05.07-16.53.19:726][  0]LogShaderCompilers: Display: Worker (5/13): shaders left to compile 387
[2021.05.07-16.53.20:285][  0]LogShaderCompilers: Display: Worker (2/13): shaders left to compile 386
[2021.05.07-16.53.20:285][  0]LogShaderCompilers: Display: Worker (11/13): shaders left to compile 385
[2021.05.07-16.53.20:285][  0]LogShaderCompilers: Display: Worker (10/13): shaders left to compile 384
[2021.05.07-16.53.20:285][  0]LogShaderCompilers: Display: Worker (6/13): shaders left to compile 383
[2021.05.07-16.53.20:285][  0]LogShaderCompilers: Display: Worker (3/13): shaders left to compile 382
[2021.05.07-16.53.20:285][  0]LogShaderCompilers: Display: Worker (9/13): shaders left to compile 381
[2021.05.07-16.53.20:285][  0]LogShaderCompilers: Display: Worker (12/13): shaders left to compile 380
[2021.05.07-16.53.20:285][  0]LogShaderCompilers: Display: Worker (2/13): shaders left to compile 379
[2021.05.07-16.53.20:285][  0]LogShaderCompilers: Display: Worker (1/13): shaders left to compile 378
[2021.05.07-16.53.20:285][  0]LogShaderCompilers: Display: Worker (5/13): shaders left to compile 377
[2021.05.07-16.53.20:285][  0]LogShaderCompilers: Display: Worker (6/13): shaders left to compile 376
[2021.05.07-16.53.20:285][  0]LogShaderCompilers: Display: Worker (13/13): shaders left to compile 375
[2021.05.07-16.53.20:285][  0]LogShaderCompilers: Display: Worker (4/13): shaders left to compile 374
[2021.05.07-16.53.20:285][  0]LogShaderCompilers: Display: Worker (8/13): shaders left to compile 373
[2021.05.07-16.53.20:285][  0]LogShaderCompilers: Display: Worker (12/13): shaders left to compile 372
[2021.05.07-16.53.20:285][  0]LogShaderCompilers: Display: Worker (11/13): shaders left to compile 371
[2021.05.07-16.53.20:285][  0]LogShaderCompilers: Display: Worker (10/13): shaders left to compile 370
[2021.05.07-16.53.20:285][  0]LogShaderCompilers: Display: Worker (13/13): shaders left to compile 369
[2021.05.07-16.53.20:285][  0]LogShaderCompilers: Display: Worker (2/13): shaders left to compile 368
[2021.05.07-16.53.20:285][  0]LogShaderCompilers: Display: Worker (3/13): shaders left to compile 367
[2021.05.07-16.53.20:285][  0]LogShaderCompilers: Display: Worker (4/13): shaders left to compile 366
[2021.05.07-16.53.20:285][  0]LogShaderCompilers: Display: Worker (9/13): shaders left to compile 365
[2021.05.07-16.53.20:285][  0]LogShaderCompilers: Display: Worker (1/13): shaders left to compile 364
[2021.05.07-16.53.20:845][  0]LogShaderCompilers: Display: Worker (13/13): shaders left to compile 363
[2021.05.07-16.53.20:845][  0]LogShaderCompilers: Display: Worker (6/13): shaders left to compile 362
[2021.05.07-16.53.20:845][  0]LogShaderCompilers: Display: Worker (8/13): shaders left to compile 361
[2021.05.07-16.53.20:845][  0]LogShaderCompilers: Display: Worker (5/13): shaders left to compile 360
[2021.05.07-16.53.20:845][  0]LogShaderCompilers: Display: Worker (12/13): shaders left to compile 359
[2021.05.07-16.53.20:845][  0]LogShaderCompilers: Display: Worker (2/13): shaders left to compile 358
[2021.05.07-16.53.20:845][  0]LogShaderCompilers: Display: Worker (13/13): shaders left to compile 357
[2021.05.07-16.53.20:845][  0]LogShaderCompilers: Display: Worker (11/13): shaders left to compile 356
[2021.05.07-16.53.20:845][  0]LogShaderCompilers: Display: Worker (6/13): shaders left to compile 355
[2021.05.07-16.53.20:845][  0]LogShaderCompilers: Display: Worker (3/13): shaders left to compile 354
[2021.05.07-16.53.20:845][  0]LogShaderCompilers: Display: Worker (10/13): shaders left to compile 353
[2021.05.07-16.53.20:845][  0]LogShaderCompilers: Display: Worker (4/13): shaders left to compile 352
[2021.05.07-16.53.20:845][  0]LogShaderCompilers: Display: Worker (6/13): shaders left to compile 351
[2021.05.07-16.53.20:845][  0]LogShaderCompilers: Display: Worker (13/13): shaders left to compile 350
[2021.05.07-16.53.20:845][  0]LogShaderCompilers: Display: Worker (1/13): shaders left to compile 349
[2021.05.07-16.53.20:845][  0]LogShaderCompilers: Display: Worker (9/13): shaders left to compile 348
[2021.05.07-16.53.20:845][  0]LogShaderCompilers: Display: Worker (11/13): shaders left to compile 347
[2021.05.07-16.53.20:845][  0]LogShaderCompilers: Display: Worker (8/13): shaders left to compile 346
[2021.05.07-16.53.20:845][  0]LogShaderCompilers: Display: Worker (4/13): shaders left to compile 345
[2021.05.07-16.53.20:845][  0]LogShaderCompilers: Display: Worker (6/13): shaders left to compile 344
[2021.05.07-16.53.20:845][  0]LogShaderCompilers: Display: Worker (13/13): shaders left to compile 343
[2021.05.07-16.53.20:845][  0]LogShaderCompilers: Display: Worker (9/13): shaders left to compile 342
[2021.05.07-16.53.20:845][  0]LogShaderCompilers: Display: Worker (1/13): shaders left to compile 341
[2021.05.07-16.53.20:845][  0]LogShaderCompilers: Display: Worker (5/13): shaders left to compile 340
[2021.05.07-16.53.20:845][  0]LogShaderCompilers: Display: Worker (11/13): shaders left to compile 339
[2021.05.07-16.53.20:845][  0]LogShaderCompilers: Display: Worker (3/13): shaders left to compile 338
[2021.05.07-16.53.21:406][  0]LogShaderCompilers: Display: Worker (10/13): shaders left to compile 337
[2021.05.07-16.53.21:406][  0]LogShaderCompilers: Display: Worker (8/13): shaders left to compile 336
[2021.05.07-16.53.21:406][  0]LogShaderCompilers: Display: Worker (4/13): shaders left to compile 335
[2021.05.07-16.53.21:406][  0]LogShaderCompilers: Display: Worker (13/13): shaders left to compile 334
[2021.05.07-16.53.21:406][  0]LogShaderCompilers: Display: Worker (1/13): shaders left to compile 333
[2021.05.07-16.53.21:406][  0]LogShaderCompilers: Display: Worker (9/13): shaders left to compile 332
[2021.05.07-16.53.21:406][  0]LogShaderCompilers: Display: Worker (5/13): shaders left to compile 331
[2021.05.07-16.53.21:406][  0]LogShaderCompilers: Display: Worker (3/13): shaders left to compile 330
[2021.05.07-16.53.21:406][  0]LogShaderCompilers: Display: Worker (12/13): shaders left to compile 329
[2021.05.07-16.53.21:406][  0]LogShaderCompilers: Display: Worker (11/13): shaders left to compile 328
[2021.05.07-16.53.21:406][  0]LogShaderCompilers: Display: Worker (10/13): shaders left to compile 327
[2021.05.07-16.53.21:406][  0]LogShaderCompilers: Display: Worker (8/13): shaders left to compile 326
[2021.05.07-16.53.21:406][  0]LogShaderCompilers: Display: Worker (2/13): shaders left to compile 325
[2021.05.07-16.53.21:406][  0]LogShaderCompilers: Display: Worker (4/13): shaders left to compile 324
[2021.05.07-16.53.21:406][  0]LogShaderCompilers: Display: Worker (13/13): shaders left to compile 323
[2021.05.07-16.53.21:406][  0]LogShaderCompilers: Display: Worker (1/13): shaders left to compile 322
[2021.05.07-16.53.21:406][  0]LogShaderCompilers: Display: Worker (9/13): shaders left to compile 321
[2021.05.07-16.53.21:406][  0]LogShaderCompilers: Display: Worker (5/13): shaders left to compile 320
[2021.05.07-16.53.21:406][  0]LogShaderCompilers: Display: Worker (8/13): shaders left to compile 319
[2021.05.07-16.53.21:406][  0]LogShaderCompilers: Display: Worker (11/13): shaders left to compile 318
[2021.05.07-16.53.21:406][  0]LogShaderCompilers: Display: Worker (6/13): shaders left to compile 317
[2021.05.07-16.53.21:406][  0]LogShaderCompilers: Display: Worker (10/13): shaders left to compile 316
[2021.05.07-16.53.21:406][  0]LogShaderCompilers: Display: Worker (2/13): shaders left to compile 315
[2021.05.07-16.53.21:406][  0]LogShaderCompilers: Display: Worker (4/13): shaders left to compile 314
[2021.05.07-16.53.21:406][  0]LogShaderCompilers: Display: Worker (13/13): shaders left to compile 313
[2021.05.07-16.53.21:406][  0]LogShaderCompilers: Display: Worker (1/13): shaders left to compile 312
[2021.05.07-16.53.21:406][  0]LogShaderCompilers: Display: Worker (9/13): shaders left to compile 311
[2021.05.07-16.53.21:406][  0]LogShaderCompilers: Display: Worker (5/13): shaders left to compile 310
[2021.05.07-16.53.21:406][  0]LogShaderCompilers: Display: Worker (11/13): shaders left to compile 309
[2021.05.07-16.53.21:406][  0]LogShaderCompilers: Display: Worker (3/13): shaders left to compile 308
[2021.05.07-16.53.21:406][  0]LogShaderCompilers: Display: Worker (6/13): shaders left to compile 307
[2021.05.07-16.53.21:406][  0]LogShaderCompilers: Display: Worker (10/13): shaders left to compile 306
[2021.05.07-16.53.21:406][  0]LogShaderCompilers: Display: Worker (12/13): shaders left to compile 305
[2021.05.07-16.53.21:406][  0]LogShaderCompilers: Display: Worker (2/13): shaders left to compile 304
[2021.05.07-16.53.21:406][  0]LogShaderCompilers: Display: Worker (4/13): shaders left to compile 303
[2021.05.07-16.53.21:406][  0]LogShaderCompilers: Display: Worker (8/13): shaders left to compile 302
[2021.05.07-16.53.21:406][  0]LogShaderCompilers: Display: Worker (13/13): shaders left to compile 301
[2021.05.07-16.53.21:406][  0]LogShaderCompilers: Display: Worker (1/13): shaders left to compile 300
[2021.05.07-16.53.21:406][  0]LogShaderCompilers: Display: Worker (5/13): shaders left to compile 299
[2021.05.07-16.53.21:406][  0]LogShaderCompilers: Display: Worker (9/13): shaders left to compile 298
[2021.05.07-16.53.21:406][  0]LogShaderCompilers: Display: Worker (11/13): shaders left to compile 297
[2021.05.07-16.53.21:406][  0]LogShaderCompilers: Display: Worker (6/13): shaders left to compile 296
[2021.05.07-16.53.21:406][  0]LogShaderCompilers: Display: Worker (10/13): shaders left to compile 295
[2021.05.07-16.53.21:406][  0]LogShaderCompilers: Display: Worker (12/13): shaders left to compile 294
[2021.05.07-16.53.21:406][  0]LogShaderCompilers: Display: Worker (3/13): shaders left to compile 293
[2021.05.07-16.53.21:406][  0]LogShaderCompilers: Display: Worker (8/13): shaders left to compile 292
[2021.05.07-16.53.21:406][  0]LogShaderCompilers: Display: Worker (2/13): shaders left to compile 291
[2021.05.07-16.53.21:406][  0]LogShaderCompilers: Display: Worker (13/13): shaders left to compile 290
[2021.05.07-16.53.21:406][  0]LogShaderCompilers: Display: Worker (1/13): shaders left to compile 289
[2021.05.07-16.53.21:406][  0]LogShaderCompilers: Display: Worker (5/13): shaders left to compile 288
[2021.05.07-16.53.21:406][  0]LogShaderCompilers: Display: Worker (4/13): shaders left to compile 287
[2021.05.07-16.53.21:406][  0]LogShaderCompilers: Display: Worker (9/13): shaders left to compile 286
[2021.05.07-16.53.21:406][  0]LogShaderCompilers: Display: Worker (11/13): shaders left to compile 285
[2021.05.07-16.53.21:406][  0]LogShaderCompilers: Display: Worker (10/13): shaders left to compile 284
[2021.05.07-16.53.21:406][  0]LogShaderCompilers: Display: Worker (12/13): shaders left to compile 283
[2021.05.07-16.53.21:406][  0]LogShaderCompilers: Display: Worker (3/13): shaders left to compile 282
[2021.05.07-16.53.21:406][  0]LogShaderCompilers: Display: Worker (6/13): shaders left to compile 281
[2021.05.07-16.53.21:406][  0]LogShaderCompilers: Display: Worker (2/13): shaders left to compile 280
[2021.05.07-16.53.21:406][  0]LogShaderCompilers: Display: Worker (8/13): shaders left to compile 279
[2021.05.07-16.53.21:406][  0]LogShaderCompilers: Display: Worker (13/13): shaders left to compile 278
[2021.05.07-16.53.21:406][  0]LogShaderCompilers: Display: Worker (1/13): shaders left to compile 277
[2021.05.07-16.53.21:966][  0]LogShaderCompilers: Display: Worker (4/13): shaders left to compile 276
[2021.05.07-16.53.21:966][  0]LogShaderCompilers: Display: Worker (11/13): shaders left to compile 275
[2021.05.07-16.53.21:966][  0]LogShaderCompilers: Display: Worker (9/13): shaders left to compile 274
[2021.05.07-16.53.21:966][  0]LogShaderCompilers: Display: Worker (10/13): shaders left to compile 273
[2021.05.07-16.53.21:966][  0]LogShaderCompilers: Display: Worker (12/13): shaders left to compile 272
[2021.05.07-16.53.21:966][  0]LogShaderCompilers: Display: Worker (5/13): shaders left to compile 271
[2021.05.07-16.53.21:966][  0]LogShaderCompilers: Display: Worker (3/13): shaders left to compile 270
[2021.05.07-16.53.21:966][  0]LogShaderCompilers: Display: Worker (6/13): shaders left to compile 269
[2021.05.07-16.53.21:966][  0]LogShaderCompilers: Display: Worker (8/13): shaders left to compile 268
[2021.05.07-16.53.21:966][  0]LogShaderCompilers: Display: Worker (13/13): shaders left to compile 267
[2021.05.07-16.53.21:966][  0]LogShaderCompilers: Display: Worker (1/13): shaders left to compile 266
[2021.05.07-16.53.21:966][  0]LogShaderCompilers: Display: Worker (2/13): shaders left to compile 265
[2021.05.07-16.53.21:966][  0]LogShaderCompilers: Display: Worker (4/13): shaders left to compile 264
[2021.05.07-16.53.21:966][  0]LogShaderCompilers: Display: Worker (9/13): shaders left to compile 263
[2021.05.07-16.53.21:966][  0]LogShaderCompilers: Display: Worker (11/13): shaders left to compile 262
[2021.05.07-16.53.21:966][  0]LogShaderCompilers: Display: Worker (10/13): shaders left to compile 261
[2021.05.07-16.53.21:966][  0]LogShaderCompilers: Display: Worker (12/13): shaders left to compile 260
[2021.05.07-16.53.21:966][  0]LogShaderCompilers: Display: Worker (5/13): shaders left to compile 259
[2021.05.07-16.53.21:966][  0]LogShaderCompilers: Display: Worker (3/13): shaders left to compile 258
[2021.05.07-16.53.21:966][  0]LogShaderCompilers: Display: Worker (6/13): shaders left to compile 257
[2021.05.07-16.53.21:966][  0]LogShaderCompilers: Display: Worker (8/13): shaders left to compile 256
[2021.05.07-16.53.21:966][  0]LogShaderCompilers: Display: Worker (13/13): shaders left to compile 255
[2021.05.07-16.53.21:966][  0]LogShaderCompilers: Display: Worker (1/13): shaders left to compile 254
[2021.05.07-16.53.21:966][  0]LogShaderCompilers: Display: Worker (2/13): shaders left to compile 253
[2021.05.07-16.53.21:966][  0]LogShaderCompilers: Display: Worker (4/13): shaders left to compile 252
[2021.05.07-16.53.21:966][  0]LogShaderCompilers: Display: Worker (9/13): shaders left to compile 251
[2021.05.07-16.53.21:966][  0]LogShaderCompilers: Display: Worker (11/13): shaders left to compile 250
[2021.05.07-16.53.21:966][  0]LogShaderCompilers: Display: Worker (10/13): shaders left to compile 249
[2021.05.07-16.53.21:966][  0]LogShaderCompilers: Display: Worker (5/13): shaders left to compile 248
[2021.05.07-16.53.21:966][  0]LogShaderCompilers: Display: Worker (12/13): shaders left to compile 247
[2021.05.07-16.53.21:966][  0]LogShaderCompilers: Display: Worker (13/13): shaders left to compile 246
[2021.05.07-16.53.21:966][  0]LogShaderCompilers: Display: Worker (3/13): shaders left to compile 245
[2021.05.07-16.53.21:966][  0]LogShaderCompilers: Display: Worker (6/13): shaders left to compile 244
[2021.05.07-16.53.21:966][  0]LogShaderCompilers: Display: Worker (8/13): shaders left to compile 243
[2021.05.07-16.53.21:966][  0]LogShaderCompilers: Display: Worker (1/13): shaders left to compile 242
[2021.05.07-16.53.21:966][  0]LogShaderCompilers: Display: Worker (2/13): shaders left to compile 241
[2021.05.07-16.53.21:966][  0]LogShaderCompilers: Display: Worker (4/13): shaders left to compile 240
[2021.05.07-16.53.21:966][  0]LogShaderCompilers: Display: Worker (10/13): shaders left to compile 239
[2021.05.07-16.53.21:966][  0]LogShaderCompilers: Display: Worker (11/13): shaders left to compile 238
[2021.05.07-16.53.21:966][  0]LogShaderCompilers: Display: Worker (9/13): shaders left to compile 237
[2021.05.07-16.53.21:966][  0]LogShaderCompilers: Display: Worker (12/13): shaders left to compile 236
[2021.05.07-16.53.21:966][  0]LogShaderCompilers: Display: Worker (13/13): shaders left to compile 235
[2021.05.07-16.53.21:966][  0]LogShaderCompilers: Display: Worker (5/13): shaders left to compile 234
[2021.05.07-16.53.21:966][  0]LogShaderCompilers: Display: Worker (6/13): shaders left to compile 233
[2021.05.07-16.53.21:966][  0]LogShaderCompilers: Display: Worker (3/13): shaders left to compile 232
[2021.05.07-16.53.21:966][  0]LogShaderCompilers: Display: Worker (1/13): shaders left to compile 231
[2021.05.07-16.53.21:966][  0]LogShaderCompilers: Display: Worker (8/13): shaders left to compile 230
[2021.05.07-16.53.21:966][  0]LogShaderCompilers: Display: Worker (4/13): shaders left to compile 229
[2021.05.07-16.53.22:528][  0]LogShaderCompilers: Display: Worker (2/13): shaders left to compile 228
[2021.05.07-16.53.22:528][  0]LogShaderCompilers: Display: Worker (11/13): shaders left to compile 227
[2021.05.07-16.53.22:528][  0]LogShaderCompilers: Display: Worker (10/13): shaders left to compile 226
[2021.05.07-16.53.22:528][  0]LogShaderCompilers: Display: Worker (9/13): shaders left to compile 225
[2021.05.07-16.53.22:528][  0]LogShaderCompilers: Display: Worker (6/13): shaders left to compile 224
[2021.05.07-16.53.22:528][  0]LogShaderCompilers: Display: Worker (3/13): shaders left to compile 223
[2021.05.07-16.53.22:528][  0]LogShaderCompilers: Display: Worker (1/13): shaders left to compile 222
[2021.05.07-16.53.22:528][  0]LogShaderCompilers: Display: Worker (8/13): shaders left to compile 221
[2021.05.07-16.53.22:528][  0]LogShaderCompilers: Display: Worker (2/13): shaders left to compile 220
[2021.05.07-16.53.22:528][  0]LogShaderCompilers: Display: Worker (4/13): shaders left to compile 219
[2021.05.07-16.53.22:528][  0]LogShaderCompilers: Display: Worker (12/13): shaders left to compile 218
[2021.05.07-16.53.22:528][  0]LogShaderCompilers: Display: Worker (13/13): shaders left to compile 217
[2021.05.07-16.53.22:528][  0]LogShaderCompilers: Display: Worker (5/13): shaders left to compile 216
[2021.05.07-16.53.22:528][  0]LogShaderCompilers: Display: Worker (11/13): shaders left to compile 215
[2021.05.07-16.53.22:528][  0]LogShaderCompilers: Display: Worker (10/13): shaders left to compile 214
[2021.05.07-16.53.22:528][  0]LogShaderCompilers: Display: Worker (9/13): shaders left to compile 213
[2021.05.07-16.53.22:528][  0]LogShaderCompilers: Display: Worker (6/13): shaders left to compile 212
[2021.05.07-16.53.22:528][  0]LogShaderCompilers: Display: Worker (3/13): shaders left to compile 211
[2021.05.07-16.53.22:528][  0]LogShaderCompilers: Display: Worker (8/13): shaders left to compile 210
[2021.05.07-16.53.22:528][  0]LogShaderCompilers: Display: Worker (11/13): shaders left to compile 209
[2021.05.07-16.53.22:528][  0]LogShaderCompilers: Display: Worker (1/13): shaders left to compile 208
[2021.05.07-16.53.22:528][  0]LogShaderCompilers: Display: Worker (9/13): shaders left to compile 207
[2021.05.07-16.53.22:528][  0]LogShaderCompilers: Display: Worker (10/13): shaders left to compile 206
[2021.05.07-16.53.22:528][  0]LogShaderCompilers: Display: Worker (2/13): shaders left to compile 205
[2021.05.07-16.53.22:528][  0]LogShaderCompilers: Display: Worker (12/13): shaders left to compile 204
[2021.05.07-16.53.22:528][  0]LogShaderCompilers: Display: Worker (13/13): shaders left to compile 203
[2021.05.07-16.53.22:528][  0]LogShaderCompilers: Display: Worker (4/13): shaders left to compile 202
[2021.05.07-16.53.22:528][  0]LogShaderCompilers: Display: Worker (5/13): shaders left to compile 201
[2021.05.07-16.53.22:528][  0]LogShaderCompilers: Display: Worker (11/13): shaders left to compile 200
[2021.05.07-16.53.22:528][  0]LogShaderCompilers: Display: Worker (3/13): shaders left to compile 199
[2021.05.07-16.53.22:528][  0]LogShaderCompilers: Display: Worker (6/13): shaders left to compile 198
[2021.05.07-16.53.22:528][  0]LogShaderCompilers: Display: Worker (9/13): shaders left to compile 197
[2021.05.07-16.53.22:528][  0]LogShaderCompilers: Display: Worker (1/13): shaders left to compile 196
[2021.05.07-16.53.22:528][  0]LogShaderCompilers: Display: Worker (2/13): shaders left to compile 195
[2021.05.07-16.53.22:528][  0]LogShaderCompilers: Display: Worker (10/13): shaders left to compile 194
[2021.05.07-16.53.22:528][  0]LogShaderCompilers: Display: Worker (13/13): shaders left to compile 193
[2021.05.07-16.53.22:528][  0]LogShaderCompilers: Display: Worker (4/13): shaders left to compile 192
[2021.05.07-16.53.22:528][  0]LogShaderCompilers: Display: Worker (5/13): shaders left to compile 191
[2021.05.07-16.53.22:528][  0]LogShaderCompilers: Display: Worker (12/13): shaders left to compile 190
[2021.05.07-16.53.22:528][  0]LogShaderCompilers: Display: Worker (11/13): shaders left to compile 189
[2021.05.07-16.53.22:528][  0]LogShaderCompilers: Display: Worker (9/13): shaders left to compile 188
[2021.05.07-16.53.22:528][  0]LogShaderCompilers: Display: Worker (3/13): shaders left to compile 187
[2021.05.07-16.53.22:528][  0]LogShaderCompilers: Display: Worker (6/13): shaders left to compile 186
[2021.05.07-16.53.22:528][  0]LogShaderCompilers: Display: Worker (10/13): shaders left to compile 185
[2021.05.07-16.53.22:528][  0]LogShaderCompilers: Display: Worker (13/13): shaders left to compile 184
[2021.05.07-16.53.22:528][  0]LogShaderCompilers: Display: Worker (1/13): shaders left to compile 183
[2021.05.07-16.53.22:528][  0]LogShaderCompilers: Display: Worker (2/13): shaders left to compile 182
[2021.05.07-16.53.22:528][  0]LogShaderCompilers: Display: Worker (5/13): shaders left to compile 181
[2021.05.07-16.53.22:528][  0]LogShaderCompilers: Display: Worker (12/13): shaders left to compile 180
[2021.05.07-16.53.22:528][  0]LogShaderCompilers: Display: Worker (4/13): shaders left to compile 179
[2021.05.07-16.53.22:528][  0]LogShaderCompilers: Display: Worker (11/13): shaders left to compile 178
[2021.05.07-16.53.23:086][  0]LogShaderCompilers: Display: Worker (9/13): shaders left to compile 177
[2021.05.07-16.53.23:086][  0]LogShaderCompilers: Display: Worker (6/13): shaders left to compile 176
[2021.05.07-16.53.23:086][  0]LogShaderCompilers: Display: Worker (3/13): shaders left to compile 175
[2021.05.07-16.53.23:086][  0]LogShaderCompilers: Display: Worker (2/13): shaders left to compile 174
[2021.05.07-16.53.23:086][  0]LogShaderCompilers: Display: Worker (13/13): shaders left to compile 173
[2021.05.07-16.53.23:086][  0]LogShaderCompilers: Display: Worker (1/13): shaders left to compile 172
[2021.05.07-16.53.23:086][  0]LogShaderCompilers: Display: Worker (5/13): shaders left to compile 171
[2021.05.07-16.53.23:086][  0]LogShaderCompilers: Display: Worker (10/13): shaders left to compile 170
[2021.05.07-16.53.23:086][  0]LogShaderCompilers: Display: Worker (12/13): shaders left to compile 169
[2021.05.07-16.53.23:086][  0]LogShaderCompilers: Display: Worker (4/13): shaders left to compile 168
[2021.05.07-16.53.23:086][  0]LogShaderCompilers: Display: Worker (11/13): shaders left to compile 167
[2021.05.07-16.53.23:086][  0]LogShaderCompilers: Display: Worker (9/13): shaders left to compile 166
[2021.05.07-16.53.23:086][  0]LogShaderCompilers: Display: Worker (6/13): shaders left to compile 165
[2021.05.07-16.53.23:086][  0]LogShaderCompilers: Display: Worker (5/13): shaders left to compile 164
[2021.05.07-16.53.23:086][  0]LogShaderCompilers: Display: Worker (2/13): shaders left to compile 163
[2021.05.07-16.53.23:086][  0]LogShaderCompilers: Display: Worker (1/13): shaders left to compile 162
[2021.05.07-16.53.23:086][  0]LogShaderCompilers: Display: Worker (3/13): shaders left to compile 161
[2021.05.07-16.53.23:086][  0]LogShaderCompilers: Display: Worker (10/13): shaders left to compile 160
[2021.05.07-16.53.23:086][  0]LogShaderCompilers: Display: Worker (12/13): shaders left to compile 159
[2021.05.07-16.53.23:086][  0]LogShaderCompilers: Display: Worker (13/13): shaders left to compile 158
[2021.05.07-16.53.23:086][  0]LogShaderCompilers: Display: Worker (8/13): shaders left to compile 157
[2021.05.07-16.53.23:086][  0]LogShaderCompilers: Display: Worker (4/13): shaders left to compile 156
[2021.05.07-16.53.23:086][  0]LogShaderCompilers: Display: Worker (11/13): shaders left to compile 155
[2021.05.07-16.53.23:086][  0]LogShaderCompilers: Display: Worker (9/13): shaders left to compile 154
[2021.05.07-16.53.23:086][  0]LogShaderCompilers: Display: Worker (6/13): shaders left to compile 153
[2021.05.07-16.53.23:086][  0]LogShaderCompilers: Display: Worker (12/13): shaders left to compile 152
[2021.05.07-16.53.23:086][  0]LogShaderCompilers: Display: Worker (5/13): shaders left to compile 151
[2021.05.07-16.53.23:086][  0]LogShaderCompilers: Display: Worker (10/13): shaders left to compile 150
[2021.05.07-16.53.23:086][  0]LogShaderCompilers: Display: Worker (3/13): shaders left to compile 149
[2021.05.07-16.53.23:086][  0]LogShaderCompilers: Display: Worker (4/13): shaders left to compile 148
[2021.05.07-16.53.23:086][  0]LogShaderCompilers: Display: Worker (8/13): shaders left to compile 147
[2021.05.07-16.53.23:086][  0]LogShaderCompilers: Display: Worker (13/13): shaders left to compile 146
[2021.05.07-16.53.23:086][  0]LogShaderCompilers: Display: Worker (2/13): shaders left to compile 145
[2021.05.07-16.53.23:086][  0]LogShaderCompilers: Display: Worker (1/13): shaders left to compile 144
[2021.05.07-16.53.23:086][  0]LogShaderCompilers: Display: Worker (11/13): shaders left to compile 143
[2021.05.07-16.53.23:086][  0]LogShaderCompilers: Display: Worker (9/13): shaders left to compile 142
[2021.05.07-16.53.23:086][  0]LogShaderCompilers: Display: Worker (6/13): shaders left to compile 141
[2021.05.07-16.53.23:086][  0]LogShaderCompilers: Display: Worker (10/13): shaders left to compile 140
[2021.05.07-16.53.23:086][  0]LogShaderCompilers: Display: Worker (5/13): shaders left to compile 139
[2021.05.07-16.53.23:086][  0]LogShaderCompilers: Display: Worker (12/13): shaders left to compile 138
[2021.05.07-16.53.23:086][  0]LogShaderCompilers: Display: Worker (3/13): shaders left to compile 137
[2021.05.07-16.53.23:086][  0]LogShaderCompilers: Display: Worker (13/13): shaders left to compile 136
[2021.05.07-16.53.23:086][  0]LogShaderCompilers: Display: Worker (4/13): shaders left to compile 135
[2021.05.07-16.53.23:086][  0]LogShaderCompilers: Display: Worker (11/13): shaders left to compile 134
[2021.05.07-16.53.23:086][  0]LogShaderCompilers: Display: Worker (1/13): shaders left to compile 133
[2021.05.07-16.53.23:086][  0]LogShaderCompilers: Display: Worker (2/13): shaders left to compile 132
[2021.05.07-16.53.23:086][  0]LogShaderCompilers: Display: Worker (8/13): shaders left to compile 131
[2021.05.07-16.53.23:086][  0]LogShaderCompilers: Display: Worker (9/13): shaders left to compile 130
[2021.05.07-16.53.23:086][  0]LogShaderCompilers: Display: Worker (4/13): shaders left to compile 129
[2021.05.07-16.53.23:086][  0]LogShaderCompilers: Display: Worker (11/13): shaders left to compile 128
[2021.05.07-16.53.23:086][  0]LogShaderCompilers: Display: Worker (13/13): shaders left to compile 127
[2021.05.07-16.53.23:086][  0]LogShaderCompilers: Display: Worker (1/13): shaders left to compile 126
[2021.05.07-16.53.23:086][  0]LogShaderCompilers: Display: Worker (2/13): shaders left to compile 125
[2021.05.07-16.53.23:086][  0]LogShaderCompilers: Display: Worker (8/13): shaders left to compile 124
[2021.05.07-16.53.23:644][  0]LogShaderCompilers: Display: Worker (9/13): shaders left to compile 123
[2021.05.07-16.53.23:644][  0]LogShaderCompilers: Display: Worker (4/13): shaders left to compile 122
[2021.05.07-16.53.23:644][  0]LogShaderCompilers: Display: Worker (11/13): shaders left to compile 121
[2021.05.07-16.53.23:644][  0]LogShaderCompilers: Display: Worker (13/13): shaders left to compile 120
[2021.05.07-16.53.23:644][  0]LogShaderCompilers: Display: Worker (1/13): shaders left to compile 119
[2021.05.07-16.53.23:644][  0]LogShaderCompilers: Display: Worker (2/13): shaders left to compile 118
[2021.05.07-16.53.23:644][  0]LogShaderCompilers: Display: Worker (9/13): shaders left to compile 117
[2021.05.07-16.53.23:644][  0]LogShaderCompilers: Display: Worker (8/13): shaders left to compile 116
[2021.05.07-16.53.23:644][  0]LogShaderCompilers: Display: Worker (6/13): shaders left to compile 115
[2021.05.07-16.53.23:644][  0]LogShaderCompilers: Display: Worker (4/13): shaders left to compile 114
[2021.05.07-16.53.23:644][  0]LogShaderCompilers: Display: Worker (5/13): shaders left to compile 113
[2021.05.07-16.53.23:644][  0]LogShaderCompilers: Display: Worker (11/13): shaders left to compile 112
[2021.05.07-16.53.23:644][  0]LogShaderCompilers: Display: Worker (13/13): shaders left to compile 111
[2021.05.07-16.53.23:644][  0]LogShaderCompilers: Display: Worker (1/13): shaders left to compile 110
[2021.05.07-16.53.23:644][  0]LogShaderCompilers: Display: Worker (2/13): shaders left to compile 109
[2021.05.07-16.53.23:644][  0]LogShaderCompilers: Display: Worker (10/13): shaders left to compile 108
[2021.05.07-16.53.23:644][  0]LogShaderCompilers: Display: Worker (8/13): shaders left to compile 107
[2021.05.07-16.53.23:644][  0]LogShaderCompilers: Display: Worker (9/13): shaders left to compile 106
[2021.05.07-16.53.23:644][  0]LogShaderCompilers: Display: Worker (12/13): shaders left to compile 105
[2021.05.07-16.53.23:644][  0]LogShaderCompilers: Display: Worker (3/13): shaders left to compile 104
[2021.05.07-16.53.23:644][  0]LogShaderCompilers: Display: Worker (6/13): shaders left to compile 103
[2021.05.07-16.53.23:644][  0]LogShaderCompilers: Display: Worker (4/13): shaders left to compile 102
[2021.05.07-16.53.23:644][  0]LogShaderCompilers: Display: Worker (5/13): shaders left to compile 101
[2021.05.07-16.53.23:644][  0]LogShaderCompilers: Display: Worker (11/13): shaders left to compile 100
[2021.05.07-16.53.23:644][  0]LogShaderCompilers: Display: Worker (2/13): shaders left to compile 99
[2021.05.07-16.53.23:644][  0]LogShaderCompilers: Display: Worker (9/13): shaders left to compile 98
[2021.05.07-16.53.23:644][  0]LogShaderCompilers: Display: Worker (10/13): shaders left to compile 97
[2021.05.07-16.53.23:644][  0]LogShaderCompilers: Display: Worker (13/13): shaders left to compile 96
[2021.05.07-16.53.23:644][  0]LogShaderCompilers: Display: Worker (1/13): shaders left to compile 95
[2021.05.07-16.53.23:644][  0]LogShaderCompilers: Display: Worker (3/13): shaders left to compile 94
[2021.05.07-16.53.23:644][  0]LogShaderCompilers: Display: Worker (8/13): shaders left to compile 93
[2021.05.07-16.53.23:644][  0]LogShaderCompilers: Display: Worker (12/13): shaders left to compile 92
[2021.05.07-16.53.23:644][  0]LogShaderCompilers: Display: Worker (6/13): shaders left to compile 91
[2021.05.07-16.53.23:644][  0]LogShaderCompilers: Display: Worker (4/13): shaders left to compile 90
[2021.05.07-16.53.23:644][  0]LogShaderCompilers: Display: Worker (10/13): shaders left to compile 89
[2021.05.07-16.53.23:644][  0]LogShaderCompilers: Display: Worker (11/13): shaders left to compile 88
[2021.05.07-16.53.23:644][  0]LogShaderCompilers: Display: Worker (13/13): shaders left to compile 87
[2021.05.07-16.53.23:644][  0]LogShaderCompilers: Display: Worker (2/13): shaders left to compile 86
[2021.05.07-16.53.23:644][  0]LogShaderCompilers: Display: Worker (5/13): shaders left to compile 85
[2021.05.07-16.53.23:644][  0]LogShaderCompilers: Display: Worker (1/13): shaders left to compile 84
[2021.05.07-16.53.23:644][  0]LogShaderCompilers: Display: Worker (8/13): shaders left to compile 83
[2021.05.07-16.53.23:644][  0]LogShaderCompilers: Display: Worker (9/13): shaders left to compile 82
[2021.05.07-16.53.23:644][  0]LogShaderCompilers: Display: Worker (12/13): shaders left to compile 81
[2021.05.07-16.53.23:644][  0]LogShaderCompilers: Display: Worker (3/13): shaders left to compile 80
[2021.05.07-16.53.23:644][  0]LogShaderCompilers: Display: Worker (6/13): shaders left to compile 79
[2021.05.07-16.53.23:644][  0]LogShaderCompilers: Display: Worker (4/13): shaders left to compile 78
[2021.05.07-16.53.23:644][  0]LogShaderCompilers: Display: Worker (10/13): shaders left to compile 77
[2021.05.07-16.53.23:644][  0]LogShaderCompilers: Display: Worker (13/13): shaders left to compile 76
[2021.05.07-16.53.23:644][  0]LogShaderCompilers: Display: Worker (1/13): shaders left to compile 75
[2021.05.07-16.53.23:644][  0]LogShaderCompilers: Display: Worker (2/13): shaders left to compile 74
[2021.05.07-16.53.23:644][  0]LogShaderCompilers: Display: Worker (5/13): shaders left to compile 73
[2021.05.07-16.53.23:644][  0]LogShaderCompilers: Display: Worker (11/13): shaders left to compile 72
[2021.05.07-16.53.23:644][  0]LogShaderCompilers: Display: Worker (3/13): shaders left to compile 71
[2021.05.07-16.53.23:644][  0]LogShaderCompilers: Display: Worker (8/13): shaders left to compile 70
[2021.05.07-16.53.23:644][  0]LogShaderCompilers: Display: Worker (9/13): shaders left to compile 69
[2021.05.07-16.53.23:644][  0]LogShaderCompilers: Display: Worker (12/13): shaders left to compile 68
[2021.05.07-16.53.23:644][  0]LogShaderCompilers: Display: Worker (6/13): shaders left to compile 67
[2021.05.07-16.53.23:644][  0]LogShaderCompilers: Display: Worker (4/13): shaders left to compile 66
