  Using 'git status' to determine working set for adaptive non-unity build (C:\Users\Vari\Desktop\VRExpPluginExample-4.25-Locked).
  Invalidating makefile for VRExpPluginExampleEditor (Module.VRExpansionPlugin.1_of_4.cpp modified)
  Parsing headers for VRExpPluginExampleEditor
    Running UnrealHeaderTool "C:\Users\Vari\Desktop\VRExpPluginExample-4.25-Locked\VRExpPluginExample.uproject" "C:\Users\Vari\Desktop\VRExpPluginExample-4.25-Locked\Intermediate\Build\Win64\VRExpPluginExampleEditor\Development\VRExpPluginExampleEditor.uhtmanifest" -LogCmds="loginit warning, logexit warning, logdatabase error" -Unattended -WarningsAsErrors -abslog="C:\Users\Vari\AppData\Local\UnrealBuildTool\Log_UHT.txt" -installed
  Reflection code generated for VRExpPluginExampleEditor in 15.0543749 seconds
  Building VRExpPluginExampleEditor...
  Using Visual Studio 2019 14.28.29913 toolchain (C:\Program Files (x86)\Microsoft Visual Studio\2019\Community\VC\Tools\MSVC\14.28.29910) and Windows 10.0.19041.0 SDK (C:\Program Files (x86)\Windows Kits\10).
  Building 23 actions with 16 processes...
    [1/23] Module.VRExpansionPlugin.gen.9_of_12.cpp
    [2/23] Module.VRExpansionPlugin.gen.1_of_12.cpp
    [3/23] Module.VRExpansionPlugin.gen.6_of_12.cpp
    [4/23] Module.VRExpansionPlugin.gen.10_of_12.cpp
    [5/23] Module.VRExpansionPlugin.gen.4_of_12.cpp
    [6/23] Module.VRExpansionPlugin.gen.2_of_12.cpp
    [7/23] Module.VRExpansionPlugin.gen.3_of_12.cpp
    [8/23] Module.OpenVRExpansionPlugin.gen.cpp
    [9/23] Module.VRExpansionPlugin.gen.8_of_12.cpp
    [10/23] Module.VRExpansionPlugin.gen.12_of_12.cpp
    [11/23] Module.OpenVRExpansionPlugin.cpp
    [12/23] Module.VRExpansionPlugin.gen.7_of_12.cpp
    [13/23] UE4Editor-OpenVRExpansionPlugin.lib
       Creating library C:\Users\Vari\Desktop\VRExpPluginExample-4.25-Locked\Plugins\VRExpansionPlugin\OpenVRExpansionPlugin\Intermediate\Build\Win64\UE4Editor\Development\OpenVRExpansionPlugin\UE4Editor-OpenVRExpansionPlugin.lib and object C:\Users\Vari\Desktop\VRExpPluginExample-4.25-Locked\Plugins\VRExpansionPlugin\OpenVRExpansionPlugin\Intermediate\Build\Win64\UE4Editor\Development\OpenVRExpansionPlugin\UE4Editor-OpenVRExpansionPlugin.exp
    [14/23] Module.VRExpansionPlugin.gen.5_of_12.cpp
    [15/23] UE4Editor-OpenVRExpansionPlugin.dll
       Creating library C:\Users\Vari\Desktop\VRExpPluginExample-4.25-Locked\Plugins\VRExpansionPlugin\OpenVRExpansionPlugin\Intermediate\Build\Win64\UE4Editor\Development\OpenVRExpansionPlugin\UE4Editor-OpenVRExpansionPlugin.suppressed.lib and object C:\Users\Vari\Desktop\VRExpPluginExample-4.25-Locked\Plugins\VRExpansionPlugin\OpenVRExpansionPlugin\Intermediate\Build\Win64\UE4Editor\Development\OpenVRExpansionPlugin\UE4Editor-OpenVRExpansionPlugin.suppressed.exp
    [16/23] Module.VRExpansionPlugin.4_of_4.cpp
    [17/23] Module.VRExpansionPlugin.gen.11_of_12.cpp
    [18/23] Module.VRExpansionPlugin.3_of_4.cpp
    [19/23] Module.VRExpansionPlugin.1_of_4.cpp
    [20/23] Module.VRExpansionPlugin.2_of_4.cpp
    [21/23] UE4Editor-VRExpansionPlugin.lib
       Creating library C:\Users\Vari\Desktop\VRExpPluginExample-4.25-Locked\Plugins\VRExpansionPlugin\VRExpansionPlugin\Intermediate\Build\Win64\UE4Editor\Development\VRExpansionPlugin\UE4Editor-VRExpansionPlugin.lib and object C:\Users\Vari\Desktop\VRExpPluginExample-4.25-Locked\Plugins\VRExpansionPlugin\VRExpansionPlugin\Intermediate\Build\Win64\UE4Editor\Development\VRExpansionPlugin\UE4Editor-VRExpansionPlugin.exp
    [22/23] UE4Editor-VRExpansionPlugin.dll
       Creating library C:\Users\Vari\Desktop\VRExpPluginExample-4.25-Locked\Plugins\VRExpansionPlugin\VRExpansionPlugin\Intermediate\Build\Win64\UE4Editor\Development\VRExpansionPlugin\UE4Editor-VRExpansionPlugin.suppressed.lib and object C:\Users\Vari\Desktop\VRExpPluginExample-4.25-Locked\Plugins\VRExpansionPlugin\VRExpansionPlugin\Intermediate\Build\Win64\UE4Editor\Development\VRExpansionPlugin\UE4Editor-VRExpansionPlugin.suppressed.exp
    [23/23] VRExpPluginExampleEditor.target
  Total time in Parallel executor: 22.76 seconds
  Total execution time: 39.63 seconds
